The 1th Row
	      TIME	    NRiter	    LSiter	       FPR	      FOPR	      FOPT	      FGPR	      FGPT	      FWPR	      FWPT
	       DAY	          	          	      PSIA	   STB/DAY	       STB	  MSCF/DAY	      MSCF	   STB/DAY	       STB
	          	          	          	          	          	          	          	          	          	          
	         1	         3	         6	   4799.56	     20000	     20000	     25400	     25400	 0.0014883	 0.0014883
	         2	         5	        10	   4805.15	     20000	     40000	     25400	     50800	0.00238031	 0.0038686
	   3.07751	         6	        12	   4812.43	   20000.1	   61550.2	   25400.2	   78168.8	0.00303002	0.00713346
	         4	         7	        14	   4813.34	     20000	   80000.2	   25400.1	    101600	0.00343263	    0.0103
	         5	         8	        17	   4816.61	     20000	    100000	     25400	    127000	0.00378461	 0.0140847
	         7	         9	        20	   4823.26	   20000.1	    140000	   25400.1	    177800	 0.0042924	 0.0226694
	        11	        11	        26	   4840.58	     20000	    220000	     25400	    279400	0.00493768	 0.0424202
	        13	        12	        29	    4847.9	     20000	    260000	     25400	    330201	0.00520954	 0.0528393
	        14	        13	        31	   4851.36	   19981.9	    279982	   25326.4	    355527	0.00480341	 0.0576427
	        16	        14	        34	   4859.14	   20027.1	    320037	   25322.1	    406171	0.00540305	 0.0684488
	        20	        16	        40	   4876.65	   19995.9	    400020	   25098.8	    506566	0.00559646	 0.0908346
	        28	        18	        46	   4908.46	   19987.3	    559919	   24794.3	    704921	0.00591415	  0.138148
	        38	        21	        54	   4948.46	   20000.3	    759921	   24589.4	    950814	0.00617304	  0.199878
	        42	        22	        56	   4962.17	   20035.1	    840062	   24809.7	1.05005e+06	0.00626929	  0.224955
	        43	        23	        58	   4964.44	   20008.1	    860070	   24816.8	1.07487e+06	0.00628798	  0.231243
	        45	        24	        60	   4971.01	   20015.2	    900100	   24894.6	1.12466e+06	 0.0063289	  0.243901
	        49	        25	        62	   4984.34	   20022.8	    980191	   24998.1	1.22465e+06	 0.0063892	  0.269458
	        50	        26	        63	   4986.75	   20005.2	1.0002e+06	   24997.4	1.24965e+06	0.00639913	  0.275857
	        51	        27	        65	   4990.24	   20004.9	1.0202e+06	   25016.4	1.27466e+06	0.00641163	  0.282269
	        53	        28	        67	   4996.94	     20008	1.06022e+06	   25049.6	1.32476e+06	0.00643318	  0.295135
	        57	        29	        70	   5011.96	   20009.2	1.14025e+06	   25076.3	1.42507e+06	0.00645713	  0.320964
	        65	        31	        76	   5042.85	   20000.9	1.30026e+06	   25017.8	1.62521e+06	 0.0064346	   0.37244
	        75	        33	        82	   5075.31	   20004.6	1.50031e+06	   24873.3	1.87394e+06	0.00633017	  0.435742
	        85	        35	        88	   5107.98	   20007.4	1.70038e+06	   24715.6	2.1211e+06	 0.0061679	  0.497421
	        95	        37	        95	   5141.81	   20013.7	1.90052e+06	   24772.7	2.36883e+06	0.00598495	  0.557271
	       105	        39	       101	   5174.07	     20006	2.10058e+06	   24942.9	2.61826e+06	0.00578671	  0.615138
	       115	        41	       106	   5207.23	   20005.6	2.30064e+06	   25130.7	2.86956e+06	0.00558224	   0.67096
	       125	        43	       112	   5242.16	     20006	2.5007e+06	   25327.6	3.12284e+06	0.00537037	  0.724664
	       135	        45	       118	   5276.19	   19997.9	2.70067e+06	   25408.4	3.37692e+06	0.00504627	  0.775127
	       145	        47	       125	   5310.86	   20000.1	2.90068e+06	   25425.3	3.63118e+06	0.00475121	  0.822639
	       155	        49	       131	   5346.14	   20000.1	3.10068e+06	   25437.6	3.88555e+06	0.00449262	  0.867565
	       165	        51	       136	   5382.33	   20000.3	3.30068e+06	     25450	4.14005e+06	0.00423808	  0.909946
	       175	        53	       142	   5415.12	   20000.3	3.50068e+06	   25461.8	4.39467e+06	0.00398791	  0.949825
	   182.625	        54	       144	   5441.39	   19995.9	3.65315e+06	   25465.5	4.58885e+06	0.00378801	  0.978708
	   183.625	        55	       145	   5443.69	   19999.5	3.67315e+06	   25471.3	4.61432e+06	0.00376695	  0.982475
	   185.625	        56	       147	   5449.78	     19999	3.71315e+06	   25472.9	4.66526e+06	0.00371798	  0.989911
	   189.625	        57	       149	   5462.14	   19997.9	3.79314e+06	   25476.3	4.76717e+06	 0.0036181	   1.00438
	   197.625	        58	       151	   5488.07	   19995.8	3.95311e+06	   25483.1	4.97103e+06	0.00341707	   1.03172
	   207.625	        59	       154	   5520.49	   19995.3	4.15306e+06	   25493.1	5.22596e+06	0.00319158	   1.06364
	   217.625	        61	       160	   5552.24	   20000.1	4.35306e+06	   25510.5	5.48107e+06	0.00295717	   1.09321
	   227.625	        63	       165	   5582.01	   20000.5	4.55307e+06	     25522	5.73629e+06	0.00272714	   1.12048
	   237.625	        64	       168	   5611.02	   19995.3	4.75302e+06	     25526	5.99155e+06	0.00249918	   1.14547
	   247.625	        65	       171	   5640.84	   19995.4	4.95297e+06	   25536.6	6.24691e+06	   0.00228	   1.16827
	   257.625	        67	       177	   5671.49	     20000	5.15297e+06	     25553	6.50244e+06	0.00206122	   1.18888
	   267.625	        69	       183	   5702.12	   20000.1	5.35298e+06	   25563.8	6.75808e+06	0.00183198	    1.2072
	   277.625	        71	       188	   5731.23	     20000	5.55298e+06	   25550.3	7.01359e+06	0.00164134	   1.22362
	   287.625	        72	       191	   5761.02	   20000.1	5.75298e+06	   25538.8	7.26897e+06	0.00143544	   1.23797
	   297.625	        74	       197	   5789.18	     20000	5.95298e+06	     25529	7.52426e+06	0.00122065	   1.25018
	   307.625	        75	       200	   5818.38	   20000.1	6.15298e+06	     25521	7.77947e+06	 0.0010052	   1.26023
	   317.625	        76	       203	   5848.71	   20000.1	6.35298e+06	   25514.3	8.03462e+06	0.000781391	   1.26804
	   327.625	        78	       209	   5876.38	     20000	6.55298e+06	   25508.9	8.2897e+06	0.000563616	   1.27368
	   337.625	        79	       212	   5904.96	     20000	6.75298e+06	   25504.7	8.54475e+06	0.000350145	   1.27718
	   347.625	        81	       218	   5932.86	     20000	6.95298e+06	   25501.4	8.79976e+06	0.000139013	   1.27857
	   357.625	        82	       221	   5961.36	   19999.6	7.15297e+06	   25498.6	9.05475e+06	         0	   1.27857
	    365.25	        83	       224	   5982.19	     20000	7.30547e+06	   25497.8	9.24917e+06	         0	   1.27857
	    366.25	        84	       226	   5984.85	     20000	7.32547e+06	   25497.6	9.27467e+06	         0	   1.27857
	    368.25	        85	       228	   5990.45	     20000	7.36547e+06	   25497.3	9.32566e+06	         0	   1.27857
	    372.25	        86	       231	   6001.85	     20000	7.44547e+06	   25496.8	9.42765e+06	         0	   1.27857
	    380.25	        87	       234	   6025.53	     20000	7.60547e+06	   25496.3	9.63162e+06	         0	   1.27857
	    390.25	        88	       237	   6053.92	     20000	7.80547e+06	   25496.2	9.88658e+06	         0	   1.27857
	    400.25	        90	       243	   6078.58	     20000	8.00547e+06	   25496.6	1.01415e+07	         0	   1.27857
	    410.25	        91	       246	   6103.99	     20000	8.20547e+06	   25497.5	1.03965e+07	         0	   1.27857
	    420.25	        92	       249	   6130.13	     20000	8.40547e+06	   25498.7	1.06515e+07	         0	   1.27857
	    430.25	        93	       252	   6157.31	     20000	8.60548e+06	   25499.9	1.09065e+07	         0	   1.27857
	    440.25	        94	       255	    6185.5	     20000	8.80548e+06	   25500.9	1.11615e+07	         0	   1.27857
	    450.25	        95	       258	   6207.86	     20000	9.00548e+06	   25501.4	1.14165e+07	         0	   1.27857
	    460.25	        96	       261	   6232.46	     20000	9.20548e+06	   25501.5	1.16715e+07	         0	   1.27857
	    470.25	        97	       264	    6257.7	     20000	9.40548e+06	   25501.1	1.19266e+07	         0	   1.27857
	    480.25	        98	       267	   6283.59	     20000	9.60548e+06	   25500.1	1.21816e+07	         0	   1.27857
	    490.25	       100	       273	   6306.75	     20000	9.80548e+06	   25498.6	1.24365e+07	         0	   1.27857
	    500.25	       101	       276	   6331.03	     20000	1.00055e+07	   25496.7	1.26915e+07	         0	   1.27857
	    510.25	       102	       279	   6355.56	     20000	1.02055e+07	   25494.4	1.29465e+07	         0	   1.27857
	    520.25	       103	       282	   6377.79	     20000	1.04055e+07	   25491.7	1.32014e+07	         0	   1.27857
	    530.25	       104	       285	   6401.53	     20000	1.06055e+07	   25488.7	1.34563e+07	         0	   1.27857
	    540.25	       105	       288	   6425.06	     20000	1.08055e+07	   25485.5	1.37111e+07	         0	   1.27857
	    550.25	       106	       291	   6450.25	     20000	1.10055e+07	   25482.1	1.39659e+07	         0	   1.27857
	   550.875	       107	       293	   6450.89	     20000	1.1018e+07	   25481.9	1.39819e+07	         0	   1.27857
	   551.875	       108	       295	   6453.16	     20000	1.1038e+07	   25481.6	1.40073e+07	         0	   1.27857
	   553.875	       109	       297	   6457.73	     20000	1.1078e+07	   25480.9	1.40583e+07	         0	   1.27857
	   557.875	       110	       300	   6466.89	     20000	1.1158e+07	   25479.5	1.41602e+07	         0	   1.27857
	   565.875	       111	       303	   6485.57	     20000	1.1318e+07	   25476.7	1.4364e+07	         0	   1.27857
	   575.875	       113	       309	   6508.23	     20000	1.1518e+07	   25473.1	1.46188e+07	         0	   1.27857
	   585.875	       115	       315	    6531.7	     20000	1.1718e+07	   25469.6	1.48735e+07	         0	   1.27857
	   595.875	       117	       321	   6555.33	     20000	1.1918e+07	   25466.2	1.51281e+07	         0	   1.27857
	   605.875	       118	       324	   6578.45	     20000	1.2118e+07	   25463.1	1.53828e+07	         0	   1.27857
	   615.875	       119	       327	   6601.96	     20000	1.2318e+07	   25460.2	1.56374e+07	         0	   1.27857
	   625.875	       121	       333	   6620.66	     20000	1.2518e+07	   25457.7	1.58919e+07	         0	   1.27857
	   635.875	       122	       336	   6641.14	     20000	1.2718e+07	   25456.1	1.61465e+07	         0	   1.27857
	   645.875	       124	       342	    6661.6	     20000	1.2918e+07	   25455.4	1.64011e+07	         0	   1.27857
	   655.875	       125	       345	   6680.83	     20000	1.3118e+07	   25456.1	1.66556e+07	         0	   1.27857
	   665.875	       126	       348	   6699.79	     20000	1.3318e+07	   25457.9	1.69102e+07	         0	   1.27857
	   675.875	       128	       354	   6718.77	     20000	1.3518e+07	   25462.6	1.71648e+07	         0	   1.27857
	   685.875	       129	       357	   6736.93	     20000	1.3718e+07	   25469.1	1.74195e+07	         0	   1.27857
	   695.875	       130	       360	    6755.1	     20000	1.3918e+07	   25477.3	1.76743e+07	         0	   1.27857
	   705.875	       131	       363	   6773.88	     20000	1.4118e+07	   25495.7	1.79292e+07	         0	   1.27857
	   715.875	       133	       368	   6792.76	     20000	1.4318e+07	   25525.2	1.81845e+07	         0	   1.27857
	   725.875	       134	       371	   6810.82	   20000.1	1.4518e+07	   25550.2	 1.844e+07	         0	   1.27857
	     733.5	       135	       374	   6824.42	     20000	1.46705e+07	   25567.6	1.86349e+07	         0	   1.27857
	     734.5	       136	       376	   6826.22	     20000	1.46905e+07	   25580.3	1.86605e+07	         0	   1.27857
	     736.5	       137	       378	   6829.95	   20000.2	1.47305e+07	   25610.8	1.87117e+07	         0	   1.27857
	     740.5	       138	       380	   6837.48	   20001.3	1.48105e+07	   25694.3	1.88145e+07	         0	   1.27857
	     748.5	       139	       383	   6853.23	   20012.7	1.49706e+07	   25960.6	1.90222e+07	         0	   1.27857
	     758.5	       141	       388	   6870.92	   19967.3	1.51703e+07	   25993.9	1.92821e+07	         0	   1.27857
	     768.5	       143	       394	   6887.35	   20001.6	1.53703e+07	   27145.8	1.95536e+07	         0	   1.27857
	     778.5	       145	       399	   6902.32	   20000.2	1.55703e+07	   30008.1	1.98537e+07	         0	   1.27857
	     788.5	       147	       404	   6914.76	   20015.8	1.57704e+07	   35189.6	2.02056e+07	         0	   1.27857
	     798.5	       148	       407	   6924.71	   19881.5	1.59693e+07	   40715.3	2.06127e+07	         0	   1.27857
	     808.5	       149	       410	   6931.95	   19888.9	1.61681e+07	   46513.5	2.10779e+07	         0	   1.27857
	     818.5	       151	       416	   6936.77	   20000.2	1.63681e+07	   52277.3	2.16006e+07	         0	   1.27857
	     828.5	       153	       421	   6939.08	   20000.6	1.65681e+07	   58199.8	2.21826e+07	         0	   1.27857
	     838.5	       154	       424	   6938.51	   19965.7	1.67678e+07	   65037.8	2.2833e+07	         0	   1.27857
	     848.5	       155	       427	   6935.73	   19980.8	1.69676e+07	   70592.6	2.35389e+07	         0	   1.27857
	     858.5	       156	       430	   6931.11	   19988.3	1.71675e+07	   75315.3	2.42921e+07	         0	   1.27857
	     868.5	       157	       433	   6924.86	   19991.5	1.73674e+07	   79604.2	2.50881e+07	         0	   1.27857
	     878.5	       158	       436	   6917.13	   19993.7	1.75673e+07	     83554	2.59237e+07	         0	   1.27857
	     888.5	       159	       439	   6907.94	   19995.1	1.77673e+07	     87277	2.67965e+07	         0	   1.27857
	     898.5	       160	       442	   6897.41	   19995.7	1.79673e+07	   90902.3	2.77055e+07	         0	   1.27857
	     908.5	       161	       445	   6885.52	   19996.4	1.81672e+07	   94470.1	2.86502e+07	         0	   1.27857
	   916.125	       162	       448	   6875.68	     19999	1.83197e+07	   97161.4	2.9391e+07	         0	   1.27857
	   917.125	       163	       450	   6874.39	   20000.3	1.83397e+07	   97518.8	2.94885e+07	         0	   1.27857
	   919.125	       164	       453	   6871.73	   20000.6	1.83797e+07	   98222.6	2.9685e+07	         0	   1.27857
	   923.125	       165	       456	   6866.17	   20000.4	1.84597e+07	   99689.9	3.00838e+07	         0	   1.27857
	   931.125	       166	       459	   6854.12	   19998.6	1.86197e+07	    102660	3.0905e+07	         0	   1.27857
	   941.125	       167	       462	   6837.64	   19997.3	1.88197e+07	    106318	3.19682e+07	         0	   1.27857
	   951.125	       168	       466	   6819.46	   19998.3	1.90197e+07	    109826	3.30665e+07	         0	   1.27857
	   961.125	       169	       469	   6800.05	   19999.3	1.92197e+07	    113129	3.41978e+07	         0	   1.27857
	   971.125	       170	       472	   6779.41	   20000.2	1.94197e+07	    116235	3.53601e+07	         0	   1.27857
	   981.125	       171	       476	   6757.56	   20000.9	1.96197e+07	    119154	3.65517e+07	         0	   1.27857
	   991.125	       172	       480	   6734.62	   20001.5	1.98197e+07	    121899	3.77706e+07	         0	   1.27857
	   1001.13	       173	       484	   6709.91	     20002	2.00197e+07	    124495	3.90156e+07	         0	   1.27857
	   1011.13	       174	       488	   6684.36	   20002.5	2.02197e+07	    126952	4.02851e+07	         0	   1.27857
	   1021.13	       175	       492	   6657.86	   20002.9	2.04198e+07	    129270	4.15778e+07	         0	   1.27857
	   1031.13	       176	       496	   6630.44	   20003.3	2.06198e+07	    131423	4.2892e+07	         0	   1.27857
	   1041.13	       177	       500	   6602.19	   20003.6	2.08198e+07	    133454	4.42266e+07	         0	   1.27857
	   1051.13	       178	       504	   6573.08	   19910.3	2.10189e+07	    135453	4.55811e+07	         0	   1.27857
	   1061.13	       180	       511	   6543.59	   19999.7	2.12189e+07	    137325	4.69544e+07	         0	   1.27857
	   1071.13	       181	       515	   6513.31	   20004.1	2.1419e+07	    139161	4.8346e+07	         0	   1.27857
	   1081.13	       182	       519	    6482.3	   20004.8	2.1619e+07	    140718	4.97532e+07	         0	   1.27857
	   1091.13	       183	       523	   6450.67	   20005.1	2.18191e+07	    142112	5.11743e+07	         0	   1.27857
	   1098.75	       184	       527	    6426.2	   20004.1	2.19716e+07	    143107	5.22655e+07	         0	   1.27857
	   1099.75	       185	       530	   6422.96	   20000.5	2.19916e+07	    143220	5.24087e+07	         0	   1.27857
	   1101.75	       186	       534	   6416.51	     20001	2.20316e+07	    143481	5.26956e+07	         0	   1.27857
	   1105.75	       187	       538	   6403.51	   20001.9	2.21116e+07	    143988	5.32716e+07	7.74485e-05	   1.27888
	   1113.75	       188	       542	   6377.18	   20004.4	2.22716e+07	    144944	5.44311e+07	0.000545938	   1.28325
	   1123.75	       189	       546	   6343.49	   20005.8	2.24717e+07	    146059	5.58917e+07	0.00114028	   1.29465
	   1133.75	       190	       550	   6310.33	   19741.8	2.26691e+07	    144960	5.73413e+07	0.00147113	   1.30936
	   1143.75	       191	       554	   6277.56	     19531	2.28644e+07	    144341	5.87847e+07	0.00178053	   1.32717
	   1153.75	       192	       558	   6245.15	   19323.9	2.30577e+07	    143769	6.02224e+07	0.00207645	   1.34793
	   1163.75	       193	       562	   6211.76	     19120	2.32489e+07	    143190	6.16543e+07	0.00236911	   1.37162
	   1173.75	       194	       566	    6179.2	   18921.2	2.34381e+07	    142587	6.30802e+07	0.00265954	   1.39822
	   1183.75	       195	       569	   6146.98	   18728.8	2.36254e+07	    141958	6.44998e+07	0.00294681	   1.42769
	   1193.75	       196	       573	   6115.09	   18532.1	2.38107e+07	    141399	6.59138e+07	0.00322082	    1.4599
	   1203.75	       197	       576	   6083.55	   18343.7	2.39941e+07	    140781	6.73216e+07	  0.003498	   1.49488
	   1213.75	       198	       579	   6052.37	   18165.1	2.41758e+07	    140128	6.87229e+07	0.00377052	   1.53258
	   1223.75	       199	       582	   6021.61	   17995.9	2.43557e+07	    139449	7.01174e+07	0.00403745	   1.57295
	   1233.75	       200	       586	   5991.21	   17832.7	2.45341e+07	    138758	7.15049e+07	0.00429884	   1.61594
	   1243.75	       201	       590	   5961.21	   17676.3	2.47108e+07	    138055	7.28855e+07	0.00455444	   1.66149
	   1253.75	       202	       594	    5931.6	   17525.6	2.48861e+07	    137346	7.42589e+07	0.00480423	   1.70953
	   1263.75	       203	       597	   5902.54	   17386.8	2.50599e+07	    136675	7.56257e+07	0.00503479	   1.75988
	   1273.75	       204	       601	   5873.86	   17247.8	2.52324e+07	    135971	7.69854e+07	0.00527008	   1.81258
	   1283.75	       205	       605	   5845.57	   17112.9	2.54036e+07	    135266	7.83381e+07	0.00549996	   1.86758
	   1293.75	       206	       608	   5817.67	   16982.2	2.55734e+07	    134558	7.96836e+07	0.00572484	   1.92483
	   1303.75	       207	       611	   5790.16	   16854.8	2.57419e+07	    133854	8.10222e+07	0.00594446	   1.98427
	   1313.75	       208	       614	   5763.05	   16730.6	2.59092e+07	    133155	8.23537e+07	0.00615875	   2.04586
	   1323.75	       209	       617	   5736.33	   16609.3	2.60753e+07	    132463	8.36784e+07	0.00636768	   2.10954
	   1333.75	       210	       620	   5709.55	   16490.3	2.62402e+07	    131774	8.49961e+07	0.00657233	   2.17526
	   1343.75	       211	       623	   5683.34	     16374	2.6404e+07	    131089	8.6307e+07	0.00677238	   2.24298
	   1353.75	       212	       626	   5657.61	   16262.3	2.65666e+07	    130431	8.76113e+07	0.00696255	   2.31261
	   1363.75	       213	       629	   5632.18	   16151.1	2.67281e+07	    129767	8.8909e+07	0.00715197	   2.38413
	   1373.75	       214	       632	   5607.14	   16042.3	2.68885e+07	    129108	9.02001e+07	0.00733692	    2.4575
	   1383.75	       215	       636	   5582.49	   15935.2	2.70479e+07	    128462	9.14847e+07	0.00751675	   2.53266
	   1393.75	       216	       639	   5558.23	     15831	2.72062e+07	    127825	9.27629e+07	0.00769152	   2.60958
	   1403.75	       217	       642	   5534.51	     15732	2.73635e+07	    127223	9.40352e+07	0.00785516	   2.68813
	   1413.75	       218	       645	   5511.05	   15632.2	2.75198e+07	    126613	9.53013e+07	 0.0080195	   2.76833
	   1423.75	       219	       648	   5487.94	     15534	2.76752e+07	    126011	9.65614e+07	0.00817984	   2.85012
	   1433.75	       220	       651	   5465.17	   15437.4	2.78295e+07	    125421	9.78156e+07	0.00833577	   2.93348
	   1443.75	       221	       654	   5442.94	   15344.4	2.7983e+07	    124869	9.90643e+07	 0.0084817	    3.0183
	   1453.75	       222	       657	   5420.98	     15251	2.81355e+07	    124316	1.00307e+08	0.00862714	   3.10457
	   1463.75	       223	       660	   5398.92	   15158.8	2.82871e+07	    123764	1.01545e+08	0.00877021	   3.19227
	      1464	       224	       662	   5398.37	   15156.1	2.82909e+07	    123750	1.01576e+08	0.00877134	   3.19447
	      1465	       225	       664	   5396.18	   15146.7	2.8306e+07	    123696	 1.017e+08	0.00878564	   3.20325
	      1467	       226	       667	   5391.82	   15127.9	2.83363e+07	    123587	1.01947e+08	0.00881415	   3.22088
	      1471	       227	       670	   5383.16	   15090.9	2.83966e+07	    123370	1.0244e+08	0.00887072	   3.25636
	      1479	       228	       673	   5366.03	   15018.3	2.85168e+07	    122940	1.03424e+08	0.00898219	   3.32822
	      1489	       229	       676	   5344.94	   14929.2	2.86661e+07	    122414	1.04648e+08	0.00911696	   3.41939
	      1499	       230	       679	   5324.44	   14843.5	2.88145e+07	    121924	1.05867e+08	0.00924195	   3.51181
	      1509	       231	       682	   5304.13	   14756.8	2.89621e+07	    121439	1.07082e+08	0.00936601	   3.60547
	      1519	       232	       685	   5284.28	   14671.9	2.91088e+07	    120975	1.08291e+08	 0.0094847	   3.70032
	      1529	       233	       688	   5264.69	   14586.7	2.92547e+07	    120520	1.09497e+08	0.00960134	   3.79633
	      1539	       234	       691	   5245.37	     14502	2.93997e+07	    120073	1.10697e+08	0.00971541	   3.89348
	      1549	       235	       694	   5226.32	     14247	2.95422e+07	    120191	1.11899e+08	 0.0083808	   3.97729
	      1559	       236	       697	   5207.94	   14247.8	2.96846e+07	    119338	1.13093e+08	 0.0099134	   4.07643
	      1569	       237	       700	   5189.89	   14152.7	2.98262e+07	    118793	1.14281e+08	 0.0100052	   4.17648
	      1579	       238	       703	   5171.83	   14046.6	2.99666e+07	    118465	1.15465e+08	 0.0100817	   4.27729
	      1589	       239	       706	   5154.45	   13938.2	3.0106e+07	    118030	1.16646e+08	 0.0101718	   4.37901
	      1599	       240	       709	   5137.31	   13838.8	3.02444e+07	    117586	1.17821e+08	 0.0102577	   4.48159
	      1609	       241	       712	   5120.55	   13741.9	3.03818e+07	    117156	1.18993e+08	 0.0103405	   4.58499
	      1619	       242	       715	   5103.71	   13648.9	3.05183e+07	    116729	1.2016e+08	 0.0104212	   4.68921
	      1629	       243	       718	   5087.45	   13559.3	3.06539e+07	    116308	1.21323e+08	 0.0104993	    4.7942
	      1639	       244	       721	   5071.67	   13473.8	3.07886e+07	    115903	1.22482e+08	 0.0105738	   4.89994
	      1649	       245	       724	   5056.06	   13389.7	3.09225e+07	    115509	1.23637e+08	 0.0106463	    5.0064
	      1659	       246	       727	   5040.89	   13307.8	3.10556e+07	    115130	1.24789e+08	 0.0107161	   5.11356
	      1669	       247	       730	   5025.97	   13227.3	3.11879e+07	    114764	1.25936e+08	 0.0107838	    5.2214
	      1679	       248	       733	    5011.6	   13150.7	3.13194e+07	    114435	1.27081e+08	 0.0108459	   5.32986
	      1689	       249	       736	   4997.32	   13072.6	3.14501e+07	    114122	1.28222e+08	  0.010907	   5.43893
	      1699	       250	       739	   4983.54	   12995.3	3.15801e+07	    113823	1.2936e+08	 0.0109663	   5.54859
	      1709	       251	       742	   4969.89	     12919	3.17093e+07	    113536	1.30496e+08	 0.0110237	   5.65883
	      1719	       252	       745	   4956.72	   12844.4	3.18377e+07	    113261	1.31628e+08	 0.0110792	   5.76962
	      1729	       253	       748	   4943.91	   12771.1	3.19654e+07	    112998	1.32758e+08	 0.0111327	   5.88095
	      1739	       254	       751	   4931.74	   12700.2	3.20924e+07	    112751	1.33886e+08	 0.0111836	   5.99278
	      1749	       255	       754	   4919.61	   12630.6	3.22187e+07	    112520	1.35011e+08	 0.0112323	   6.10511
	      1759	       256	       757	   4907.88	   12562.1	3.23443e+07	    112302	1.36134e+08	 0.0112791	    6.2179
	      1769	       257	       760	   4896.56	   12495.1	3.24693e+07	    112101	1.37255e+08	 0.0113238	   6.33114
	      1779	       258	       763	   4885.28	   12428.8	3.25936e+07	    111912	1.38374e+08	 0.0113668	    6.4448
	      1789	       259	       766	   4874.26	   12362.9	3.27172e+07	    111735	1.39491e+08	 0.0114085	   6.55889
	      1799	       260	       769	    4863.7	   12298.3	3.28402e+07	    111570	1.40607e+08	 0.0114485	   6.67337
	      1809	       261	       772	   4853.18	   12234.4	3.29625e+07	    111416	1.41721e+08	  0.011487	   6.78824
	      1819	       262	       775	   4842.94	   12171.2	3.30842e+07	    111272	1.42834e+08	 0.0115242	   6.90349
	      1829	       263	       778	   4832.83	   12108.5	3.32053e+07	    111138	1.43945e+08	 0.0115603	   7.01909
	   1829.25	       264	       780	   4832.62	   12106.7	3.32084e+07	    111136	1.43973e+08	  0.011561	   7.02198
	   1830.25	       265	       782	    4831.6	   12099.8	3.32205e+07	    111125	1.44084e+08	 0.0115647	   7.03354
	   1832.25	       266	       784	    4829.6	   12086.4	3.32446e+07	    111102	1.44306e+08	 0.0115718	   7.05669
	   1836.25	       267	       786	   4825.61	     12061	3.32929e+07	    111052	1.44751e+08	  0.011586	   7.10303
	   1844.25	       268	       789	   4817.73	   12011.9	3.3389e+07	    110952	1.45638e+08	 0.0116138	   7.19594
	   1854.25	       269	       792	   4808.29	   11951.9	3.35085e+07	    110835	1.46747e+08	  0.011647	   7.31241
	   1864.25	       270	       795	   4798.93	   11892.3	3.36274e+07	    110730	1.47854e+08	 0.0116789	    7.4292
	   1874.25	       271	       798	   4789.63	   11832.7	3.37457e+07	    110634	1.4896e+08	   0.01171	    7.5463
	   1884.25	       272	       801	   4780.56	   11773.5	3.38635e+07	    110544	1.50066e+08	 0.0117402	    7.6637
	   1894.25	       273	       804	   4771.61	   11715.5	3.39806e+07	    110467	1.5117e+08	 0.0117688	   7.78139
	   1904.25	       274	       807	   4762.93	   11657.7	3.40972e+07	    110400	1.52274e+08	 0.0117964	   7.89935
	   1914.25	       275	       810	   4754.35	   11599.6	3.42132e+07	    110342	1.53378e+08	 0.0118232	   8.01759
	   1924.25	       276	       813	   4745.89	     11545	3.43287e+07	    110330	1.54481e+08	 0.0118491	   8.13608
	   1934.25	       277	       816	   4737.44	   11492.8	3.44436e+07	    110416	1.55585e+08	 0.0118801	   8.25488
	   1944.25	       278	       819	   4728.99	   11441.4	3.4558e+07	    110485	1.5669e+08	 0.0119113	   8.37399
	   1954.25	       279	       822	   4720.55	   11390.9	3.46719e+07	    110543	1.57795e+08	 0.0119424	   8.49342
	   1964.25	       280	       825	   4712.31	   11341.3	3.47853e+07	    110595	1.58901e+08	 0.0119731	   8.61315
	   1974.25	       281	       828	   4704.11	   11292.5	3.48982e+07	    110644	1.60008e+08	 0.0120033	   8.73318
	   1984.25	       282	       831	   4695.94	   11244.4	3.50107e+07	    110690	1.61115e+08	 0.0120331	   8.85351
	   1994.25	       283	       834	   4687.78	   11196.7	3.51227e+07	    110735	1.62222e+08	 0.0120626	   8.97414
	   2004.25	       284	       837	   4679.63	   11149.2	3.52341e+07	    110778	1.6333e+08	 0.0120919	   9.09506
	   2014.25	       285	       840	   4671.49	     11102	3.53452e+07	    110819	1.64438e+08	  0.012121	   9.21627
	   2024.25	       286	       843	   4663.36	   11055.1	3.54557e+07	    110857	1.65547e+08	 0.0121501	   9.33777
	   2034.25	       287	       846	   4655.25	   11008.3	3.55658e+07	    110891	1.66656e+08	  0.012179	   9.45956
	   2044.25	       288	       849	   4647.14	   10962.1	3.56754e+07	    110924	1.67765e+08	 0.0122076	   9.58163
	   2054.25	       289	       852	    4639.2	   10916.4	3.57846e+07	    110956	1.68874e+08	 0.0122357	   9.70399
	   2064.25	       290	       855	   4631.26	   10871.2	3.58933e+07	    110989	1.69984e+08	 0.0122634	   9.82663
	   2074.25	       291	       858	   4623.34	   10826.2	3.60016e+07	    111022	1.71094e+08	 0.0122909	   9.94953
	   2084.25	       292	       861	   4615.44	   10781.4	3.61094e+07	    111055	1.72205e+08	 0.0123181	   10.0727
	   2094.25	       293	       864	   4607.49	   10733.1	3.62167e+07	    111112	1.73316e+08	  0.012346	   10.1962
	   2104.25	       294	       867	   4599.63	   10688.6	3.63236e+07	    111197	1.74428e+08	 0.0123699	   10.3199
	   2114.25	       295	       870	   4591.86	   10648.3	3.64301e+07	    111203	1.7554e+08	 0.0123955	   10.4438
	   2124.25	       296	       873	   4584.08	   10605.5	3.65361e+07	    111215	1.76652e+08	 0.0124221	    10.568
	   2134.25	       297	       876	   4576.48	     10573	3.66419e+07	    111133	1.77764e+08	 0.0124473	   10.6925
	   2144.25	       298	       879	   4568.88	   10536.9	3.67472e+07	    111070	1.78874e+08	 0.0124734	   10.8173
	   2154.25	       299	       882	   4561.28	   10501.3	3.68522e+07	    111007	1.79984e+08	 0.0124992	   10.9422
	   2164.25	       300	       885	   4553.73	   10465.7	3.69569e+07	    110948	1.81094e+08	 0.0125246	   11.0675
	   2174.25	       301	       888	   4546.21	     10430	3.70612e+07	    110895	1.82203e+08	 0.0125497	    11.193
	   2184.25	       302	       891	   4538.72	   10393.9	3.71651e+07	    110848	1.83311e+08	 0.0125746	   11.3187
	   2194.25	       303	       894	   4531.23	   10357.6	3.72687e+07	    110803	1.84419e+08	 0.0125994	   11.4447
	    2194.5	       304	       896	   4531.04	   10356.7	3.72713e+07	    110802	1.84447e+08	 0.0125999	   11.4479
	    2195.5	       305	       898	    4530.3	   10353.1	3.72817e+07	    110797	1.84558e+08	 0.0126024	   11.4605
	    2197.5	       306	       900	    4528.8	   10345.9	3.73023e+07	    110787	1.84779e+08	 0.0126074	   11.4857
	    2201.5	       307	       902	   4525.79	   10331.5	3.73437e+07	    110769	1.85222e+08	 0.0126172	   11.5362
	    2209.5	       308	       905	   4519.84	   10302.3	3.74261e+07	    110736	1.86108e+08	 0.0126369	   11.6373
	    2219.5	       309	       908	   4512.44	   10265.5	3.75287e+07	    110699	1.87215e+08	 0.0126614	   11.7639
	    2229.5	       310	       911	   4504.99	   10228.6	3.7631e+07	    110663	1.88322e+08	 0.0126858	   11.8907
	    2239.5	       311	       914	   4497.55	   10191.7	3.77329e+07	    110625	1.89428e+08	 0.0127102	   12.0178
	    2249.5	       312	       917	   4490.18	   10154.8	3.78345e+07	    110587	1.90534e+08	 0.0127344	   12.1452
	    2259.5	       313	       920	   4482.84	   10118.1	3.79357e+07	    110548	1.9164e+08	 0.0127585	   12.2728
	    2269.5	       314	       923	   4475.53	   10081.5	3.80365e+07	    110509	1.92745e+08	 0.0127824	   12.4006
	    2279.5	       315	       926	   4468.25	   10045.1	3.81369e+07	    110469	1.93849e+08	 0.0128061	   12.5287
	    2289.5	       316	       929	   4460.99	   10010.9	3.82371e+07	    110415	1.94954e+08	 0.0128291	   12.6569
	    2299.5	       317	       932	   4453.78	   9976.36	3.83368e+07	    110366	1.96057e+08	  0.012852	   12.7855
	    2309.5	       318	       935	    4446.6	   9941.54	3.84362e+07	    110321	1.9716e+08	 0.0128747	   12.9142
	    2319.5	       319	       938	   4439.45	   9906.56	3.85353e+07	    110277	1.98263e+08	 0.0128974	   13.0432
	    2329.5	       320	       941	   4432.32	   9869.23	3.8634e+07	    110275	1.99366e+08	 0.0129192	   13.1724
	    2339.5	       321	       944	   4425.19	   9826.43	3.87323e+07	    110351	2.00469e+08	 0.0129402	   13.3018
	    2349.5	       322	       947	   4418.06	   9779.45	 3.883e+07	    110462	2.01574e+08	 0.0129618	   13.4314
	    2359.5	       323	       950	    4410.9	   9729.28	3.89273e+07	    110590	2.0268e+08	 0.0129844	   13.5612
	    2369.5	       324	       953	   4403.78	   9678.87	3.90241e+07	    110713	2.03787e+08	 0.0130072	   13.6913
	    2379.5	       325	       956	   4396.59	   9627.34	3.91204e+07	    110832	2.04895e+08	 0.0130308	   13.8216
	    2389.5	       326	       959	    4389.4	   9575.53	3.92162e+07	    110941	2.06005e+08	 0.0130549	   13.9522
	    2399.5	       327	       962	    4382.2	   9524.01	3.93114e+07	    111040	2.07115e+08	 0.0130791	    14.083
	    2409.5	       328	       965	   4374.96	   9472.95	3.94061e+07	    111129	2.08226e+08	 0.0131035	    14.214
	    2419.5	       329	       968	   4367.72	   9423.13	3.95004e+07	    111205	2.09339e+08	 0.0131277	   14.3453
	    2429.5	       330	       971	   4360.44	   9374.76	3.95941e+07	    111271	2.10451e+08	 0.0131513	   14.4768
	    2439.5	       331	       974	   4353.13	   9327.04	3.96874e+07	    111331	2.11565e+08	 0.0131748	   14.6085
	    2449.5	       332	       977	   4345.87	   9282.42	3.97802e+07	    111400	2.12679e+08	  0.013196	   14.7405
	    2459.5	       333	       980	   4338.72	   9237.99	3.98726e+07	    111450	2.13793e+08	  0.013218	   14.8727
	    2469.5	       334	       983	    4331.6	   9194.43	3.99645e+07	    111472	2.14908e+08	 0.0132406	   15.0051
	    2479.5	       335	       986	   4324.49	   9151.75	4.0056e+07	    111469	2.16022e+08	 0.0132637	   15.1377
	    2489.5	       336	       989	   4317.39	   9110.82	4.01472e+07	    111445	2.17137e+08	 0.0132868	   15.2706
	    2499.5	       337	       992	    4310.3	   9071.37	4.02379e+07	    111406	2.18251e+08	 0.0133095	   15.4037
	    2509.5	       338	       995	   4303.19	   9033.12	4.03282e+07	    111357	2.19365e+08	  0.013332	    15.537
	    2519.5	       339	       998	    4296.1	   8995.86	4.04182e+07	    111299	2.20478e+08	 0.0133542	   15.6705
	    2529.5	       340	      1001	   4289.04	    8959.3	4.05077e+07	    111235	2.2159e+08	 0.0133762	   15.8043
	    2539.5	       341	      1004	   4282.07	   8924.96	4.0597e+07	    111177	2.22702e+08	 0.0133966	   15.9383
	    2549.5	       342	      1007	   4275.23	   8891.01	4.06859e+07	    111116	2.23813e+08	 0.0134169	   16.0724
	    2559.5	       343	      1010	   4268.45	   8857.42	4.07745e+07	    111054	2.24923e+08	 0.0134369	   16.2068
	   2559.75	       344	      1012	   4268.28	   8856.59	4.07767e+07	    111052	2.24951e+08	 0.0134372	   16.2102
	   2560.75	       345	      1014	   4267.61	   8853.29	4.07855e+07	    111045	2.25062e+08	 0.0134392	   16.2236
	   2562.75	       346	      1016	   4266.25	   8846.69	4.08032e+07	    111031	2.25284e+08	 0.0134432	   16.2505
	   2566.75	       347	      1018	   4263.53	   8833.43	4.08386e+07	    111004	2.25728e+08	 0.0134512	   16.3043
	   2574.75	       348	      1021	   4258.16	   8806.66	4.0909e+07	    110947	2.26616e+08	 0.0134673	    16.412
	   2584.75	       349	      1024	   4251.49	   8773.39	4.09968e+07	    110874	2.27725e+08	 0.0134874	   16.5469
	   2594.75	       350	      1027	   4244.86	   8740.41	4.10842e+07	    110800	2.28833e+08	 0.0135072	    16.682
	   2604.75	       351	      1030	   4238.27	   8707.64	4.11712e+07	    110727	2.2994e+08	 0.0135267	   16.8172
	   2614.75	       352	      1033	   4231.72	   8674.99	4.1258e+07	    110656	2.31046e+08	 0.0135459	   16.9527
	   2624.75	       353	      1036	   4225.21	   8642.41	4.13444e+07	    110587	2.32152e+08	 0.0135649	   17.0884
	   2634.75	       354	      1039	   4218.73	   8609.79	4.14305e+07	    110520	2.33257e+08	 0.0135837	   17.2242
	   2644.75	       355	      1042	   4212.37	   8578.41	4.15163e+07	    110463	2.34362e+08	 0.0136014	   17.3602
	   2654.75	       356	      1045	   4206.15	   8547.52	4.16018e+07	    110415	2.35466e+08	 0.0136183	   17.4964
	   2664.75	       357	      1048	   4200.01	   8516.27	4.16869e+07	    110375	2.3657e+08	  0.013635	   17.6327
	   2674.75	       358	      1051	   4193.94	   8484.46	4.17718e+07	    110340	2.37673e+08	 0.0136517	   17.7693
	   2684.75	       359	      1054	   4187.93	   8452.93	4.18563e+07	    110308	2.38776e+08	  0.013668	   17.9059
	   2694.75	       360	      1057	   4182.01	   8421.42	4.19405e+07	    110280	2.39879e+08	 0.0136841	   18.0428
	   2704.75	       361	      1060	   4176.08	   8389.54	4.20244e+07	    110255	2.40982e+08	 0.0137001	   18.1798
	   2714.75	       362	      1063	   4170.28	   8358.13	4.2108e+07	    110240	2.42084e+08	 0.0137154	   18.3169
	   2724.75	       363	      1066	   4164.48	   8325.84	4.21913e+07	    110229	2.43187e+08	 0.0137308	   18.4542
	   2734.75	       364	      1069	    4158.7	   8292.97	4.22742e+07	    110219	2.44289e+08	 0.0137465	   18.5917
	   2744.75	       365	      1072	   4152.96	   8259.79	4.23568e+07	    110208	2.45391e+08	 0.0137621	   18.7293
	   2754.75	       366	      1075	   4147.21	   8226.43	4.24391e+07	    110195	2.46493e+08	 0.0137779	   18.8671
	   2764.75	       367	      1078	   4141.55	   8194.34	4.2521e+07	    110188	2.47595e+08	 0.0137928	    19.005
	   2774.75	       368	      1081	   4135.97	   8162.37	4.26026e+07	    110187	2.48696e+08	 0.0138072	   19.1431
	   2784.75	       369	      1084	   4130.38	   8130.65	4.26839e+07	    110190	2.49798e+08	 0.0138214	   19.2813
	   2794.75	       371	      1090	   4124.95	   8096.85	4.27649e+07	    110286	2.50901e+08	 0.0138327	   19.4196
	   2804.75	       372	      1093	   4119.45	   8057.69	4.28455e+07	    110397	2.52005e+08	 0.0138458	   19.5581
	   2814.75	       374	      1099	   4114.17	   8018.87	4.29257e+07	    110502	2.5311e+08	 0.0138591	   19.6967
	   2824.75	       375	      1102	    4108.8	    7979.2	4.30055e+07	    110604	2.54216e+08	 0.0138726	   19.8354
	   2834.75	       376	      1105	   4103.42	   7939.65	4.30849e+07	    110694	2.55323e+08	 0.0138865	   19.9743
	   2844.75	       378	      1111	   4098.19	   7901.44	4.31639e+07	    110772	2.56431e+08	 0.0139002	   20.1133
	   2854.75	       379	      1114	   4092.92	   7863.16	4.32425e+07	    110845	2.57539e+08	  0.013914	   20.2524
	   2864.75	       380	      1117	    4087.7	   7825.71	4.33208e+07	    110909	2.58648e+08	 0.0139277	   20.3917
	   2874.75	       382	      1123	    4082.6	   7789.56	4.33986e+07	    110962	2.59758e+08	 0.0139412	   20.5311
	   2884.75	       383	      1126	   4077.45	   7753.64	4.34762e+07	    111014	2.60868e+08	 0.0139545	   20.6707
	   2894.75	       385	      1132	   4072.44	   7719.12	4.35534e+07	    111057	2.61979e+08	 0.0139675	   20.8103
	   2904.75	       386	      1135	    4067.4	   7684.86	4.36302e+07	    111100	2.6309e+08	 0.0139802	   20.9501
	   2914.75	       387	      1138	   4062.43	   7651.36	4.37067e+07	    111138	2.64201e+08	 0.0139927	   21.0901
	   2924.75	       388	      1141	   4057.57	   7618.85	4.37829e+07	    111174	2.65313e+08	 0.0140049	   21.2301
	      2925	       389	      1143	   4057.49	   7618.05	4.37848e+07	    111175	2.65341e+08	 0.0140052	   21.2336
	      2926	       390	      1145	      4057	   7614.85	4.37924e+07	    111178	2.65452e+08	 0.0140064	   21.2476
	      2928	       391	      1147	   4056.03	    7608.5	4.38077e+07	    111184	2.65674e+08	 0.0140088	   21.2756
	      2932	       392	      1150	   4054.11	    7595.9	4.3838e+07	    111198	2.66119e+08	 0.0140135	   21.3317
	      2940	       393	      1153	   4050.29	   7570.97	4.38986e+07	    111226	2.67009e+08	 0.0140226	   21.4439
	      2950	       395	      1159	   4045.59	   7540.61	4.3974e+07	    111259	2.68121e+08	 0.0140338	   21.5842
	      2960	       396	      1162	    4040.9	   7510.27	4.40491e+07	    111296	2.69234e+08	 0.0140448	   21.7247
	      2970	       397	      1165	   4036.24	   7480.35	4.41239e+07	    111331	2.70348e+08	 0.0140555	   21.8652
	      2980	       399	      1171	   4031.74	   7451.29	4.41984e+07	    111363	2.71461e+08	  0.014066	   22.0059
	      2990	       400	      1174	   4027.19	   7422.24	4.42727e+07	    111399	2.72575e+08	 0.0140763	   22.1466
	      3000	       401	      1177	   4022.82	   7393.73	4.43466e+07	    111436	2.7369e+08	 0.0140863	   22.2875
	      3010	       402	      1180	   4018.46	   7365.58	4.44203e+07	    111473	2.74804e+08	  0.014096	   22.4285
	      3020	       404	      1186	   4014.25	   7338.21	4.44936e+07	    111511	2.7592e+08	 0.0141055	   22.5695
	      3030	       405	      1189	   4010.06	   7310.88	4.45667e+07	    111555	2.77035e+08	 0.0141146	   22.7107
	      3040	       406	      1192	   4005.84	   7283.73	4.46396e+07	    111599	2.78151e+08	 0.0141235	   22.8519
	      3050	       407	      1195	   4001.74	   7256.88	4.47122e+07	    111645	2.79268e+08	 0.0141323	   22.9932
	      3060	       409	      1201	   3997.82	   7230.79	4.47845e+07	    111691	2.80384e+08	 0.0141407	   23.1346
	      3070	       410	      1204	   3993.87	   7204.72	4.48565e+07	    111744	2.81502e+08	 0.0141489	   23.2761
	      3080	       411	      1207	   3990.01	   7178.98	4.49283e+07	    111799	2.8262e+08	 0.0141568	   23.4177
	      3090	       412	      1210	   3986.26	   7153.62	4.49998e+07	    111857	2.83738e+08	 0.0141644	   23.5593
	      3100	       414	      1216	   3982.65	    7128.9	4.50711e+07	    111916	2.84858e+08	 0.0141717	    23.701
	      3110	       415	      1219	   3978.98	   7104.12	4.51422e+07	    111982	2.85977e+08	 0.0141788	   23.8428
	      3120	       416	      1222	   3975.51	   7079.69	4.5213e+07	    112051	2.87098e+08	 0.0141856	   23.9847
	      3130	       417	      1225	   3972.04	   7055.58	4.52835e+07	    112122	2.88219e+08	 0.0141922	   24.1266
	      3140	       418	      1229	   3968.74	   7031.82	4.53538e+07	    112197	2.89341e+08	 0.0141985	   24.2686
	      3150	       419	      1233	   3965.33	   7008.35	4.54239e+07	    112275	2.90464e+08	 0.0142046	   24.4106
	      3160	       420	      1237	   3961.99	   6985.08	4.54938e+07	    112355	2.91587e+08	 0.0142106	   24.5528
	      3170	       422	      1245	   3958.84	   6962.33	4.55634e+07	    112435	2.92712e+08	 0.0142163	   24.6949
	      3180	       423	      1249	   3955.59	    6939.5	4.56328e+07	    112520	2.93837e+08	 0.0142219	   24.8371
	      3190	       424	      1253	   3952.41	   6916.88	4.5702e+07	    112606	2.94963e+08	 0.0142273	   24.9794
	      3200	       425	      1257	   3949.25	   6894.49	4.57709e+07	    112692	2.9609e+08	 0.0142326	   25.1217
	      3210	       426	      1261	   3946.12	   6872.84	4.58396e+07	    112786	2.97218e+08	 0.0142374	   25.2641
	      3220	       427	      1265	      3943	   6851.05	4.59081e+07	    112885	2.98347e+08	 0.0142421	   25.4065
	      3230	       428	      1269	   3939.87	   6829.11	4.59764e+07	    112986	2.99477e+08	 0.0142468	    25.549
	      3240	       429	      1273	   3936.81	   6807.17	4.60445e+07	    113088	3.00607e+08	 0.0142514	   25.6915
	      3250	       430	      1277	   3933.73	   6785.29	4.61124e+07	    113191	3.01739e+08	 0.0142559	   25.8341
	      3260	       431	      1281	   3930.65	   6763.43	 4.618e+07	    113294	3.02872e+08	 0.0142605	   25.9767
	      3270	       432	      1285	    3927.6	   6741.63	4.62474e+07	    113396	3.04006e+08	  0.014265	   26.1193
	      3280	       433	      1289	    3924.6	   6719.96	4.63146e+07	    113499	3.05141e+08	 0.0142694	    26.262
	      3290	       434	      1293	   3921.57	   6698.44	4.63816e+07	    113600	3.06277e+08	 0.0142738	   26.4048
	   3290.25	       435	      1295	    3921.5	   6697.91	4.63833e+07	    113603	3.06306e+08	 0.0142739	   26.4083
	   3291.25	       436	      1298	   3921.19	   6695.78	 4.639e+07	    113613	3.06419e+08	 0.0142744	   26.4226
	   3293.25	       437	      1300	   3920.59	   6691.52	4.64033e+07	    113633	3.06647e+08	 0.0142753	   26.4512
	   3297.25	       438	      1303	   3919.38	   6682.99	4.64301e+07	    113672	3.07101e+08	  0.014277	   26.5083
	   3305.25	       439	      1306	   3916.99	   6665.91	4.64834e+07	    113753	3.08011e+08	 0.0142805	   26.6225
	   3315.25	       440	      1310	   3913.97	   6644.66	4.65498e+07	    113852	3.0915e+08	 0.0142848	   26.7653
	   3325.25	       441	      1314	   3910.99	   6623.55	4.66161e+07	    113950	3.10289e+08	 0.0142891	   26.9082
	   3335.25	       442	      1317	   3908.02	   6602.59	4.66821e+07	    114047	3.1143e+08	 0.0142934	   27.0512
	   3345.25	       443	      1321	   3905.02	   6581.84	4.67479e+07	    114142	3.12571e+08	 0.0142976	   27.1942
	   3355.25	       444	      1324	   3902.03	   6561.25	4.68135e+07	    114235	3.13713e+08	 0.0143018	   27.3372
	   3365.25	       445	      1327	    3899.1	   6540.86	4.6879e+07	    114328	3.14857e+08	  0.014306	   27.4802
	   3375.25	       446	      1330	   3896.17	   6520.68	4.69442e+07	    114420	3.16001e+08	 0.0143101	   27.6233
	   3385.25	       447	      1333	   3893.24	   6500.68	4.70092e+07	    114511	3.17146e+08	 0.0143141	   27.7665
	   3395.25	       448	      1336	   3890.32	   6480.87	4.7074e+07	    114600	3.18292e+08	 0.0143181	   27.9097
	   3405.25	       449	      1339	   3887.39	   6461.22	4.71386e+07	    114689	3.19439e+08	 0.0143221	   28.0529
	   3415.25	       450	      1342	   3884.45	   6441.72	4.7203e+07	    114777	3.20587e+08	  0.014326	   28.1961
	   3425.25	       451	      1345	   3881.51	   6422.36	4.72672e+07	    114863	3.21735e+08	 0.0143299	   28.3394
	   3435.25	       452	      1348	    3878.6	   6403.14	4.73313e+07	    114948	3.22885e+08	 0.0143338	   28.4828
	   3445.25	       453	      1351	   3875.67	   6384.09	4.73951e+07	    115032	3.24035e+08	 0.0143377	   28.6261
	   3455.25	       454	      1354	   3872.76	   6365.22	4.74588e+07	    115115	3.25186e+08	 0.0143415	   28.7696
	   3465.25	       455	      1357	   3869.85	   6346.76	4.75222e+07	    115200	3.26338e+08	  0.014345	    28.913
	   3475.25	       456	      1360	   3866.95	   6328.41	4.75855e+07	    115286	3.27491e+08	 0.0143486	   29.0565
	   3485.25	       457	      1363	   3864.07	   6310.16	4.76486e+07	    115372	3.28645e+08	  0.014352	      29.2
	   3495.25	       458	      1366	   3861.21	   6292.01	4.77115e+07	    115458	3.29799e+08	 0.0143555	   29.3436
	   3505.25	       459	      1369	   3858.32	   6273.95	4.77743e+07	    115544	3.30955e+08	 0.0143588	   29.4872
	   3515.25	       460	      1372	   3855.43	   6255.95	4.78368e+07	    115631	3.32111e+08	 0.0143622	   29.6308
	   3525.25	       461	      1375	   3852.53	   6238.02	4.78992e+07	    115717	3.33268e+08	 0.0143655	   29.7744
	   3535.25	       462	      1378	   3849.62	   6220.08	4.79614e+07	    115802	3.34426e+08	 0.0143689	   29.9181
	   3545.25	       463	      1381	   3846.71	   6202.19	4.80234e+07	    115886	3.35585e+08	 0.0143722	   30.0618
	   3555.25	       464	      1384	   3843.81	   6184.95	4.80853e+07	    115948	3.36745e+08	 0.0143759	   30.2056
	   3565.25	       465	      1387	   3840.91	   6168.72	4.8147e+07	    115996	3.37905e+08	 0.0143797	   30.3494
	   3575.25	       466	      1390	   3838.05	   6153.29	4.82085e+07	    116038	3.39065e+08	 0.0143834	   30.4932
	   3585.25	       467	      1393	   3835.18	   6138.37	4.82699e+07	    116076	3.40226e+08	  0.014387	   30.6371
	   3595.25	       468	      1396	    3832.3	   6123.73	4.83311e+07	    116113	3.41387e+08	 0.0143905	    30.781
	   3605.25	       469	      1399	   3829.42	   6109.27	4.83922e+07	    116149	3.42548e+08	  0.014394	    30.925
	   3615.25	       470	      1402	   3826.56	    6094.9	4.84532e+07	    116185	3.4371e+08	 0.0143974	   31.0689
	   3625.25	       471	      1405	   3823.72	   6080.39	4.8514e+07	    116218	3.44872e+08	  0.014401	   31.2129
	   3635.25	       472	      1408	    3820.9	   6066.03	4.85746e+07	    116250	3.46035e+08	 0.0144045	    31.357
	   3645.25	       473	      1411	   3818.06	   6051.74	4.86351e+07	    116282	3.47198e+08	  0.014408	   31.5011
	   3655.25	       474	      1414	   3815.22	   6037.63	4.86955e+07	    116315	3.48361e+08	 0.0144114	   31.6452
	    3655.5	       475	      1415	   3815.15	   6037.28	4.8697e+07	    116316	3.4839e+08	 0.0144115	   31.6488
The 2th Row
	      TIME	      FGIR	      FGIT	      FWIR	      FWIT	      WBHP	      WBHP	       BPR	       BPR
	       DAY	  MSCF/DAY	      MSCF	   STB/DAY	       STB	      PSIA	      PSIA	      PSIA	      PSIA
	          	          	          	          	          	     INJE1	     PROD1	   (1,1,1)	 (10,10,3)
	         1	   99354.9	   99354.9	         0	         0	   8394.89	   2924.08	   5304.95	   4582.39
	         2	   99998.1	    199353	         0	         0	   8383.68	   2798.24	   5576.08	   4450.45
	   3.07751	    103561	    310940	         0	         0	   8531.36	   2706.38	   5822.61	   4354.12
	         4	   97853.5	    401209	         0	         0	   8021.29	   2648.75	   5788.36	   4293.65
	         5	   99439.2	    500649	         0	         0	   7948.55	   2598.37	   5838.91	    4240.8
	         7	    101198	    703045	         0	         0	   7813.86	    2525.6	   5913.21	   4164.44
	        11	    100093	1.10342e+06	         0	         0	   7523.11	   2432.27	   6036.67	   4066.48
	        13	    100103	1.30362e+06	         0	         0	   7441.46	   2392.96	    6089.5	   4025.22
	        14	   99650.5	1.40327e+06	         0	         0	   7382.83	   2375.85	   6106.34	   4007.25
	        16	   99390.5	1.60205e+06	         0	         0	   7317.16	   2361.23	   6134.69	    3998.2
	        20	    100004	2.00207e+06	         0	         0	   7254.04	   2331.81	   6178.46	   3971.17
	        28	     99968	2.80181e+06	         0	         0	   7127.54	   2281.27	   6197.87	   3927.94
	        38	    100000	3.80181e+06	         0	         0	   6989.97	   2239.75	    6212.6	   3893.96
	        42	   99634.9	4.20035e+06	         0	         0	   6940.72	   2221.86	   6210.74	   3882.42
	        43	   99988.8	4.30034e+06	         0	         0	   6933.12	   2220.64	   6210.29	   3879.77
	        45	   99927.7	4.5002e+06	         0	         0	   6914.11	   2213.64	   6209.81	    3874.8
	        49	   99785.4	4.89934e+06	         0	         0	   6885.06	   2203.45	   6212.37	   3867.33
	        50	    100016	4.99936e+06	         0	         0	   6879.89	   2202.76	   6212.96	   3865.65
	        51	   99989.7	5.09935e+06	         0	         0	   6873.18	   2200.75	    6213.3	   3864.06
	        53	   99954.5	5.29925e+06	         0	         0	   6860.78	   2197.16	   6213.89	   3861.44
	        57	   99874.5	5.69875e+06	         0	         0	   6842.26	   2193.29	   6217.95	   3858.42
	        65	   99999.8	6.49875e+06	         0	         0	   6808.87	   2197.27	   6219.23	    3860.9
	        75	    100003	7.49878e+06	         0	         0	   6752.99	   2213.99	   6197.92	    3874.3
	        85	   99988.4	8.49867e+06	         0	         0	   6716.54	   2239.94	   6186.43	   3895.33
	        95	   99999.9	9.49866e+06	         0	         0	   6693.88	   2268.86	   6183.39	   3919.95
	       105	    100000	1.04987e+07	         0	         0	   6679.21	   2300.51	   6184.74	   3946.38
	       115	    100001	1.14987e+07	         0	         0	   6670.48	   2333.15	   6189.16	   3974.07
	       125	   99999.7	1.24987e+07	         0	         0	   6668.53	   2367.17	   6198.02	   4002.93
	       135	   99996.9	1.34986e+07	         0	         0	   6665.23	   2416.83	   6208.94	   4049.46
	       145	    100000	1.44986e+07	         0	         0	   6663.36	   2461.02	   6221.92	   4093.41
	       155	   99999.9	1.54986e+07	         0	         0	   6664.71	   2499.71	   6236.51	   4131.74
	       165	    100000	1.64986e+07	         0	         0	   6665.99	   2537.81	   6249.75	   4169.49
	       175	    100000	1.74986e+07	         0	         0	   6659.41	   2575.28	   6254.24	    4206.6
	   182.625	   99975.2	1.8261e+07	         0	         0	   6657.79	   2605.22	   6260.14	   4235.89
	   183.625	   99981.3	1.83609e+07	         0	         0	    6657.3	   2608.43	   6260.82	   4239.36
	   185.625	   99995.1	1.85609e+07	         0	         0	    6657.2	   2615.78	   6262.51	    4246.6
	   189.625	   99999.5	1.89609e+07	         0	         0	   6657.42	   2630.76	   6266.25	   4261.35
	   197.625	   99970.4	1.97607e+07	         0	         0	   6659.56	   2660.82	   6275.09	   4290.94
	   207.625	   99958.6	2.07603e+07	         0	         0	   6664.78	   2694.57	   6288.02	   4324.31
	   217.625	   99999.9	2.17603e+07	         0	         0	   6670.56	   2729.87	   6300.86	   4359.64
	   227.625	    100000	2.27603e+07	         0	         0	   6677.21	    2764.4	   6314.11	   4393.84
	   237.625	   99983.1	2.37601e+07	         0	         0	   6684.53	   2798.49	    6327.6	   4427.16
	   247.625	   99970.7	2.47598e+07	         0	         0	   6693.01	   2831.43	   6341.76	   4459.75
	   257.625	    100000	2.57598e+07	         0	         0	   6703.88	   2864.56	   6357.74	   4492.89
	   267.625	    100001	2.67598e+07	         0	         0	   6716.18	    2898.3	    6374.9	   4526.26
	   277.625	     99999	2.77598e+07	         0	         0	   6729.11	   2924.33	   6392.41	      4556
	   287.625	   99991.7	2.87597e+07	         0	         0	   6743.37	   2952.07	   6410.94	   4587.19
	   297.625	   99999.9	2.97597e+07	         0	         0	   6757.44	    2981.1	   6429.02	   4619.37
	   307.625	   99989.4	3.07596e+07	         0	         0	   6772.65	   3010.48	      6448	   4651.64
	   317.625	    100000	3.17596e+07	         0	         0	   6788.82	   3041.11	   6467.66	   4684.96
	   327.625	   99999.7	3.27596e+07	         0	         0	   6805.49	   3070.94	   6486.98	   4717.19
	   337.625	    100000	3.37596e+07	         0	         0	   6823.61	   3100.38	   6507.12	   4748.81
	   347.625	    100000	3.47596e+07	         0	         0	   6841.65	   3129.48	   6527.13	   4779.88
	   357.625	     99999	3.57596e+07	         0	         0	   6860.55	   3158.56	   6547.89	   4810.79
	    365.25	   99996.2	3.65221e+07	         0	         0	   6874.48	   3181.05	   6563.42	   4834.71
	    366.25	     99989	3.66221e+07	         0	         0	   6875.62	   3184.01	   6565.28	   4837.86
	    368.25	    100000	3.68221e+07	         0	         0	   6879.38	   3189.96	   6569.29	   4844.17
	    372.25	   99998.1	3.72221e+07	         0	         0	   6887.02	   3202.02	   6577.48	   4856.94
	    380.25	     99999	3.80221e+07	         0	         0	   6902.76	   3227.26	   6594.27	   4883.58
	    390.25	   99997.8	3.9022e+07	         0	         0	   6922.59	   3257.72	    6615.6	   4915.62
	    400.25	    100000	4.0022e+07	         0	         0	   6936.79	   3285.78	   6631.56	   4945.04
	    410.25	   99987.7	4.10219e+07	         0	         0	   6953.21	   3313.02	   6649.47	   4973.54
	    420.25	   99997.7	4.20219e+07	         0	         0	   6971.19	   3341.14	   6668.84	   5002.88
	    430.25	     99998	4.30219e+07	         0	         0	   6989.44	   3367.62	   6688.49	   5030.51
	    440.25	   99998.7	4.40219e+07	         0	         0	   7008.24	    3399.6	   6708.65	   5063.95
	    450.25	     99997	4.50218e+07	         0	         0	   7024.75	   3424.88	   6726.56	   5090.43
	    460.25	   99998.4	4.60218e+07	         0	         0	   7041.65	    3450.6	   6744.71	   5117.44
	    470.25	   99998.4	4.70218e+07	         0	         0	   7058.91	   3478.51	   6763.19	   5146.86
	    480.25	     99999	4.80218e+07	         0	         0	   7076.65	   3508.44	    6782.1	   5178.48
	    490.25	    100000	4.90218e+07	         0	         0	   7094.14	   3535.72	   6800.75	    5207.4
	    500.25	   99998.7	5.00218e+07	         0	         0	   7111.87	   3562.57	   6819.58	   5235.95
	    510.25	     99999	5.10218e+07	         0	         0	   7129.59	   3590.33	   6838.39	   5265.52
	    520.25	   99997.3	5.20217e+07	         0	         0	   7147.09	   3613.05	   6856.94	   5289.85
	    530.25	   99998.6	5.30217e+07	         0	         0	   7164.61	   3639.35	   6875.47	   5317.99
	    540.25	   99998.3	5.40217e+07	         0	         0	   7182.06	   3668.27	   6893.91	   5348.92
	    550.25	   99998.9	5.50217e+07	         0	         0	   7200.13	   3702.19	   6912.91	   5385.13
	   550.875	   99996.9	5.50842e+07	         0	         0	   7200.47	    3703.7	   6913.97	   5386.74
	   551.875	   99979.2	5.51842e+07	         0	         0	   7202.15	   3705.51	   6915.76	   5388.71
	   553.875	   99993.5	5.53842e+07	         0	         0	   7205.84	   3709.29	   6919.52	    5392.8
	   557.875	   99993.5	5.57841e+07	         0	         0	   7213.15	   3718.14	   6927.08	   5402.33
	   565.875	   99998.3	5.65841e+07	         0	         0	   7228.15	   3738.09	    6942.5	   5423.76
	   575.875	    100001	5.75841e+07	         0	         0	   7245.19	   3765.92	   6960.34	    5453.6
	   585.875	    100000	5.85841e+07	         0	         0	   7262.05	   3798.55	   6978.05	   5488.45
	   595.875	    100000	5.95841e+07	         0	         0	   7279.36	   3832.43	   6996.18	   5524.59
	   605.875	   99992.7	6.05841e+07	         0	         0	   7296.88	   3862.51	   7014.53	   5556.71
	   615.875	   99992.1	6.1584e+07	         0	         0	   7314.62	    3894.6	   7033.05	   5590.89
	   625.875	    100000	6.2584e+07	         0	         0	   7331.92	   3921.74	   7051.11	   5619.78
	   635.875	   99993.3	6.35839e+07	         0	         0	   7348.54	   3950.89	   7068.52	   5650.65
	   645.875	    100000	6.45839e+07	         0	         0	   7364.98	   3982.08	   7085.67	   5683.48
	   655.875	   99994.6	6.55839e+07	         0	         0	   7381.06	   3998.68	   7102.48	    5700.8
	   665.875	   99991.3	6.65838e+07	         0	         0	    7396.6	   4020.21	   7118.73	   5723.07
	   675.875	    100000	6.75838e+07	         0	         0	   7410.83	   4060.11	   7133.63	   5764.14
	   685.875	   99976.7	6.85835e+07	         0	         0	   7425.03	   4081.88	   7148.53	   5785.87
	   695.875	   99987.1	6.95834e+07	         0	         0	   7439.72	   4110.22	    7163.8	   5814.23
	   705.875	   99988.6	7.05833e+07	         0	         0	   7454.32	   4145.36	   7179.01	      5848
	   715.875	    100000	7.15833e+07	         0	         0	   7469.12	   4180.69	   7194.37	   5880.07
	   725.875	   99999.1	7.25833e+07	         0	         0	   7483.89	   4196.97	   7209.72	   5892.94
	     733.5	    100003	7.33458e+07	         0	         0	    7494.9	   4215.04	   7221.29	   5908.93
	     734.5	   99980.5	7.34458e+07	         0	         0	    7495.8	   4225.56	   7222.68	   5917.82
	     736.5	   99960.6	7.36457e+07	         0	         0	   7498.48	   4243.39	   7225.47	   5931.37
	     740.5	   99946.9	7.40455e+07	         0	         0	   7503.97	    4278.8	   7231.11	   5954.55
	     748.5	    100001	7.48455e+07	         0	         0	   7516.38	   4361.35	   7243.58	   5998.32
	     758.5	    100001	7.58455e+07	         0	         0	   7531.37	   4383.29	      7259	   6003.83
	     768.5	    100000	7.68455e+07	         0	         0	   7545.99	   4374.79	   7274.17	   6007.55
	     778.5	    100000	7.78455e+07	         0	         0	    7560.1	   4351.95	    7288.8	   6003.38
	     788.5	    100001	7.88455e+07	         0	         0	   7573.37	   4196.18	    7302.6	   5974.85
	     798.5	     99989	7.98454e+07	         0	         0	   7585.21	   4022.91	   7314.98	   5937.52
	     808.5	   99991.4	8.08453e+07	         0	         0	   7595.51	   3828.42	   7325.78	   5892.16
	     818.5	    100000	8.18453e+07	         0	         0	   7604.22	   3627.38	   7334.94	   5843.87
	     828.5	    100000	8.28453e+07	         0	         0	   7610.87	   3448.51	   7342.06	   5796.06
	     838.5	    100000	8.38453e+07	         0	         0	   7615.28	   3291.35	    7346.9	   5741.52
	     848.5	   99999.2	8.48453e+07	         0	         0	   7617.39	   3156.36	   7349.42	   5692.94
	     858.5	    100000	8.58453e+07	         0	         0	   7617.32	    3041.5	   7349.72	   5651.05
	     868.5	    100002	8.68454e+07	         0	         0	   7615.22	   2938.54	   7347.96	   5614.02
	     878.5	    100006	8.78454e+07	         0	         0	   7611.31	   2843.61	   7344.33	   5579.67
	     888.5	   99999.7	8.88454e+07	         0	         0	   7605.41	   2754.22	   7338.74	   5547.24
	     898.5	    100001	8.98454e+07	         0	         0	   7597.95	   2669.01	   7331.52	   5517.38
	     908.5	    100002	9.08454e+07	         0	         0	   7589.07	   2583.95	   7322.87	   5486.72
	   916.125	    100004	9.1608e+07	         0	         0	   7581.62	   2518.82	   7315.48	   5462.72
	   917.125	    100015	9.1708e+07	         0	         0	   7580.92	   2510.32	   7314.54	   5459.75
	   919.125	    100003	9.1908e+07	         0	         0	   7578.79	    2493.5	    7312.5	   5453.64
	   923.125	    100003	9.2308e+07	         0	         0	   7574.33	   2459.61	   7308.18	   5442.04
	   931.125	    100005	9.3108e+07	         0	         0	   7564.58	   2389.29	   7298.72	   5416.67
	   941.125	    100003	9.41081e+07	         0	         0	   7551.09	   2301.23	   7285.47	   5383.92
	   951.125	    100001	9.51081e+07	         0	         0	   7535.63	   2213.65	   7270.17	   5349.43
	   961.125	    100008	9.61082e+07	         0	         0	   7519.21	   2129.13	   7253.84	   5314.74
	   971.125	    100007	9.71082e+07	         0	         0	   7501.45	   2047.38	   7236.18	   5279.69
	   981.125	    100002	9.81083e+07	         0	         0	   7482.34	   1968.31	   7217.18	   5244.34
	   991.125	    100004	9.91083e+07	         0	         0	   7462.17	   1892.01	   7197.07	   5208.98
	   1001.13	    100003	1.00108e+08	         0	         0	   7439.29	   1818.09	   7174.29	   5173.64
	   1011.13	    100005	1.01108e+08	         0	         0	   7415.92	   1745.89	   7150.93	   5137.75
	   1021.13	    100004	1.02108e+08	         0	         0	   7391.57	   1675.61	   7126.61	   5101.54
	   1031.13	    100001	1.03108e+08	         0	         0	   7366.21	   1607.84	   7101.28	   5065.23
	   1041.13	    100004	1.04108e+08	         0	         0	   7340.02	   1541.69	   7075.09	   5028.55
	   1051.13	   99999.9	1.05108e+08	         0	         0	   7312.83	      1477	   7047.91	   4991.45
	   1061.13	    100000	1.06108e+08	         0	         0	   7284.86	   1405.02	   7019.94	   4960.65
	   1071.13	    100001	1.07108e+08	         0	         0	   7256.24	   1332.74	    6991.3	   4924.04
	   1081.13	    100002	1.08108e+08	         0	         0	   7226.88	   1264.41	   6961.92	   4886.98
	   1091.13	    100002	1.09109e+08	         0	         0	   7196.85	   1198.52	   6931.87	   4849.88
	   1098.75	    100002	1.09871e+08	         0	         0	   7173.81	   1149.33	   6908.58	   4821.51
	   1099.75	    100011	1.09971e+08	         0	         0	   7171.46	   1143.37	   6905.53	   4817.76
	   1101.75	   99999.9	1.10171e+08	         0	         0	   7165.16	   1130.45	   6899.35	   4810.37
	   1105.75	    100002	1.10571e+08	         0	         0	   7152.56	   1104.78	   6886.94	    4795.5
	   1113.75	    100003	1.11371e+08	         0	         0	   7127.01	   1053.94	   6861.78	   4765.55
	   1123.75	    100000	1.12371e+08	         0	         0	   7094.21	   991.336	   6829.19	   4727.71
	   1133.75	     99999	1.13371e+08	         0	         0	   7061.26	      1000	   6796.21	    4704.4
	   1143.75	   99999.1	1.14371e+08	         0	         0	   7028.18	      1000	    6763.1	   4683.29
	   1153.75	     99999	1.15371e+08	         0	         0	   6995.13	      1000	   6730.01	   4662.96
	   1163.75	   99998.8	1.16371e+08	         0	         0	   6959.83	      1000	   6694.74	   4642.67
	   1173.75	    100000	1.17371e+08	         0	         0	   6925.77	      1000	   6660.61	   4622.32
	   1183.75	   99999.2	1.18371e+08	         0	         0	   6892.12	      1000	   6626.93	   4601.95
	   1193.75	    100000	1.19371e+08	         0	         0	    6858.9	      1000	   6593.67	   4582.21
	   1203.75	   99999.2	1.20371e+08	         0	         0	   6825.94	      1000	   6560.71	   4562.11
	   1213.75	   99999.5	1.21371e+08	         0	         0	   6793.36	      1000	   6528.11	   4542.09
	   1223.75	    100002	1.22371e+08	         0	         0	   6761.26	      1000	      6496	   4522.24
	   1233.75	   99999.6	1.23371e+08	         0	         0	   6729.37	      1000	   6464.12	   4502.54
	   1243.75	   99995.6	1.24371e+08	         0	         0	   6697.92	      1000	   6432.67	   4483.04
	   1253.75	    100000	1.25371e+08	         0	         0	   6666.87	      1000	   6401.59	   4463.75
	   1263.75	   99999.9	1.26371e+08	         0	         0	   6636.17	      1000	   6370.88	   4445.67
	   1273.75	    100000	1.27371e+08	         0	         0	   6605.95	      1000	   6340.65	   4427.09
	   1283.75	    100000	1.28371e+08	         0	         0	    6576.1	      1000	    6310.8	   4408.68
	   1293.75	   99999.4	1.29371e+08	         0	         0	   6546.61	      1000	   6281.32	   4390.44
	   1303.75	   99999.5	1.30371e+08	         0	         0	   6517.53	      1000	   6252.26	   4372.41
	   1313.75	   99999.4	1.31371e+08	         0	         0	   6488.82	      1000	   6223.58	    4354.6
	   1323.75	   99999.5	1.32371e+08	         0	         0	   6460.51	      1000	    6195.3	   4337.03
	   1333.75	   99999.4	1.33371e+08	         0	         0	    6431.9	      1000	   6166.74	    4319.6
	   1343.75	   99999.1	1.34371e+08	         0	         0	   6403.89	      1000	   6138.78	   4302.35
	   1353.75	     99999	1.35371e+08	         0	         0	   6376.34	      1000	   6111.27	   4285.73
	   1363.75	   99997.5	1.36371e+08	         0	         0	   6349.11	      1000	    6084.1	   4269.02
	   1373.75	   99998.9	1.37371e+08	         0	         0	   6322.37	      1000	   6057.41	   4252.48
	   1383.75	    100000	1.38371e+08	         0	         0	   6296.03	      1000	   6031.14	    4236.2
	   1393.75	    100001	1.39371e+08	         0	         0	   6270.08	      1000	   6005.24	   4220.19
	   1403.75	   99998.8	1.40371e+08	         0	         0	   6244.38	      1000	   5979.63	      4205
	   1413.75	   99998.9	1.41371e+08	         0	         0	   6219.12	      1000	   5954.45	    4189.6
	   1423.75	   99998.9	1.42371e+08	         0	         0	   6194.24	      1000	   5929.65	   4174.38
	   1433.75	   99998.9	1.43371e+08	         0	         0	   6169.73	      1000	   5905.23	    4159.4
	   1443.75	   99998.7	1.44371e+08	         0	         0	   6145.61	      1000	   5881.19	   4145.19
	   1453.75	   99998.9	1.45371e+08	         0	         0	   6121.87	      1000	   5857.55	   4130.91
	   1463.75	   99998.2	1.46371e+08	         0	         0	   6097.79	      1000	   5833.59	   4116.69
	      1464	    100002	1.46396e+08	         0	         0	   6097.86	      1000	   5832.97	   4116.31
	      1465	   99997.2	1.46496e+08	         0	         0	    6095.4	      1000	   5830.59	   4114.88
	      1467	   99999.5	1.46696e+08	         0	         0	   6090.62	      1000	   5825.89	   4112.03
	      1471	   99998.9	1.47096e+08	         0	         0	    6081.1	      1000	   5816.56	   4106.38
	      1479	   99998.7	1.47896e+08	         0	         0	   6062.23	      1000	   5798.05	   4095.21
	      1489	   99998.7	1.48896e+08	         0	         0	    6039.2	      1000	   5775.26	    4081.5
	      1499	   99998.5	1.49896e+08	         0	         0	   6016.72	      1000	   5752.89	   4068.53
	      1509	   99998.5	1.50896e+08	         0	         0	   5994.57	      1000	   5730.86	   4055.55
	      1519	   99998.8	1.51896e+08	         0	         0	   5972.82	      1000	   5709.22	   4042.97
	      1529	   99999.3	1.52896e+08	         0	         0	   5951.45	      1000	   5687.97	   4030.48
	      1539	   99999.4	1.53896e+08	         0	         0	   5930.38	      1000	   5667.02	   4018.14
	      1549	   99999.3	1.54896e+08	         0	         0	   5909.61	      1000	   5646.37	   4005.97
	      1559	   99999.6	1.55896e+08	         0	         0	   5889.24	      1000	   5626.12	   3996.89
	      1569	   99999.5	1.56896e+08	         0	         0	   5869.24	      1000	   5606.26	   3986.28
	      1579	   99999.9	1.57896e+08	         0	         0	    5849.1	      1000	   5586.26	   3977.49
	      1589	   99999.7	1.58896e+08	         0	         0	   5829.64	      1000	   5566.92	   3967.36
	      1599	   99999.7	1.59896e+08	         0	         0	   5810.62	      1000	   5548.03	   3957.52
	      1609	   99999.7	1.60896e+08	         0	         0	   5791.99	      1000	   5529.53	   3947.94
	      1619	   99999.7	1.61896e+08	         0	         0	   5773.16	      1000	   5510.85	   3938.53
	      1629	   99999.8	1.62896e+08	         0	         0	   5754.95	      1000	   5492.78	   3929.33
	      1639	   99999.8	1.63896e+08	         0	         0	   5737.23	      1000	   5475.18	   3920.47
	      1649	   99999.8	1.64896e+08	         0	         0	   5719.81	      1000	    5457.9	   3911.78
	      1659	   99999.8	1.65896e+08	         0	         0	   5702.76	      1000	   5440.99	   3903.34
	      1669	   99999.8	1.66896e+08	         0	         0	   5686.03	      1000	   5424.41	   3895.09
	      1679	   99999.8	1.67896e+08	         0	         0	   5669.79	      1000	    5408.3	   3887.43
	      1689	   99999.8	1.68896e+08	         0	         0	   5653.83	      1000	   5392.48	   3879.86
	      1699	   99999.9	1.69896e+08	         0	         0	   5638.27	      1000	   5377.06	   3872.46
	      1709	   99999.8	1.70896e+08	         0	         0	   5622.82	      1000	   5361.76	   3865.23
	      1719	   99999.9	1.71896e+08	         0	         0	   5607.93	      1000	      5347	   3858.21
	      1729	   99999.9	1.72896e+08	         0	         0	    5593.4	      1000	   5332.61	   3851.38
	      1739	   99999.9	1.73896e+08	         0	         0	   5579.54	      1000	   5318.88	   3844.84
	      1749	   99999.9	1.74896e+08	         0	         0	   5565.93	      1000	   5305.41	   3838.52
	      1759	   99999.9	1.75896e+08	         0	         0	   5552.69	      1000	   5292.31	   3832.42
	      1769	   99999.9	1.76896e+08	         0	         0	   5539.99	      1000	   5279.74	   3826.56
	      1779	    100000	1.77896e+08	         0	         0	   5527.34	      1000	   5267.24	   3820.88
	      1789	    100000	1.78896e+08	         0	         0	   5514.99	      1000	   5255.02	   3815.35
	      1799	    100000	1.79896e+08	         0	         0	   5503.24	      1000	    5243.4	   3810.02
	      1809	    100000	1.80896e+08	         0	         0	   5491.48	      1000	   5231.78	   3804.84
	      1819	    100000	1.81896e+08	         0	         0	   5480.12	      1000	   5220.55	   3799.81
	      1829	    100000	1.82896e+08	         0	         0	   5468.82	      1000	   5209.39	   3794.91
	   1829.25	   99999.9	1.82921e+08	         0	         0	   5468.83	      1000	   5209.12	   3794.78
	   1830.25	   99998.8	1.83021e+08	         0	         0	   5467.71	      1000	   5208.04	   3794.29
	   1832.25	   99999.3	1.83221e+08	         0	         0	   5465.45	      1000	   5205.83	   3793.31
	   1836.25	   99999.5	1.83621e+08	         0	         0	    5460.9	      1000	    5201.4	   3791.38
	   1844.25	    100000	1.84421e+08	         0	         0	   5452.07	      1000	    5192.8	   3787.59
	   1854.25	    100000	1.85421e+08	         0	         0	   5441.79	      1000	    5182.7	   3783.02
	   1864.25	    100000	1.86421e+08	         0	         0	   5431.43	      1000	   5172.48	    3778.6
	   1874.25	    100000	1.87421e+08	         0	         0	   5421.01	      1000	    5162.2	   3774.28
	   1884.25	    100000	1.88421e+08	         0	         0	   5411.26	      1000	   5152.57	   3770.05
	   1894.25	    100000	1.89421e+08	         0	         0	   5401.33	      1000	   5142.78	   3766.04
	   1904.25	    100000	1.90421e+08	         0	         0	   5392.08	      1000	   5133.65	   3762.14
	   1914.25	    100000	1.91421e+08	         0	         0	   5382.69	      1000	   5124.41	   3758.34
	   1924.25	    100000	1.92421e+08	         0	         0	   5373.43	      1000	   5115.28	   3754.64
	   1934.25	    100000	1.93421e+08	         0	         0	   5364.16	      1000	   5106.15	   3750.22
	   1944.25	    100000	1.94421e+08	         0	         0	   5354.75	      1000	   5096.87	   3745.74
	   1954.25	    100000	1.95421e+08	         0	         0	   5345.36	      1000	   5087.62	   3741.25
	   1964.25	    100000	1.96421e+08	         0	         0	   5336.91	      1000	   5079.28	   3736.79
	   1974.25	    100000	1.97421e+08	         0	         0	   5328.33	      1000	   5070.84	   3732.38
	   1984.25	    100000	1.98421e+08	         0	         0	   5319.29	      1000	   5061.95	   3728.01
	   1994.25	    100000	1.99421e+08	         0	         0	   5310.28	      1000	   5053.07	   3723.66
	   2004.25	    100000	2.00421e+08	         0	         0	   5301.26	      1000	   5044.19	   3719.31
	   2014.25	    100000	2.01421e+08	         0	         0	   5292.26	      1000	   5035.33	   3714.97
	   2024.25	    100000	2.02421e+08	         0	         0	   5283.27	      1000	   5026.48	   3710.61
	   2034.25	    100000	2.03421e+08	         0	         0	   5274.31	      1000	   5017.65	   3706.26
	   2044.25	    100046	2.04421e+08	         0	         0	   5265.36	      1000	   5008.84	   3701.93
	   2054.25	   99999.7	2.05421e+08	         0	         0	   5257.82	      1000	    5001.2	   3697.64
	   2064.25	    100000	2.06421e+08	         0	         0	   5249.45	      1000	   4992.71	   3693.39
	   2074.25	    100000	2.07421e+08	         0	         0	   5241.16	      1000	   4984.24	   3689.17
	   2084.25	    100000	2.08421e+08	         0	         0	   5232.87	      1000	   4975.77	   3684.96
	   2094.25	    100000	2.09421e+08	         0	         0	   5224.54	      1000	   4967.27	    3680.6
	   2104.25	    100000	2.10421e+08	         0	         0	   5216.23	      1000	   4958.78	   3676.85
	   2114.25	    100000	2.11421e+08	         0	         0	   5207.99	      1000	   4950.36	   3672.86
	   2124.25	    100000	2.12421e+08	         0	         0	   5199.75	      1000	   4941.96	   3668.64
	   2134.25	   99999.7	2.13421e+08	         0	         0	   5191.58	      1000	   4933.62	   3664.66
	   2144.25	    100000	2.14421e+08	         0	         0	   5183.46	      1000	   4925.34	   3660.48
	   2154.25	    100000	2.15421e+08	         0	         0	   5175.37	      1000	   4917.08	   3656.34
	   2164.25	    100000	2.16421e+08	         0	         0	   5167.33	      1000	   4908.88	   3652.24
	   2174.25	   99999.8	2.17421e+08	         0	         0	   5159.34	      1000	   4900.73	   3648.16
	   2184.25	   99999.8	2.18421e+08	         0	         0	   5151.39	      1000	   4892.63	   3644.08
	   2194.25	   99999.8	2.19421e+08	         0	         0	   5143.46	      1000	   4884.55	   3640.01
	    2194.5	    100002	2.19446e+08	         0	         0	   5143.75	      1000	   4884.34	   3639.91
	    2195.5	   99998.4	2.19546e+08	         0	         0	   5142.91	      1000	   4883.53	    3639.5
	    2197.5	   99999.9	2.19746e+08	         0	         0	   5141.26	      1000	   4881.89	   3638.68
	    2201.5	    100001	2.20146e+08	         0	         0	   5137.88	      1000	   4878.56	   3637.06
	    2209.5	   99999.8	2.20946e+08	         0	         0	   5131.45	      1000	    4872.2	    3633.8
	    2219.5	   99999.8	2.21946e+08	         0	         0	   5123.55	      1000	   4864.26	   3629.74
	    2229.5	   99999.8	2.22946e+08	         0	         0	    5115.7	      1000	   4856.27	   3625.65
	    2239.5	   99999.8	2.23946e+08	         0	         0	   5107.85	      1000	   4848.28	   3621.55
	    2249.5	   99999.9	2.24946e+08	         0	         0	   5100.06	      1000	   4840.35	   3617.45
	    2259.5	   99999.9	2.25946e+08	         0	         0	   5092.31	      1000	   4832.46	   3613.35
	    2269.5	   99999.9	2.26946e+08	         0	         0	    5084.6	      1000	    4824.6	   3609.25
	    2279.5	   99999.9	2.27946e+08	         0	         0	   5076.92	      1000	   4816.79	   3605.17
	    2289.5	   99999.9	2.28946e+08	         0	         0	   5069.28	      1000	   4809.02	   3601.18
	    2299.5	   99999.9	2.29946e+08	         0	         0	   5061.67	      1000	   4801.27	    3597.2
	    2309.5	   99999.9	2.30946e+08	         0	         0	   5054.09	      1000	   4793.57	   3593.21
	    2319.5	   99999.9	2.31946e+08	         0	         0	   5046.56	      1000	   4785.91	   3589.22
	    2329.5	   99999.9	2.32946e+08	         0	         0	   5039.05	      1000	   4778.27	   3585.35
	    2339.5	    100000	2.33946e+08	         0	         0	   5031.57	      1000	   4770.67	   3581.58
	    2349.5	    100000	2.34946e+08	         0	         0	   5024.12	      1000	    4763.1	    3577.7
	    2359.5	    100000	2.35946e+08	         0	         0	   5016.69	      1000	   4755.55	   3573.63
	    2369.5	    100000	2.36946e+08	         0	         0	   5009.27	      1000	   4748.01	   3569.49
	    2379.5	    100000	2.37946e+08	         0	         0	   5001.83	      1000	   4740.45	   3565.19
	    2389.5	    100000	2.38946e+08	         0	         0	   4994.41	      1000	    4732.9	   3560.77
	    2399.5	    100000	2.39946e+08	         0	         0	   4986.98	      1000	   4725.35	   3556.28
	    2409.5	    100000	2.40946e+08	         0	         0	   4979.54	      1000	   4717.79	   3551.75
	    2419.5	    100000	2.41946e+08	         0	         0	    4972.1	      1000	   4710.23	   3547.22
	    2429.5	    100000	2.42946e+08	         0	         0	   4964.62	      1000	   4702.63	   3542.75
	    2439.5	    100000	2.43946e+08	         0	         0	   4957.11	      1000	      4695	   3538.29
	    2449.5	    100000	2.44946e+08	         0	         0	   4949.57	      1000	   4687.33	   3534.23
	    2459.5	    100000	2.45946e+08	         0	         0	   4942.08	      1000	   4679.72	   3530.01
	    2469.5	    100000	2.46946e+08	         0	         0	   4934.61	      1000	   4672.13	   3525.63
	    2479.5	    100000	2.47946e+08	         0	         0	   4927.18	      1000	   4664.58	   3521.11
	    2489.5	    100000	2.48946e+08	         0	         0	   4919.79	      1000	   4657.06	   3516.58
	    2499.5	    100000	2.49946e+08	         0	         0	    4912.4	      1000	   4649.56	   3512.07
	    2509.5	    100000	2.50946e+08	         0	         0	   4905.02	      1000	   4642.05	   3507.58
	    2519.5	    100000	2.51946e+08	         0	         0	   4897.65	      1000	   4634.56	   3503.11
	    2529.5	    100000	2.52946e+08	         0	         0	    4890.3	      1000	    4627.1	   3498.66
	    2539.5	    100000	2.53946e+08	         0	         0	      4883	      1000	   4619.67	   3494.49
	    2549.5	    100000	2.54946e+08	         0	         0	   4875.78	      1000	   4612.33	   3490.33
	    2559.5	    100000	2.55946e+08	         0	         0	    4868.6	      1000	   4605.04	   3486.19
	   2559.75	    100003	2.55971e+08	         0	         0	   4868.85	      1000	   4604.85	   3486.08
	   2560.75	     99997	2.56071e+08	         0	         0	   4868.09	      1000	   4604.12	   3485.67
	   2562.75	    100000	2.56271e+08	         0	         0	   4866.59	      1000	   4602.64	   3484.84
	   2566.75	    100002	2.56671e+08	         0	         0	   4863.63	      1000	   4599.72	   3483.18
	   2574.75	   99999.9	2.57471e+08	         0	         0	   4857.82	      1000	   4593.99	   3479.81
	   2584.75	    100000	2.58471e+08	         0	         0	   4850.73	      1000	   4586.88	   3475.59
	   2594.75	    100000	2.59471e+08	         0	         0	   4843.78	      1000	   4579.82	   3471.39
	   2604.75	    100000	2.60471e+08	         0	         0	   4836.89	      1000	   4572.81	   3467.22
	   2614.75	    100000	2.61471e+08	         0	         0	   4830.05	      1000	   4565.86	   3463.06
	   2624.75	   99999.9	2.62471e+08	         0	         0	   4823.25	      1000	   4558.95	   3458.94
	   2634.75	   99999.9	2.63471e+08	         0	         0	    4816.5	      1000	   4552.09	   3454.83
	   2644.75	    100000	2.64471e+08	         0	         0	   4809.82	      1000	    4545.3	   3450.93
	   2654.75	   99999.9	2.65471e+08	         0	         0	    4803.2	      1000	   4538.58	   3447.16
	   2664.75	    100000	2.66471e+08	         0	         0	   4796.69	      1000	   4531.97	   3443.42
	   2674.75	    100000	2.67471e+08	         0	         0	   4790.27	      1000	   4525.44	   3439.67
	   2684.75	    100000	2.68471e+08	         0	         0	   4783.93	      1000	      4519	   3435.96
	   2694.75	    100000	2.69471e+08	         0	         0	   4777.67	      1000	   4512.64	    3432.3
	   2704.75	    100000	2.70471e+08	         0	         0	   4771.47	      1000	   4506.34	   3428.61
	   2714.75	    100000	2.71471e+08	         0	         0	   4765.34	      1000	   4500.11	   3425.07
	   2724.75	   99999.9	2.72471e+08	         0	         0	   4759.25	      1000	   4493.94	   3421.47
	   2734.75	   99999.9	2.73471e+08	         0	         0	   4753.22	      1000	   4487.81	   3417.81
	   2744.75	   99999.8	2.74471e+08	         0	         0	   4747.25	      1000	   4481.75	    3414.1
	   2754.75	   99999.9	2.75471e+08	         0	         0	   4741.31	      1000	   4475.72	   3410.35
	   2764.75	    100000	2.76471e+08	         0	         0	   4735.42	      1000	   4469.74	   3406.79
	   2774.75	    100000	2.77471e+08	         0	         0	   4729.56	      1000	   4463.78	   3403.29
	   2784.75	    100000	2.78471e+08	         0	         0	   4723.72	      1000	   4457.86	   3399.85
	   2794.75	    100000	2.79471e+08	         0	         0	   4717.96	      1000	   4452.01	   3397.06
	   2804.75	    100000	2.80471e+08	         0	         0	   4712.29	      1000	   4446.25	   3393.82
	   2814.75	    100000	2.81471e+08	         0	         0	   4706.65	      1000	   4440.53	   3390.55
	   2824.75	    100000	2.82471e+08	         0	         0	   4701.11	      1000	   4434.89	   3387.16
	   2834.75	    100000	2.83471e+08	         0	         0	   4695.57	      1000	   4429.28	   3383.66
	   2844.75	    100000	2.84471e+08	         0	         0	   4690.08	      1000	    4423.7	    3380.2
	   2854.75	    100000	2.85471e+08	         0	         0	   4684.66	      1000	    4418.2	   3376.68
	   2864.75	    100000	2.86471e+08	         0	         0	   4679.27	      1000	   4412.72	   3373.17
	   2874.75	    100000	2.87471e+08	         0	         0	   4673.91	      1000	   4407.29	   3369.69
	   2884.75	    100000	2.88471e+08	         0	         0	   4668.62	      1000	   4401.92	   3366.21
	   2894.75	    100000	2.89471e+08	         0	         0	   4663.37	      1000	   4396.59	   3362.81
	   2904.75	    100000	2.90471e+08	         0	         0	   4658.16	      1000	    4391.3	   3359.43
	   2914.75	    100000	2.91471e+08	         0	         0	      4653	      1000	   4386.05	   3356.09
	   2924.75	    100000	2.92471e+08	         0	         0	    4647.9	      1000	   4380.88	   3352.83
	      2925	   99999.7	2.92496e+08	         0	         0	   4648.06	      1000	   4380.75	   3352.75
	      2926	   99999.6	2.92596e+08	         0	         0	   4647.55	      1000	   4380.25	   3352.43
	      2928	    100001	2.92796e+08	         0	         0	    4646.5	      1000	   4379.22	   3351.78
	      2932	   99999.9	2.93196e+08	         0	         0	   4644.43	      1000	   4377.18	   3350.51
	      2940	   99999.9	2.93996e+08	         0	         0	   4640.35	      1000	   4373.16	   3348.02
	      2950	    100000	2.94996e+08	         0	         0	    4635.4	      1000	   4368.18	   3344.97
	      2960	    100000	2.95996e+08	         0	         0	   4630.56	      1000	   4363.27	   3341.95
	      2970	   99999.9	2.96996e+08	         0	         0	   4625.73	      1000	   4358.38	   3338.95
	      2980	    100000	2.97996e+08	         0	         0	      4621	      1000	   4353.57	   3336.03
	      2990	    100000	2.98996e+08	         0	         0	   4616.33	      1000	   4348.83	   3333.14
	      3000	    100000	2.99996e+08	         0	         0	   4611.72	      1000	   4344.15	   3330.31
	      3010	    100000	3.00996e+08	         0	         0	   4607.18	      1000	   4339.53	   3327.53
	      3020	    100000	3.01996e+08	         0	         0	   4602.76	      1000	   4335.04	   3324.83
	      3030	    100000	3.02996e+08	         0	         0	   4598.39	      1000	   4330.61	    3322.2
	      3040	    100000	3.03996e+08	         0	         0	   4594.09	      1000	   4326.24	   3319.59
	      3050	    100000	3.04996e+08	         0	         0	    4589.8	      1000	   4321.89	   3317.03
	      3060	    100000	3.05996e+08	         0	         0	   4585.68	      1000	    4317.7	   3314.55
	      3070	    100000	3.06996e+08	         0	         0	    4581.6	      1000	   4313.56	   3312.13
	      3080	    100000	3.07996e+08	         0	         0	    4577.6	      1000	    4309.5	   3309.78
	      3090	    100000	3.08996e+08	         0	         0	   4573.68	      1000	   4305.51	   3307.49
	      3100	    100000	3.09996e+08	         0	         0	   4569.89	      1000	   4301.66	   3305.28
	      3110	    100000	3.10996e+08	         0	         0	   4566.13	      1000	   4297.85	   3303.13
	      3120	    100000	3.11996e+08	         0	         0	    4562.5	      1000	   4294.16	   3301.05
	      3130	    100000	3.12996e+08	         0	         0	   4558.93	      1000	   4290.53	   3299.03
	      3140	    100000	3.13996e+08	         0	         0	   4555.48	      1000	   4287.03	   3297.08
	      3150	    100000	3.14996e+08	         0	         0	   4552.04	      1000	   4283.53	   3295.18
	      3160	    100000	3.15996e+08	         0	         0	   4548.61	      1000	   4280.06	   3293.33
	      3170	    100000	3.16996e+08	         0	         0	   4545.32	      1000	   4276.71	   3291.54
	      3180	   99999.9	3.17996e+08	         0	         0	   4542.02	      1000	   4273.37	   3289.79
	      3190	    100000	3.18996e+08	         0	         0	    4538.8	      1000	   4270.09	   3288.07
	      3200	   99999.9	3.19996e+08	         0	         0	   4535.59	      1000	   4266.84	   3286.37
	      3210	    100000	3.20996e+08	         0	         0	   4532.42	      1000	   4263.62	   3284.84
	      3220	    100000	3.21996e+08	         0	         0	   4529.27	      1000	   4260.42	   3283.33
	      3230	    100000	3.22996e+08	         0	         0	   4526.09	      1000	    4257.2	   3281.83
	      3240	    100000	3.23996e+08	         0	         0	   4522.97	      1000	   4254.03	   3280.34
	      3250	   99999.9	3.24996e+08	         0	         0	   4519.87	      1000	   4250.89	   3278.86
	      3260	   99999.9	3.25996e+08	         0	         0	   4516.77	      1000	   4247.74	   3277.39
	      3270	   99999.9	3.26996e+08	         0	         0	   4513.71	      1000	   4244.63	   3275.91
	      3280	    100000	3.27996e+08	         0	         0	   4510.72	      1000	   4241.59	   3274.45
	      3290	    100000	3.28996e+08	         0	         0	   4507.66	      1000	   4238.49	      3273
	   3290.25	    100001	3.29021e+08	         0	         0	   4507.76	      1000	   4238.41	   3272.96
	   3291.25	   99999.9	3.29121e+08	         0	         0	   4507.44	      1000	    4238.1	   3272.82
	   3293.25	    100001	3.29321e+08	         0	         0	    4506.8	      1000	   4237.47	   3272.53
	   3297.25	   99999.9	3.29721e+08	         0	         0	   4505.54	      1000	   4236.23	   3271.95
	   3305.25	    100000	3.30521e+08	         0	         0	   4503.09	      1000	   4233.81	   3270.79
	   3315.25	    100000	3.31521e+08	         0	         0	   4500.01	      1000	   4230.72	   3269.35
	   3325.25	    100000	3.32521e+08	         0	         0	      4497	      1000	   4227.67	    3267.9
	   3335.25	    100000	3.33521e+08	         0	         0	   4494.05	      1000	   4224.67	   3266.46
	   3345.25	    100000	3.34521e+08	         0	         0	   4491.03	      1000	    4221.6	   3265.03
	   3355.25	    100000	3.35521e+08	         0	         0	   4487.98	      1000	   4218.51	    3263.6
	   3365.25	    100000	3.36521e+08	         0	         0	   4485.07	      1000	   4215.54	   3262.19
	   3375.25	    100000	3.37521e+08	         0	         0	   4482.14	      1000	   4212.57	   3260.79
	   3385.25	    100000	3.38521e+08	         0	         0	   4479.19	      1000	   4209.57	    3259.4
	   3395.25	    100000	3.39521e+08	         0	         0	   4476.27	      1000	    4206.6	   3258.02
	   3405.25	    100000	3.40521e+08	         0	         0	   4473.29	      1000	   4203.58	   3256.65
	   3415.25	    100000	3.41521e+08	         0	         0	    4470.3	      1000	   4200.54	   3255.28
	   3425.25	    100000	3.42521e+08	         0	         0	   4467.28	      1000	   4197.47	   3253.92
	   3435.25	    100000	3.43521e+08	         0	         0	   4464.34	      1000	   4194.49	   3252.56
	   3445.25	    100000	3.44521e+08	         0	         0	   4461.36	      1000	   4191.45	    3251.2
	   3455.25	    100000	3.45521e+08	         0	         0	   4458.43	      1000	   4188.48	   3249.86
	   3465.25	   99999.8	3.46521e+08	         0	         0	   4455.48	      1000	   4185.48	   3248.59
	   3475.25	   99999.8	3.47521e+08	         0	         0	   4452.55	      1000	    4182.5	   3247.33
	   3485.25	   99999.8	3.48521e+08	         0	         0	   4449.69	      1000	   4179.58	   3246.09
	   3495.25	   99999.9	3.49521e+08	         0	         0	   4446.79	      1000	   4176.64	   3244.86
	   3505.25	   99999.7	3.50521e+08	         0	         0	   4443.82	      1000	   4173.63	   3243.64
	   3515.25	    100000	3.51521e+08	         0	         0	   4440.82	      1000	   4170.58	   3242.43
	   3525.25	    100000	3.52521e+08	         0	         0	   4437.81	      1000	   4167.52	   3241.22
	   3535.25	   99999.5	3.53521e+08	         0	         0	   4434.77	      1000	   4164.44	      3240
	   3545.25	   99999.5	3.54521e+08	         0	         0	   4431.77	      1000	   4161.38	   3238.78
	   3555.25	   99999.5	3.55521e+08	         0	         0	    4428.8	      1000	   4158.36	   3237.41
	   3565.25	   99999.7	3.56521e+08	         0	         0	   4425.79	      1000	   4155.31	   3236.03
	   3575.25	   99999.6	3.57521e+08	         0	         0	   4422.91	      1000	   4152.38	   3234.67
	   3585.25	   99999.6	3.58521e+08	         0	         0	   4419.91	      1000	   4149.33	   3233.34
	   3595.25	   99999.6	3.59521e+08	         0	         0	   4416.88	      1000	   4146.26	   3232.02
	   3605.25	   99999.6	3.60521e+08	         0	         0	   4413.85	      1000	   4143.18	   3230.71
	   3615.25	   99999.6	3.61521e+08	         0	         0	   4410.89	      1000	   4140.17	   3229.42
	   3625.25	   99999.8	3.62521e+08	         0	         0	      4408	      1000	   4137.22	   3228.08
	   3635.25	    100001	3.63521e+08	         0	         0	   4405.09	      1000	   4134.27	   3226.75
	   3645.25	    100001	3.64521e+08	         0	         0	    4402.1	      1000	   4131.24	   3225.42
	   3655.25	    100001	3.65521e+08	         0	         0	   4399.08	      1000	   4128.17	   3224.12
	    3655.5	    100000	3.65546e+08	         0	         0	   4399.17	      1000	   4128.09	   3224.09
