d:\lsz\pennsim\opencaeporo\x64\debug\bomixture.obj
d:\lsz\pennsim\opencaeporo\x64\debug\bomixture_ogw.obj
d:\lsz\pennsim\opencaeporo\x64\debug\bulk.obj
d:\lsz\pennsim\opencaeporo\x64\debug\connection_bb.obj
d:\lsz\pennsim\opencaeporo\x64\debug\flowunit.obj
d:\lsz\pennsim\opencaeporo\x64\debug\grid.obj
d:\lsz\pennsim\opencaeporo\x64\debug\main.obj
d:\lsz\pennsim\opencaeporo\x64\debug\myreservoir.obj
d:\lsz\pennsim\opencaeporo\x64\debug\perforation.obj
d:\lsz\pennsim\opencaeporo\x64\debug\solver.obj
d:\lsz\pennsim\opencaeporo\x64\debug\timing.obj
d:\lsz\pennsim\opencaeporo\x64\debug\well.obj
d:\lsz\pennsim\opencaeporo\x64\debug\wellgroup.obj
d:\lsz\pennsim\opencaeporo\x64\debug\vc142.pdb
c:\users\96224\appdata\local\temp\lnk{92a581a0-aa1d-44ff-8866-634e6c512315}.tmp
d:\lsz\pennsim\opencaeporo\x64\debug\opencaeporo.pdb
d:\lsz\pennsim\opencaeporo\x64\debug\opencaeporo.tlog\icl-mcpcom.read.1.tlog
d:\lsz\pennsim\opencaeporo\x64\debug\opencaeporo.tlog\icl-mcpcom.write.1.tlog
d:\lsz\pennsim\opencaeporo\x64\debug\opencaeporo.tlog\icl.command.1.tlog
d:\lsz\pennsim\opencaeporo\x64\debug\opencaeporo.tlog\icl.read.1.tlog
d:\lsz\pennsim\opencaeporo\x64\debug\opencaeporo.tlog\icl.write.1.tlog
d:\lsz\pennsim\opencaeporo\x64\debug\opencaeporo.tlog\xilink-link-cvtres.read.1.tlog
d:\lsz\pennsim\opencaeporo\x64\debug\opencaeporo.tlog\xilink-link-cvtres.write.1.tlog
d:\lsz\pennsim\opencaeporo\x64\debug\opencaeporo.tlog\xilink-link-rc.read.1.tlog
d:\lsz\pennsim\opencaeporo\x64\debug\opencaeporo.tlog\xilink-link-rc.write.1.tlog
d:\lsz\pennsim\opencaeporo\x64\debug\opencaeporo.tlog\xilink-link.read.1.tlog
d:\lsz\pennsim\opencaeporo\x64\debug\opencaeporo.tlog\xilink-link.write.1.tlog
d:\lsz\pennsim\opencaeporo\x64\debug\opencaeporo.tlog\xilink.command.1.tlog
d:\lsz\pennsim\opencaeporo\x64\debug\opencaeporo.tlog\xilink.read.1.tlog
d:\lsz\pennsim\opencaeporo\x64\debug\opencaeporo.tlog\xilink.write.1.tlog
