The 1th Row
	      TIME	    NRiter	    LSiter	       FPR	      FOPR	      FOPT	      FGPR	      FGPT	      FWPR	      FWPT
	       DAY	          	          	      PSIA	   STB/DAY	       STB	  MSCF/DAY	      MSCF	   STB/DAY	       STB
	          	          	          	          	          	          	          	          	          	          
	         1	         2	         4	   4795.44	     20000	     20000	     25400	     25400	0.00148726	0.00148726
	         2	         3	         6	   4796.66	   20000.2	   40000.2	   25400.3	   50800.3	0.00237549	0.00386275
	   3.75984	         5	        10	   4800.63	     20000	     75197	     25400	   95500.2	0.00327802	0.00963154
	         4	         6	        12	   4801.24	     20000	   80000.2	     25400	    101600	0.00339129	  0.010446
	         5	         7	        14	    4803.6	     20000	    100000	     25400	    127000	0.00375294	 0.0141989
	         7	         9	        19	   4807.71	     20000	    140000	     25400	    177800	0.00426581	 0.0227306
	        11	        11	        26	   4814.57	     20000	    220000	     25400	    279400	0.00492465	 0.0424292
	        13	        12	        29	   4817.61	     20000	    260000	     25400	    330200	0.00519398	 0.0528171
	        14	        13	        31	   4819.19	   19987.1	    279987	   25347.6	    355548	0.00494034	 0.0577575
	        16	        14	        33	   4822.48	     20000	    319987	   25282.9	    406114	 0.0053983	 0.0685541
	        20	        16	        38	      4833	     20000	    399988	   25107.5	    506544	 0.0055933	 0.0909273
	        28	        18	        44	   4853.68	     20000	    559988	   24787.7	    704846	0.00594227	  0.138465
	        38	        21	        53	   4877.03	     20000	    759988	   24687.1	    951716	0.00626216	  0.201087
	        42	        23	        58	   4887.39	     20000	    839988	     24900	1.05132e+06	0.00638381	  0.226622
	        43	        24	        60	   4890.27	     20000	    859988	   24950.4	1.07627e+06	 0.0064128	  0.233035
	        45	        25	        63	   4896.03	     20000	    899988	   25039.9	1.12635e+06	  0.006467	  0.245969
	        49	        27	        68	   4906.86	     20000	    979988	   25173.4	1.22704e+06	0.00656309	  0.272221
	        50	        28	        70	   4909.54	     20000	    999988	   25204.2	1.25224e+06	0.00658528	  0.278807
	        51	        29	        72	   4912.18	     20000	1.01999e+06	   25232.2	1.27748e+06	0.00660671	  0.285413
	        53	        30	        75	   4917.36	     20000	1.05999e+06	     25278	1.32803e+06	0.00664465	  0.298703
	        57	        32	        79	   4926.96	     20000	1.13999e+06	   25332.3	1.42936e+06	0.00670475	  0.325522
	        65	        33	        82	   4943.42	     20000	1.29999e+06	   25333.1	1.63203e+06	0.00676077	  0.379608
	        75	        35	        87	   4965.95	     20000	1.49999e+06	   25232.1	1.88435e+06	 0.0067565	  0.447173
	        85	        37	        93	   4990.75	     20000	1.69999e+06	   25077.2	2.13512e+06	0.00669195	  0.514092
	        95	        39	        99	    5014.1	     20000	1.89999e+06	   24903.8	2.38416e+06	 0.0065836	  0.579928
	       105	        41	       106	   5036.28	     20000	2.09999e+06	   24735.2	2.63151e+06	0.00644456	  0.644374
	       115	        44	       115	   5060.15	     20000	2.29999e+06	   24602.8	2.87754e+06	0.00628639	  0.707238
	       125	        46	       122	   5084.88	     20000	2.49999e+06	   24621.4	3.12375e+06	0.00612606	  0.768499
	       135	        48	       128	   5109.88	     20000	2.69999e+06	   24764.6	3.3714e+06	0.00596987	  0.828197
	       145	        50	       134	   5133.67	     20000	2.89999e+06	   24908.6	3.62048e+06	0.00581328	   0.88633
	       155	        52	       139	    5156.1	     20000	3.09999e+06	   25053.4	3.87102e+06	0.00565627	  0.942893
	       165	        54	       144	   5179.59	     20000	3.29999e+06	     25199	4.12301e+06	0.00549877	   0.99788
	       175	        56	       149	    5203.3	     20000	3.49999e+06	   25345.2	4.37646e+06	0.00534104	   1.05129
	   182.625	        57	       151	   5221.19	   19992.2	3.65243e+06	   25449.3	4.57051e+06	0.00522488	   1.09113
	   183.625	        58	       152	   5223.35	     20000	3.67243e+06	   25473.8	4.59598e+06	0.00520713	   1.09634
	   185.625	        59	       154	   5227.89	     20000	3.71243e+06	   25509.4	 4.647e+06	0.00517045	   1.10668
	   189.625	        60	       156	   5236.83	     20000	3.79243e+06	     25576	4.74931e+06	0.00510106	   1.12708
	   197.625	        61	       158	   5253.46	   19975.7	3.95223e+06	     25589	4.95402e+06	 0.0052565	   1.16913
	   207.625	        62	       161	   5275.96	     20000	4.15223e+06	   25602.6	5.21005e+06	0.00478816	   1.21702
	   217.625	        64	       167	   5298.28	     20000	4.35223e+06	   25590.8	5.46595e+06	0.00461086	   1.26313
	   227.625	        66	       172	   5321.63	     20000	4.55223e+06	   25584.5	5.7218e+06	0.00444584	   1.30758
	   237.625	        68	       179	   5344.23	     20000	4.75223e+06	   25583.7	5.97763e+06	0.00428513	   1.35043
	   247.625	        70	       185	   5367.12	     20000	4.95223e+06	   25586.7	6.2335e+06	0.00409482	   1.39138
	   257.625	        72	       191	   5389.64	     20000	5.15223e+06	   25591.8	6.48942e+06	0.00391845	   1.43057
	   267.625	        73	       194	   5411.04	     20000	5.35223e+06	   25597.6	6.7454e+06	0.00375467	   1.46811
	   277.625	        75	       199	      5432	     20000	5.55223e+06	   25603.2	7.00143e+06	0.00359543	   1.50407
	   287.625	        77	       204	   5453.84	     20000	5.75223e+06	     25608	7.25751e+06	0.00343839	   1.53845
	   297.625	        79	       210	   5476.18	     20000	5.95223e+06	   25611.7	7.51362e+06	0.00328218	   1.57127
	   307.625	        81	       215	   5499.98	     20000	6.15223e+06	     25614	7.76976e+06	0.00312498	   1.60252
	   317.625	        82	       217	   5524.29	     20000	6.35223e+06	     25615	8.02591e+06	0.00295691	   1.63209
	   327.625	        83	       219	   5545.05	     20000	6.55223e+06	   25614.5	8.28206e+06	0.00281016	   1.66019
	   337.625	        84	       222	   5566.66	     20000	6.75223e+06	   25612.6	8.53819e+06	0.00265473	   1.68674
	   347.625	        85	       224	   5587.92	     20000	6.95223e+06	   25609.6	8.79428e+06	 0.0024997	   1.71174
	   357.625	        87	       229	   5609.91	     20000	7.15223e+06	   25605.4	9.05034e+06	0.00234221	   1.73516
	    365.25	        88	       231	   5625.18	     20000	7.30473e+06	   25601.6	9.24555e+06	0.00223114	   1.75217
	    366.25	        89	       233	   5627.67	     20000	7.32473e+06	   25601.1	9.27115e+06	0.00221586	   1.75439
	    368.25	        90	       236	   5632.17	     20000	7.36473e+06	   25600.1	9.32235e+06	0.00218545	   1.75876
	    372.25	        91	       238	   5640.66	     20000	7.44473e+06	   25597.9	9.42474e+06	0.00212661	   1.76727
	    380.25	        92	       241	   5658.01	     20000	7.60473e+06	   25592.9	9.62948e+06	 0.0020032	   1.78329
	    390.25	        93	       244	   5678.99	     20000	7.80473e+06	   25586.1	9.88534e+06	0.00184709	   1.80176
	    400.25	        94	       246	   5697.81	     20000	8.00473e+06	   25578.8	1.01411e+07	0.00171679	   1.81893
	    410.25	        96	       252	   5717.98	     20000	8.20473e+06	   25571.2	1.03968e+07	0.00155991	   1.83453
	    420.25	        97	       254	    5736.9	     20000	8.40473e+06	   25563.3	1.06525e+07	0.00141894	   1.84872
	    430.25	        98	       256	   5756.96	     20000	8.60473e+06	   25555.2	1.0908e+07	0.00126526	   1.86137
	    440.25	       100	       261	   5776.63	     20000	8.80473e+06	   25547.2	1.11635e+07	0.00111517	   1.87252
	    450.25	       102	       266	   5797.37	     20000	9.00473e+06	   25539.1	1.14189e+07	0.000964144	   1.88217
	    460.25	       103	       268	   5816.15	     20000	9.20473e+06	   25531.2	1.16742e+07	0.000827175	   1.89044
	    470.25	       104	       270	   5835.75	     20000	9.40473e+06	   25523.4	1.19294e+07	0.000684922	   1.89729
	    480.25	       106	       275	   5855.51	     20000	9.60473e+06	   25515.8	1.21846e+07	0.000533696	   1.90262
	    490.25	       107	       277	   5873.91	     20000	9.80473e+06	   25508.4	1.24397e+07	0.00039838	   1.90661
	    500.25	       108	       279	   5891.74	     20000	1.00047e+07	   25501.4	1.26947e+07	0.000263176	   1.90924
	    510.25	       110	       284	   5910.85	     20000	1.02047e+07	   25494.6	1.29496e+07	0.000117398	   1.91041
	    520.25	       111	       286	   5928.59	   19999.9	1.04047e+07	     25488	1.32045e+07	         0	   1.91041
	    530.25	       113	       291	   5947.91	     20000	1.06047e+07	   25481.9	1.34593e+07	         0	   1.91041
	    540.25	       114	       293	   5965.24	     20000	1.08047e+07	     25476	1.37141e+07	         0	   1.91041
	    550.25	       116	       298	   5984.16	     20000	1.10047e+07	   25470.4	1.39688e+07	         0	   1.91041
	   550.875	       117	       299	   5985.33	     20000	1.10172e+07	   25470.1	1.39847e+07	         0	   1.91041
	   551.875	       118	       300	   5987.16	     20000	1.10372e+07	   25469.5	1.40102e+07	         0	   1.91041
	   553.875	       119	       302	   5990.86	     20000	1.10772e+07	   25468.5	1.40611e+07	         0	   1.91041
	   557.875	       120	       304	   5998.07	     20000	1.11572e+07	   25466.3	1.4163e+07	         0	   1.91041
	   565.875	       121	       307	   6013.08	     20000	1.13172e+07	   25462.3	1.43667e+07	         0	   1.91041
	   575.875	       123	       312	    6031.7	     20000	1.15172e+07	   25457.5	1.46213e+07	         0	   1.91041
	   585.875	       124	       314	   6049.05	     20000	1.17172e+07	   25453.1	1.48758e+07	         0	   1.91041
	   595.875	       125	       317	   6066.99	     20000	1.19172e+07	   25448.9	1.51303e+07	         0	   1.91041
	   605.875	       126	       320	   6084.73	     20000	1.21172e+07	     25445	1.53847e+07	         0	   1.91041
	   615.875	       127	       322	   6100.66	     20000	1.23172e+07	   25441.4	1.56392e+07	         0	   1.91041
	   625.875	       129	       328	   6118.35	     20000	1.25172e+07	     25438	1.58935e+07	         0	   1.91041
	   635.875	       131	       334	   6136.48	     20000	1.27172e+07	   25434.9	1.61479e+07	         0	   1.91041
	   645.875	       132	       336	   6153.22	     20000	1.29172e+07	     25432	1.64022e+07	         0	   1.91041
	   655.875	       133	       339	   6170.86	     20000	1.31172e+07	   25429.3	1.66565e+07	         0	   1.91041
	   665.875	       134	       342	   6188.09	     20000	1.33172e+07	   25426.9	1.69108e+07	         0	   1.91041
	   675.875	       135	       345	   6204.81	     20000	1.35172e+07	   25424.6	1.7165e+07	         0	   1.91041
	   685.875	       136	       348	   6221.31	     20000	1.37172e+07	   25422.5	1.74192e+07	         0	   1.91041
	   695.875	       138	       354	   6238.06	     20000	1.39172e+07	   25420.5	1.76734e+07	         0	   1.91041
	   705.875	       140	       360	   6255.03	     20000	1.41172e+07	   25418.8	1.79276e+07	         0	   1.91041
	   715.875	       141	       363	   6272.23	     20000	1.43172e+07	   25417.1	1.81818e+07	         0	   1.91041
	   725.875	       142	       366	   6289.01	     20000	1.45172e+07	   25415.6	1.8436e+07	         0	   1.91041
	     733.5	       143	       369	    6301.6	     20000	1.46697e+07	   25414.6	1.86297e+07	         0	   1.91041
	     734.5	       144	       371	   6303.26	     20000	1.46897e+07	   25414.4	1.86552e+07	         0	   1.91041
	     736.5	       145	       374	   6306.56	     20000	1.47297e+07	   25414.2	1.8706e+07	         0	   1.91041
	     740.5	       146	       377	   6313.12	     20000	1.48097e+07	   25413.7	1.88076e+07	         0	   1.91041
	     748.5	       147	       380	   6326.27	     20000	1.49697e+07	   25412.7	1.90109e+07	         0	   1.91041
	     758.5	       148	       383	   6343.33	     20000	1.51697e+07	   25411.6	1.92651e+07	         0	   1.91041
	     768.5	       149	       386	   6359.81	     20000	1.53697e+07	   25410.6	1.95192e+07	         0	   1.91041
	     778.5	       150	       389	   6375.97	     20000	1.55697e+07	   25409.8	1.97733e+07	         0	   1.91041
	     788.5	       151	       392	   6391.81	     20000	1.57697e+07	     25409	2.00273e+07	         0	   1.91041
	     798.5	       152	       395	   6407.74	     20000	1.59697e+07	   25408.3	2.02814e+07	         0	   1.91041
	     808.5	       154	       401	   6423.63	     20000	1.61697e+07	   25407.7	2.05355e+07	         0	   1.91041
	     818.5	       156	       407	   6440.26	     20000	1.63697e+07	   25407.2	2.07896e+07	         0	   1.91041
	     828.5	       157	       410	   6456.55	     20000	1.65697e+07	   25406.9	2.10436e+07	         0	   1.91041
	     838.5	       158	       413	   6472.34	     20000	1.67697e+07	   25406.6	2.12977e+07	         0	   1.91041
	     848.5	       159	       416	   6487.81	     20000	1.69697e+07	   25406.5	2.15518e+07	         0	   1.91041
	     858.5	       160	       419	    6503.1	     20000	1.71697e+07	   25406.4	2.18058e+07	         0	   1.91041
	     868.5	       161	       422	    6518.1	     20000	1.73697e+07	   25406.6	2.20599e+07	         0	   1.91041
	     878.5	       162	       425	   6533.13	     20000	1.75697e+07	   25406.9	2.2314e+07	         0	   1.91041
	     888.5	       164	       431	   6548.68	     20000	1.77697e+07	   25407.4	2.25681e+07	         0	   1.91041
	     898.5	       165	       434	   6563.94	     20000	1.79697e+07	   25408.1	2.28221e+07	         0	   1.91041
	     908.5	       166	       437	   6578.85	     20000	1.81697e+07	   25409.1	2.30762e+07	         0	   1.91041
	   916.125	       167	       440	   6590.38	     20000	1.83222e+07	   25410.1	 2.327e+07	         0	   1.91041
	   917.125	       168	       442	   6591.89	     20000	1.83422e+07	   25410.2	2.32954e+07	         0	   1.91041
	   919.125	       169	       445	    6594.9	     20000	1.83822e+07	   25410.4	2.33462e+07	         0	   1.91041
	   923.125	       170	       448	   6600.88	     20000	1.84622e+07	   25411.1	2.34479e+07	         0	   1.91041
	   931.125	       171	       451	   6612.95	     20000	1.86222e+07	   25412.5	2.36512e+07	         0	   1.91041
	   941.125	       172	       454	   6628.41	     20000	1.88222e+07	   25414.9	2.39053e+07	         0	   1.91041
	   951.125	       173	       457	   6644.23	     20000	1.90222e+07	     25418	2.41595e+07	         0	   1.91041
	   961.125	       174	       460	   6659.71	     20000	1.92222e+07	   25421.9	2.44137e+07	         0	   1.91041
	   971.125	       175	       463	   6674.88	     20000	1.94222e+07	   25426.8	2.4668e+07	         0	   1.91041
	   981.125	       177	       469	   6690.46	     20000	1.96222e+07	     25433	2.49223e+07	         0	   1.91041
	   991.125	       178	       472	   6705.99	     20000	1.98222e+07	   25440.7	2.51767e+07	         0	   1.91041
	   1001.13	       179	       475	   6721.03	     20000	2.00222e+07	   25450.5	2.54312e+07	         0	   1.91041
	   1011.13	       180	       478	    6735.7	     20000	2.02222e+07	   25462.6	2.56858e+07	         0	   1.91041
	   1021.13	       182	       484	   6750.19	     20000	2.04222e+07	   25477.7	2.59406e+07	         0	   1.91041
	   1031.13	       183	       487	   6764.24	     20000	2.06222e+07	   25496.5	2.61956e+07	         0	   1.91041
	   1041.13	       186	       496	   6778.74	     20000	2.08222e+07	     25520	2.64508e+07	         0	   1.91041
	   1051.13	       187	       499	   6793.23	     20000	2.10222e+07	   25549.3	2.67063e+07	         0	   1.91041
	   1061.13	       188	       502	   6807.22	     20000	2.12222e+07	   25586.1	2.69621e+07	         0	   1.91041
	   1071.13	       190	       507	   6820.94	     20000	2.14222e+07	   25633.2	2.72185e+07	         0	   1.91041
	   1081.13	       191	       510	   6834.14	     20000	2.16222e+07	   25693.4	2.74754e+07	         0	   1.91041
	   1091.13	       192	       513	   6847.49	     20000	2.18222e+07	   25771.3	2.77331e+07	         0	   1.91041
	   1098.75	       193	       516	   6857.53	     20000	2.19747e+07	   25843.8	2.79302e+07	         0	   1.91041
	   1099.75	       194	       518	   6858.85	     20000	2.19947e+07	   25853.6	2.7956e+07	         0	   1.91041
	   1101.75	       195	       521	   6861.48	     20000	2.20347e+07	   25874.2	2.80078e+07	         0	   1.91041
	   1105.75	       196	       524	   6866.66	     20000	2.21147e+07	   25919.8	2.81114e+07	         0	   1.91041
	   1113.75	       197	       527	   6876.97	   20000.1	2.22747e+07	   26031.3	2.83197e+07	         0	   1.91041
	   1123.75	       199	       532	    6890.8	     20000	2.24747e+07	   26203.5	2.85817e+07	         0	   1.91041
	   1133.75	       200	       535	   6904.15	   20000.3	2.26747e+07	   26413.6	2.88459e+07	         0	   1.91041
	   1143.75	       201	       538	   6917.57	   20000.4	2.28747e+07	   26658.1	2.91125e+07	         0	   1.91041
	   1153.75	       203	       544	   6931.12	     20000	2.30747e+07	   26937.5	2.93818e+07	         0	   1.91041
	   1163.75	       205	       549	   6944.48	     20000	2.32747e+07	   27265.5	2.96545e+07	         0	   1.91041
	   1173.75	       207	       554	   6957.35	     20000	2.34747e+07	     27681	2.99313e+07	         0	   1.91041
	   1183.75	       208	       557	   6969.56	   20001.9	2.36748e+07	   28229.1	3.02136e+07	         0	   1.91041
	   1193.75	       210	       562	   6981.48	     20000	2.38748e+07	     28902	3.05026e+07	         0	   1.91041
	   1203.75	       212	       566	    6993.7	   20000.4	2.40748e+07	   29797.3	3.08006e+07	         0	   1.91041
	   1213.75	       213	       568	   7004.99	     20011	2.42749e+07	   31093.1	3.11115e+07	         0	   1.91041
	   1223.75	       215	       572	   7015.15	   20000.2	2.44749e+07	   33037.1	3.14419e+07	         0	   1.91041
	   1233.75	       216	       574	   7024.13	   20046.7	2.46753e+07	   35621.8	3.17981e+07	         0	   1.91041
	   1243.75	       218	       580	   7031.98	     20000	2.48753e+07	   38472.3	3.21828e+07	         0	   1.91041
	   1253.75	       220	       585	   7039.88	   20000.7	2.50754e+07	   40203.8	3.25849e+07	         0	   1.91041
	   1263.75	       222	       591	   7046.22	   20010.2	2.52755e+07	   46039.3	3.30452e+07	         0	   1.91041
	   1273.75	       224	       596	   7048.72	   20000.9	2.54755e+07	   56070.7	3.3606e+07	         0	   1.91041
	   1283.75	       226	       601	   7046.48	     20002	2.56755e+07	   68250.3	3.42885e+07	         0	   1.91041
	   1293.75	       228	       607	   7037.69	   20000.7	2.58755e+07	   85201.8	3.51405e+07	         0	   1.91041
	   1303.75	       230	       613	   7024.84	   20000.1	2.60755e+07	   95173.6	3.60922e+07	         0	   1.91041
	   1313.75	       231	       616	   7010.33	   19983.1	2.62753e+07	   99335.5	3.70856e+07	         0	   1.91041
	   1323.75	       232	       619	   6995.28	   19996.7	2.64753e+07	    101066	3.80962e+07	         0	   1.91041
	   1333.75	       233	       622	   6979.85	   19998.2	2.66753e+07	    102434	3.91206e+07	         0	   1.91041
	   1343.75	       234	       625	   6963.89	   19997.1	2.68752e+07	    104322	4.01638e+07	         0	   1.91041
	   1353.75	       235	       629	      6947	   19994.7	2.70752e+07	    107028	4.12341e+07	         0	   1.91041
	   1363.75	       236	       632	   6929.37	   19992.3	2.72751e+07	    110387	4.23379e+07	         0	   1.91041
	   1373.75	       237	       636	   6910.19	   19991.6	2.7475e+07	    113955	4.34775e+07	         0	   1.91041
	   1383.75	       238	       639	   6889.72	   19991.5	2.76749e+07	    117605	4.46535e+07	         0	   1.91041
	   1393.75	       239	       643	   6867.91	   19992.4	2.78749e+07	    121105	4.58646e+07	         0	   1.91041
	   1403.75	       240	       647	   6844.88	   19993.5	2.80748e+07	    124384	4.71084e+07	         0	   1.91041
	   1413.75	       241	       651	    6820.7	   19994.4	2.82747e+07	    127455	4.8383e+07	         0	   1.91041
	   1423.75	       242	       654	   6795.43	     19995	2.84747e+07	    130394	4.96869e+07	         0	   1.91041
	   1433.75	       243	       658	   6769.07	   19995.5	2.86747e+07	    133200	5.10189e+07	         0	   1.91041
	   1443.75	       244	       662	   6741.76	   19995.8	2.88746e+07	    135951	5.23784e+07	         0	   1.91041
	   1453.75	       245	       666	   6713.63	   19995.9	2.90746e+07	    138675	5.37652e+07	         0	   1.91041
	   1463.75	       246	       670	   6684.35	     19996	2.92745e+07	    141381	5.5179e+07	         0	   1.91041
	      1464	       247	       672	   6683.61	     20000	2.92795e+07	    141468	5.52143e+07	         0	   1.91041
	      1465	       248	       675	   6680.67	     20000	2.92995e+07	    141747	5.53561e+07	         0	   1.91041
	      1467	       249	       679	   6674.74	   19999.8	2.93395e+07	    142295	5.56407e+07	         0	   1.91041
	      1471	       250	       683	   6662.72	   19999.4	2.94195e+07	    143366	5.62141e+07	         0	   1.91041
	      1479	       251	       687	   6638.07	   19997.9	2.95795e+07	    145310	5.73766e+07	         0	   1.91041
	      1489	       252	       691	   6606.38	   19997.1	2.97795e+07	    147563	5.88523e+07	         0	   1.91041
	      1499	       253	       695	   6574.02	   19867.1	2.99782e+07	    149855	6.03508e+07	         0	   1.91041
	      1509	       255	       702	    6541.7	     20000	3.01782e+07	    151479	6.18656e+07	         0	   1.91041
	      1519	       256	       706	   6508.37	   19996.3	3.03781e+07	    154119	6.34068e+07	         0	   1.91041
	      1529	       257	       710	   6474.14	   19996.8	3.05781e+07	    156640	6.49732e+07	         0	   1.91041
	      1539	       259	       718	   6439.13	     20000	3.07781e+07	    159222	6.65654e+07	         0	   1.91041
	      1549	       261	       727	    6403.8	   19886.6	3.09769e+07	    160110	6.81665e+07	0.000200279	   1.91242
	      1559	       262	       731	   6368.86	   19641.5	3.11734e+07	    158995	6.97565e+07	0.000560849	   1.91802
	      1569	       263	       735	   6334.34	   19405.6	3.13674e+07	    158195	7.13384e+07	0.00086208	   1.92664
	      1579	       264	       739	   6300.19	   19160.2	3.1559e+07	    157550	7.29139e+07	0.00114469	   1.93809
	      1589	       265	       743	    6266.4	   18910.7	3.17481e+07	    156961	7.44835e+07	0.00142045	    1.9523
	      1599	       266	       748	      6233	   18665.1	3.19348e+07	    156379	7.60473e+07	0.00169183	   1.96921
	      1609	       267	       753	   6199.94	   18424.7	3.2119e+07	    155788	7.76052e+07	0.00195979	   1.98881
	      1619	       269	       762	   6167.71	   18191.4	3.23009e+07	    155182	7.9157e+07	0.00222288	   2.01104
	      1629	       270	       766	   6135.68	   17965.2	3.24806e+07	    154571	8.07027e+07	0.00248315	   2.03587
	      1639	       271	       770	      6104	   17745.8	3.26581e+07	    153946	8.22422e+07	0.00273872	   2.06326
	      1649	       272	       774	   6072.62	   17532.9	3.28334e+07	    153308	8.37752e+07	0.00299056	   2.09317
	      1659	       273	       778	   6042.08	   17326.7	3.30066e+07	    152662	8.53019e+07	0.00323785	   2.12554
	      1669	       274	       782	   6011.75	   17126.9	3.31779e+07	    152010	8.6822e+07	0.00348051	   2.16035
	      1679	       275	       786	   5981.81	   16932.3	3.33472e+07	    151359	8.83356e+07	0.00371819	   2.19753
	      1689	       276	       790	   5952.25	   16744.2	3.35147e+07	    150702	8.98426e+07	0.00395131	   2.23704
	      1699	       277	       794	   5923.02	   16560.6	3.36803e+07	    150052	9.13431e+07	0.00417883	   2.27883
	      1709	       278	       798	   5894.15	   16382.3	3.38441e+07	    149403	9.28371e+07	0.00440148	   2.32285
	      1719	       279	       802	   5865.77	     16221	3.40063e+07	    148760	9.43247e+07	0.00461072	   2.36895
	      1729	       280	       806	   5837.69	   16055.4	3.41669e+07	    148117	9.58059e+07	0.00482175	   2.41717
	      1739	       281	       810	   5809.94	   15893.7	3.43258e+07	    147465	9.72806e+07	0.00503043	   2.46748
	      1749	       282	       814	   5782.51	     15735	3.44832e+07	    146815	9.87487e+07	0.00523565	   2.51983
	      1759	       283	       818	   5755.39	   15580.3	3.4639e+07	    146170	1.0021e+08	0.00543616	   2.57419
	      1769	       284	       822	   5729.13	   15429.1	3.47933e+07	    145536	1.01666e+08	0.00563169	   2.63051
	      1779	       285	       826	   5703.08	   15281.3	3.49461e+07	    144910	1.03115e+08	0.00582256	   2.68874
	      1789	       286	       830	   5677.36	   15136.9	3.50974e+07	    144291	1.04558e+08	0.00600913	   2.74883
	      1799	       287	       834	   5651.97	   14995.4	3.52474e+07	    143679	1.05995e+08	0.00619176	   2.81075
	      1809	       288	       838	   5626.97	   14862.1	3.5396e+07	    143078	1.07425e+08	0.00636633	   2.87441
	      1819	       289	       842	   5602.31	   14728.3	3.55433e+07	    142482	1.0885e+08	0.00653945	    2.9398
	      1829	       290	       846	   5577.91	   14597.4	3.56893e+07	    141889	1.10269e+08	0.00670939	    3.0069
	   1829.25	       291	       848	    5577.3	   14593.9	3.56929e+07	    141875	1.10305e+08	0.00671255	   3.00858
	   1830.25	       292	       851	   5574.86	   14580.7	3.57075e+07	    141815	1.10446e+08	0.00672955	   3.01531
	   1832.25	       293	       854	      5570	   14554.8	3.57366e+07	    141696	1.1073e+08	0.00676332	   3.02883
	   1836.25	       294	       857	   5560.34	   14503.9	3.57946e+07	    141457	1.11296e+08	0.00683028	   3.05615
	   1844.25	       295	       861	   5541.19	   14403.1	3.59098e+07	    140987	1.12423e+08	0.00696235	   3.11185
	   1854.25	       296	       865	   5517.64	   14282.5	3.60527e+07	    140411	1.13828e+08	0.00712113	   3.18306
	   1864.25	       297	       869	   5494.37	   14162.4	3.61943e+07	    139842	1.15226e+08	0.00727729	   3.25584
	   1874.25	       298	       873	   5471.38	   14048.5	3.63348e+07	    139333	1.16619e+08	0.00743101	   3.33015
	   1884.25	       299	       877	   5448.57	   13941.3	3.64742e+07	    138971	1.18009e+08	 0.0075867	   3.40601
	   1894.25	       300	       881	   5426.12	   13837.2	3.66126e+07	    138604	1.19395e+08	 0.0077384	    3.4834
	   1904.25	       302	       888	   5404.07	   13733.3	3.67499e+07	    138226	1.20777e+08	0.00788886	   3.56229
	   1914.25	       303	       892	   5382.18	   13631.7	3.68862e+07	    137834	1.22156e+08	0.00803873	   3.64267
	   1924.25	       304	       896	   5360.48	   13531.9	3.70215e+07	    137436	1.2353e+08	0.00818513	   3.72452
	   1934.25	       305	       900	   5338.97	   13433.9	3.71559e+07	    137035	 1.249e+08	0.00832869	   3.80781
	   1944.25	       306	       904	   5317.74	   13339.6	3.72893e+07	    136629	1.26267e+08	0.00846761	   3.89249
	   1954.25	       308	       911	   5297.28	   13249.2	3.74218e+07	    136225	1.27629e+08	0.00860027	   3.97849
	   1964.25	       309	       915	   5276.95	   13160.1	3.75534e+07	    135832	1.28987e+08	0.00873122	    4.0658
	   1974.25	       310	       919	   5256.82	   13071.1	3.76841e+07	    135445	1.30342e+08	0.00885959	    4.1544
	   1984.25	       311	       923	   5236.86	   12982.8	3.78139e+07	    135062	1.31692e+08	0.00898605	   4.24426
	   1994.25	       312	       927	   5217.04	   12895.7	3.79429e+07	    134677	1.33039e+08	0.00911032	   4.33536
	   2004.25	       313	       931	    5197.6	   12812.4	3.8071e+07	    134293	1.34382e+08	0.00922964	   4.42766
	   2014.25	       314	       935	   5178.37	   12730.1	3.81983e+07	    133915	1.35721e+08	 0.0093465	   4.52112
	   2024.25	       315	       939	   5159.62	   12667.9	3.8325e+07	    133366	1.37055e+08	0.00945693	   4.61569
	   2034.25	       316	       943	   5140.95	   12598.7	3.8451e+07	    132885	1.38384e+08	0.00956727	   4.71137
	   2044.25	       317	       947	   5122.71	     12530	3.85763e+07	    132438	1.39708e+08	0.00967361	    4.8081
	   2054.25	       318	       951	   5104.55	     12450	3.87008e+07	    132053	1.41029e+08	0.00958661	   4.90397
	   2064.25	       320	       958	   5087.03	   12386.5	3.88246e+07	    131467	1.42343e+08	0.00986928	   5.00266
	   2074.25	       321	       962	   5069.76	   12311.8	3.89477e+07	    131010	1.43653e+08	0.00996376	    5.1023
	   2084.25	       322	       966	   5052.85	   12238.3	3.90701e+07	    130622	1.4496e+08	 0.0100489	   5.20279
	   2094.25	       323	       970	   5036.08	   12161.8	3.91917e+07	    130231	1.46262e+08	 0.0101367	   5.30415
	   2104.25	       324	       974	    5019.8	   12086.9	3.93126e+07	    129843	1.4756e+08	 0.0102223	   5.40638
	   2114.25	       326	       981	   5004.33	   12014.3	3.94327e+07	    129464	1.48855e+08	 0.0103028	   5.50941
	   2124.25	       328	       988	   4989.21	   11943.6	3.95522e+07	    129097	1.50146e+08	 0.0103829	   5.61323
	   2134.25	       329	       992	   4974.37	   11874.3	3.96709e+07	    128747	1.51433e+08	 0.0104623	   5.71786
	   2144.25	       330	       995	   4960.02	   11801.8	3.97889e+07	    128500	1.52718e+08	 0.0105345	    5.8232
	   2154.25	       331	       998	   4945.85	   11725.5	3.99062e+07	    128313	1.54002e+08	 0.0106057	   5.92926
	   2164.25	       332	      1001	   4932.27	     11648	4.00227e+07	    128157	1.55283e+08	 0.0106755	   6.03601
	   2174.25	       333	      1004	   4918.69	   11570.4	4.01384e+07	    128014	1.56563e+08	 0.0107442	   6.14346
	   2184.25	       334	      1007	   4905.25	   11493.6	4.02533e+07	    127872	1.57842e+08	  0.010812	   6.25158
	   2194.25	       335	      1010	   4892.25	   11418.8	4.03675e+07	    127723	1.59119e+08	 0.0108782	   6.36036
	    2194.5	       336	      1012	   4891.94	   11416.9	4.03704e+07	    127719	1.59151e+08	 0.0108789	   6.36308
	    2195.5	       337	      1014	   4890.63	   11409.4	4.03818e+07	    127704	1.59279e+08	 0.0108855	   6.37396
	    2197.5	       338	      1016	   4888.02	   11394.6	4.04046e+07	    127674	1.59534e+08	 0.0108987	   6.39576
	    2201.5	       339	      1019	   4882.79	   11365.5	 4.045e+07	    127613	1.60045e+08	 0.0109247	   6.43946
	    2209.5	       340	      1021	   4872.52	   11308.5	4.05405e+07	    127487	1.61065e+08	 0.0109759	   6.52727
	    2219.5	       341	      1024	   4859.78	   11239.3	4.06529e+07	    127323	1.62338e+08	 0.0110384	   6.63765
	    2229.5	       342	      1027	   4847.17	   11171.9	4.07646e+07	    127152	1.63609e+08	 0.0110994	   6.74865
	    2239.5	       343	      1029	   4834.84	   11105.8	4.08757e+07	    126977	1.64879e+08	 0.0111591	   6.86024
	    2249.5	       344	      1031	   4822.58	   11041.5	4.09861e+07	    126798	1.66147e+08	 0.0112175	   6.97241
	    2259.5	       345	      1033	   4810.51	   10979.1	4.10959e+07	    126615	1.67413e+08	 0.0112745	   7.08516
	    2269.5	       346	      1036	   4798.89	   10924.5	4.12051e+07	    126380	1.68677e+08	 0.0113287	   7.19844
	    2279.5	       348	      1040	   4787.69	   10870.3	4.13138e+07	    126145	1.69938e+08	 0.0113814	   7.31226
	    2289.5	       349	      1043	   4776.63	   10818.6	4.1422e+07	    125909	1.71198e+08	 0.0114339	    7.4266
	    2299.5	       350	      1046	   4765.78	   10768.7	4.15297e+07	    125679	1.72454e+08	 0.0114834	   7.54143
	    2309.5	       351	      1049	   4755.32	   10720.4	4.16369e+07	    125459	1.73709e+08	 0.0115311	   7.65674
	    2319.5	       352	      1052	   4744.98	   10673.5	4.17436e+07	    125248	1.74961e+08	  0.011577	   7.77251
	    2329.5	       353	      1055	   4734.77	   10627.4	4.18499e+07	    125049	1.76212e+08	 0.0116213	   7.88872
	    2339.5	       354	      1057	   4724.69	   10581.9	4.19557e+07	    124861	1.7746e+08	 0.0116644	   8.00537
	    2349.5	       355	      1059	      4715	   10538.2	4.20611e+07	    124674	1.78707e+08	 0.0117059	   8.12243
	    2359.5	       356	      1062	   4705.31	   10495.4	4.21661e+07	    124490	1.79952e+08	 0.0117466	   8.23989
	    2369.5	       357	      1065	   4695.68	   10453.1	4.22706e+07	    124311	1.81195e+08	 0.0117863	   8.35776
	    2379.5	       358	      1068	   4686.13	   10411.4	4.23747e+07	    124138	1.82437e+08	 0.0118252	   8.47601
	    2389.5	       359	      1070	   4676.89	   10370.4	4.24784e+07	    123969	1.83676e+08	  0.011863	   8.59464
	    2399.5	       360	      1073	    4667.6	   10329.6	4.25817e+07	    123809	1.84914e+08	 0.0119001	   8.71364
	    2409.5	       361	      1076	   4658.51	   10289.2	4.26846e+07	    123656	1.86151e+08	 0.0119363	     8.833
	    2419.5	       362	      1078	   4649.53	   10249.6	4.27871e+07	    123507	1.87386e+08	 0.0119717	   8.95272
	    2429.5	       363	      1081	   4640.53	   10210.2	4.28892e+07	    123362	1.8862e+08	 0.0120065	   9.07278
	    2439.5	       364	      1084	    4631.6	     10171	4.29909e+07	    123224	1.89852e+08	 0.0120406	   9.19319
	    2449.5	       365	      1087	   4622.68	   10132.2	4.30922e+07	    123101	1.91083e+08	 0.0120734	   9.31392
	    2459.5	       366	      1090	    4613.8	   10092.8	4.31932e+07	    122999	1.92313e+08	 0.0121053	   9.43498
	    2469.5	       367	      1093	   4604.94	   10052.3	4.32937e+07	    122914	1.93542e+08	 0.0121369	   9.55634
	    2479.5	       368	      1096	   4596.08	   10010.5	4.33938e+07	    122845	1.9477e+08	 0.0121683	   9.67803
	    2489.5	       369	      1098	   4587.44	   9978.12	4.34936e+07	    122702	1.95998e+08	 0.0121975	       9.8
	    2499.5	       370	      1101	   4578.77	   9941.24	4.3593e+07	    122572	1.97223e+08	 0.0122289	   9.92229
	    2509.5	       371	      1104	   4570.17	   9905.97	4.3692e+07	    122428	1.98447e+08	 0.0122598	   10.0449
	    2519.5	       373	      1109	      4562	    9870.1	4.37907e+07	    122281	1.9967e+08	 0.0122907	   10.1678
	    2529.5	       374	      1112	   4553.74	   9833.85	4.38891e+07	    122145	2.00892e+08	 0.0123219	    10.291
	    2539.5	       375	      1115	   4545.54	   9797.51	4.3987e+07	    122020	2.02112e+08	  0.012352	   10.4145
	    2549.5	       376	      1118	   4537.38	   9760.78	4.40847e+07	    121906	2.03331e+08	 0.0123816	   10.5384
	    2559.5	       377	      1121	   4529.25	   9723.58	4.41819e+07	    121802	2.04549e+08	 0.0124109	   10.6625
	   2559.75	       378	      1123	   4529.06	   9722.64	4.41843e+07	    121799	2.04579e+08	 0.0124114	   10.6656
	   2560.75	       379	      1125	   4528.25	   9718.97	4.4194e+07	    121789	2.04701e+08	 0.0124143	    10.678
	   2562.75	       380	      1127	   4526.64	   9711.65	4.42135e+07	    121769	2.04945e+08	   0.01242	   10.7028
	   2566.75	       381	      1129	   4523.41	   9696.88	4.42523e+07	    121729	2.05432e+08	 0.0124315	   10.7525
	   2574.75	       382	      1132	      4517	    9666.8	4.43296e+07	    121652	2.06405e+08	 0.0124547	   10.8522
	   2584.75	       383	      1135	   4509.01	   9628.91	4.44259e+07	    121556	2.07621e+08	 0.0124838	    10.977
	   2594.75	       384	      1138	   4501.06	   9591.07	4.45218e+07	    121458	2.08835e+08	 0.0125127	   11.1021
	   2604.75	       385	      1141	   4493.17	   9553.66	4.46173e+07	    121358	2.10049e+08	 0.0125413	   11.2276
	   2614.75	       387	      1146	   4485.58	   9517.34	4.47125e+07	    121256	2.11261e+08	 0.0125689	   11.3532
	   2624.75	       388	      1149	    4477.9	   9480.97	4.48073e+07	    121152	2.12473e+08	 0.0125971	   11.4792
	   2634.75	       389	      1152	   4470.25	   9445.19	4.49018e+07	    121044	2.13683e+08	 0.0126247	   11.6055
	   2644.75	       390	      1155	   4462.63	   9410.04	4.49959e+07	    120933	2.14893e+08	  0.012652	    11.732
	   2654.75	       391	      1158	   4455.06	   9375.47	4.50896e+07	    120817	2.16101e+08	  0.012679	   11.8588
	   2664.75	       392	      1161	   4447.52	   9341.44	4.5183e+07	    120699	2.17308e+08	 0.0127057	   11.9858
	   2674.75	       393	      1164	   4440.03	   9307.95	4.52761e+07	    120577	2.18513e+08	 0.0127321	   12.1132
	   2684.75	       394	      1167	   4432.62	      9271	4.53688e+07	    120513	2.19719e+08	 0.0127575	   12.2407
	   2694.75	       395	      1170	   4425.22	   9232.24	4.54611e+07	    120468	2.20923e+08	 0.0127829	   12.3686
	   2704.75	       396	      1173	   4417.83	   9192.51	4.55531e+07	    120439	2.22128e+08	 0.0128079	   12.4966
	   2714.75	       397	      1176	    4410.5	    9153.4	4.56446e+07	    120416	2.23332e+08	 0.0128321	    12.625
	   2724.75	       398	      1179	   4403.17	   9113.06	4.57357e+07	    120399	2.24536e+08	 0.0128567	   12.7535
	   2734.75	       399	      1182	   4395.92	   9072.41	4.58265e+07	    120386	2.2574e+08	 0.0128812	   12.8823
	   2744.75	       400	      1185	    4388.7	   9031.36	4.59168e+07	    120377	2.26943e+08	 0.0129055	   13.0114
	   2754.75	       401	      1188	   4381.54	   8990.11	4.60067e+07	    120370	2.28147e+08	 0.0129298	   13.1407
	   2764.75	       402	      1191	   4374.47	    8948.7	4.60962e+07	    120364	2.29351e+08	  0.012954	   13.2702
	   2774.75	       403	      1194	   4367.39	   8907.26	4.61852e+07	    120356	2.30554e+08	 0.0129782	      13.4
	   2784.75	       405	      1199	   4360.52	   8866.31	4.62739e+07	    120348	2.31758e+08	 0.0130018	     13.53
	   2794.75	       406	      1202	   4353.57	   8825.77	4.63621e+07	    120341	2.32961e+08	 0.0130253	   13.6603
	   2804.75	       407	      1205	   4346.71	   8786.59	 4.645e+07	    120328	2.34164e+08	 0.0130481	   13.7908
	   2814.75	       408	      1208	   4339.94	   8748.94	4.65375e+07	    120320	2.35368e+08	 0.0130696	   13.9215
	   2824.75	       409	      1211	   4333.15	   8707.19	4.66246e+07	    120426	2.36572e+08	 0.0130878	   14.0523
	   2834.75	       411	      1217	    4326.5	   8661.16	4.67112e+07	    120533	2.37777e+08	 0.0131083	   14.1834
	   2844.75	       412	      1220	   4319.78	   8614.69	4.67973e+07	    120630	2.38984e+08	 0.0131295	   14.3147
	   2854.75	       413	      1223	   4313.05	   8568.59	4.6883e+07	    120713	2.40191e+08	  0.013151	   14.4462
	   2864.75	       414	      1226	   4306.49	   8523.36	4.69683e+07	    120785	2.41399e+08	 0.0131725	    14.578
	   2874.75	       416	      1232	      4300	   8479.32	4.7053e+07	    120848	2.42607e+08	 0.0131937	   14.7099
	   2884.75	       417	      1235	   4293.49	   8436.06	4.71374e+07	    120904	2.43816e+08	 0.0132146	    14.842
	   2894.75	       418	      1238	   4287.04	   8393.51	4.72213e+07	    120952	2.45026e+08	 0.0132353	   14.9744
	   2904.75	       420	      1244	   4280.84	   8353.31	4.73049e+07	    120995	2.46236e+08	  0.013255	   15.1069
	   2914.75	       421	      1247	   4274.61	   8313.33	4.7388e+07	    121026	2.47446e+08	  0.013275	   15.2397
	   2924.75	       423	      1253	   4268.57	   8274.21	4.74707e+07	    121045	2.48656e+08	 0.0132949	   15.3726
	      2925	       424	      1255	   4268.42	   8273.24	4.74728e+07	    121046	2.48687e+08	 0.0132954	    15.376
	      2926	       425	      1258	   4267.82	   8269.34	4.74811e+07	    121047	2.48808e+08	 0.0132974	   15.3893
	      2928	       426	      1261	   4266.61	    8261.6	4.74976e+07	    121050	2.4905e+08	 0.0133013	   15.4159
	      2932	       427	      1264	   4264.22	    8246.3	4.75306e+07	    121055	2.49534e+08	 0.0133092	   15.4691
	      2940	       428	      1267	   4259.43	   8216.35	4.75963e+07	    121061	2.50502e+08	 0.0133248	   15.5757
	      2950	       430	      1273	   4253.49	    8179.8	4.76781e+07	    121064	2.51713e+08	 0.0133438	   15.7091
	      2960	       431	      1277	   4247.53	   8143.97	4.77596e+07	    121063	2.52924e+08	 0.0133626	   15.8428
	      2970	       432	      1280	   4241.64	   8108.81	4.78407e+07	    121060	2.54134e+08	  0.013381	   15.9766
	      2980	       433	      1283	   4235.75	   8074.31	4.79214e+07	    121056	2.55345e+08	  0.013399	   16.1106
	      2990	       434	      1286	   4229.91	   8040.31	4.80018e+07	    121052	2.56555e+08	 0.0134167	   16.2447
	      3000	       436	      1292	   4224.18	   8007.08	4.80819e+07	    121048	2.57766e+08	 0.0134339	   16.3791
	      3010	       437	      1295	   4218.44	   7974.34	4.81616e+07	    121044	2.58976e+08	 0.0134508	   16.5136
	      3020	       438	      1298	   4212.79	   7942.19	4.8241e+07	    121038	2.60187e+08	 0.0134673	   16.6482
	      3030	       439	      1301	   4207.21	   7910.81	4.83201e+07	    121026	2.61397e+08	 0.0134837	   16.7831
	      3040	       440	      1305	   4201.58	   7879.68	4.83989e+07	    121008	2.62607e+08	    0.0135	   16.9181
	      3050	       441	      1309	   4195.96	   7848.89	4.84774e+07	    120987	2.63817e+08	 0.0135163	   17.0532
	      3060	       442	      1312	   4190.44	   7819.02	4.85556e+07	    120967	2.65027e+08	  0.013532	   17.1886
	      3070	       443	      1316	   4184.91	   7789.01	4.86335e+07	    120946	2.66236e+08	 0.0135477	    17.324
	      3080	       444	      1319	   4179.39	   7759.19	4.87111e+07	    120926	2.67445e+08	 0.0135632	   17.4597
	      3090	       445	      1322	   4173.91	   7729.49	4.87884e+07	    120907	2.68654e+08	 0.0135785	   17.5955
	      3100	       446	      1325	   4168.52	   7700.06	4.88654e+07	    120890	2.69863e+08	 0.0135936	   17.7314
	      3110	       447	      1328	    4163.1	   7670.88	4.89421e+07	    120876	2.71072e+08	 0.0136083	   17.8675
	      3120	       448	      1331	   4157.69	   7641.86	4.90185e+07	    120866	2.72281e+08	 0.0136226	   18.0037
	      3130	       449	      1334	   4152.34	   7613.06	4.90947e+07	    120860	2.73489e+08	 0.0136367	   18.1401
	      3140	       450	      1337	   4147.02	   7584.63	4.91705e+07	    120860	2.74698e+08	 0.0136502	   18.2766
	      3150	       451	      1340	   4141.68	   7556.11	4.92461e+07	    120861	2.75906e+08	 0.0136637	   18.4132
	      3160	       452	      1343	   4136.43	   7527.81	4.93213e+07	    120865	2.77115e+08	 0.0136769	     18.55
	      3170	       453	      1346	   4131.21	   7499.74	4.93963e+07	    120873	2.78324e+08	 0.0136898	   18.6869
	      3180	       454	      1349	   4125.96	   7471.55	4.94711e+07	    120883	2.79533e+08	 0.0137026	   18.8239
	      3190	       455	      1352	    4120.8	   7443.59	4.95455e+07	    120896	2.80742e+08	 0.0137151	   18.9611
	      3200	       456	      1355	   4115.63	   7415.53	4.96196e+07	    120909	2.81951e+08	 0.0137276	   19.0983
	      3210	       457	      1358	   4110.47	   7387.96	4.96935e+07	    120933	2.8316e+08	 0.0137393	   19.2357
	      3220	       458	      1361	   4105.35	   7360.02	4.97671e+07	    120962	2.8437e+08	  0.013751	   19.3732
	      3230	       459	      1364	   4100.25	   7331.76	4.98404e+07	    120993	2.8558e+08	 0.0137627	   19.5109
	      3240	       460	      1367	   4095.22	   7303.47	4.99135e+07	    121028	2.8679e+08	 0.0137742	   19.6486
	      3250	       461	      1370	   4090.18	   7274.95	4.99862e+07	    121064	2.88001e+08	 0.0137857	   19.7865
	      3260	       462	      1373	   4085.23	   7246.32	5.00587e+07	    121100	2.89212e+08	 0.0137972	   19.9244
	      3270	       463	      1376	   4080.25	    7217.7	5.01309e+07	    121136	2.90423e+08	 0.0138087	   20.0625
	      3280	       464	      1379	    4075.3	   7189.13	5.02028e+07	    121171	2.91635e+08	 0.0138201	   20.2007
	      3290	       465	      1382	   4070.42	    7160.8	5.02744e+07	    121206	2.92847e+08	 0.0138314	    20.339
	   3290.25	       466	      1384	   4070.39	   7160.09	5.02762e+07	    121207	2.92877e+08	 0.0138317	   20.3425
	   3291.25	       467	      1387	   4069.91	   7157.26	5.02833e+07	    121211	2.92998e+08	 0.0138328	   20.3563
	   3293.25	       468	      1389	   4068.96	   7151.66	5.02976e+07	    121218	2.93241e+08	  0.013835	    20.384
	   3297.25	       469	      1392	   4067.06	   7140.55	5.03262e+07	    121232	2.93726e+08	 0.0138394	   20.4394
	   3305.25	       470	      1395	   4063.26	    7118.4	5.03831e+07	    121263	2.94696e+08	  0.013848	   20.5501
	   3315.25	       471	      1398	   4058.51	    7090.7	5.0454e+07	    121301	2.95909e+08	 0.0138587	   20.6887
	   3325.25	       472	      1401	   4053.89	   7063.18	5.05247e+07	    121339	2.97122e+08	 0.0138693	   20.8274
	   3335.25	       473	      1404	   4049.23	   7035.85	5.0595e+07	    121376	2.98336e+08	 0.0138798	   20.9662
	   3345.25	       474	      1407	   4044.57	   7008.63	5.06651e+07	    121412	2.9955e+08	 0.0138902	   21.1051
	   3355.25	       475	      1410	   4039.92	   6981.54	5.07349e+07	    121447	3.00764e+08	 0.0139006	   21.2441
	   3365.25	       476	      1413	   4035.31	   6954.63	5.08045e+07	    121481	3.01979e+08	 0.0139109	   21.3832
	   3375.25	       477	      1416	   4030.85	   6928.15	5.08738e+07	    121515	3.03194e+08	  0.013921	   21.5224
	   3385.25	       478	      1419	   4026.35	   6901.89	5.09428e+07	    121551	3.0441e+08	 0.0139308	   21.6617
	   3395.25	       479	      1422	   4021.92	   6875.78	5.10115e+07	    121586	3.05626e+08	 0.0139406	   21.8012
	   3405.25	       480	      1425	   4017.52	   6849.84	 5.108e+07	    121621	3.06842e+08	 0.0139503	   21.9407
	   3415.25	       481	      1428	   4013.25	   6824.13	5.11483e+07	    121656	3.08058e+08	 0.0139597	   22.0803
	   3425.25	       482	      1431	   4008.96	   6798.62	5.12163e+07	    121693	3.09275e+08	 0.0139691	   22.2199
	   3435.25	       483	      1434	   4004.72	    6773.3	5.1284e+07	    121729	3.10493e+08	 0.0139783	   22.3597
	   3445.25	       485	      1439	   4000.59	   6748.25	5.13515e+07	    121767	3.1171e+08	 0.0139873	   22.4996
	   3455.25	       486	      1442	   3996.44	   6723.62	5.14187e+07	    121808	3.12928e+08	  0.013996	   22.6396
	   3465.25	       487	      1445	   3992.32	   6699.14	5.14857e+07	    121851	3.14147e+08	 0.0140045	   22.7796
	   3475.25	       488	      1448	   3988.31	   6674.81	5.15524e+07	    121896	3.15366e+08	 0.0140128	   22.9197
	   3485.25	       489	      1451	   3984.31	   6650.63	5.1619e+07	    121942	3.16585e+08	  0.014021	   23.0599
	   3495.25	       490	      1454	   3980.34	   6626.59	5.16852e+07	    121989	3.17805e+08	 0.0140291	   23.2002
	   3505.25	       491	      1457	   3976.37	   6602.68	5.17512e+07	    122037	3.19026e+08	  0.014037	   23.3406
	   3515.25	       493	      1463	   3972.48	   6578.94	5.1817e+07	    122086	3.20246e+08	 0.0140448	   23.4811
	   3525.25	       494	      1466	   3968.56	   6555.33	5.18826e+07	    122135	3.21468e+08	 0.0140525	   23.6216
	   3535.25	       495	      1469	   3964.63	   6531.79	5.19479e+07	    122185	3.2269e+08	 0.0140602	   23.7622
	   3545.25	       496	      1472	   3960.71	   6508.32	5.2013e+07	    122234	3.23912e+08	 0.0140678	   23.9029
	   3555.25	       497	      1475	   3956.79	   6484.93	5.20778e+07	    122281	3.25135e+08	 0.0140754	   24.0436
	   3565.25	       498	      1478	   3952.88	   6461.66	5.21425e+07	    122328	3.26358e+08	 0.0140829	   24.1844
	   3575.25	       499	      1481	   3948.99	   6439.51	5.22068e+07	    122341	3.27582e+08	 0.0140911	   24.3254
	   3585.25	       500	      1484	    3945.1	      6419	5.2271e+07	    122344	3.28805e+08	  0.014099	   24.4663
	   3595.25	       501	      1487	   3941.23	    6399.3	5.2335e+07	    122341	3.30028e+08	 0.0141067	   24.6074
	   3605.25	       502	      1490	   3937.37	   6380.06	5.23988e+07	    122337	3.31252e+08	 0.0141142	   24.7486
	   3615.25	       503	      1493	   3933.51	   6360.86	5.24624e+07	    122327	3.32475e+08	 0.0141219	   24.8898
	   3625.25	       504	      1496	   3929.67	   6342.03	5.25259e+07	    122317	3.33698e+08	 0.0141294	   25.0311
	   3635.25	       505	      1499	   3925.87	   6323.38	5.25891e+07	    122306	3.34921e+08	 0.0141368	   25.1724
	   3645.25	       506	      1502	   3922.08	    6304.9	5.26521e+07	    122295	3.36144e+08	 0.0141441	   25.3139
	   3655.25	       507	      1505	   3918.29	   6286.58	5.2715e+07	    122283	3.37367e+08	 0.0141514	   25.4554
	    3655.5	       508	      1507	    3918.2	   6286.11	5.27166e+07	    122283	3.37398e+08	 0.0141516	   25.4589
The 2th Row
	      TIME	      FGIR	      FGIT	      FWIR	      FWIT	      WBHP	      WBHP	       BPR	       BPR
	       DAY	  MSCF/DAY	      MSCF	   STB/DAY	       STB	      PSIA	      PSIA	      PSIA	      PSIA
	          	          	          	          	          	     INJE1	     PROD1	   (1,1,1)	 (10,10,3)
	         1	    100006	    100006	         0	         0	   8249.67	   2924.23	   5074.08	   4582.55
	         2	   99584.4	    199591	         0	         0	   7968.05	    2799.6	   5243.31	    4451.9
	   3.75984	    100148	    375835	         0	         0	   7895.15	   2670.67	   5485.13	   4316.65
	         4	   99966.9	    399844	         0	         0	   7863.11	   2654.51	   5520.43	    4299.7
	         5	   99645.2	    499489	         0	         0	    7960.2	   2602.91	   5622.03	   4245.56
	         7	    100183	    699856	         0	         0	   7822.81	   2529.19	   5725.72	    4168.2
	        11	   99957.4	1.09969e+06	         0	         0	   7476.05	   2434.15	   5802.19	   4068.46
	        13	   97926.6	1.29554e+06	         0	         0	   7249.36	   2395.21	   5819.15	   4027.58
	        14	     99791	1.39533e+06	         0	         0	   7210.12	   2377.89	   5827.99	   4009.39
	        16	    101677	1.59868e+06	         0	         0	   7121.63	   2362.58	   5842.96	   3997.48
	        20	     99964	1.99854e+06	         0	         0	    7006.4	   2332.07	   5899.86	   3971.69
	        28	    100003	2.79856e+06	         0	         0	   6965.88	   2276.36	   5998.92	   3924.66
	        38	    100000	3.79856e+06	         0	         0	   6792.23	   2225.38	   6021.89	   3882.46
	        42	   99998.7	4.19856e+06	         0	         0	   6746.08	   2205.61	   6027.89	   3867.13
	        43	   99948.8	4.29851e+06	         0	         0	   6736.53	   2200.82	   6030.15	   3863.41
	        45	   99914.6	4.49834e+06	         0	         0	   6722.18	   2191.84	   6035.71	   3856.41
	        49	   99995.5	4.89832e+06	         0	         0	   6697.48	   2176.74	   6043.91	   3844.53
	        50	   99962.2	4.99828e+06	         0	         0	   6690.86	   2173.14	   6045.71	   3841.69
	        51	   99965.7	5.09825e+06	         0	         0	   6685.15	   2169.73	   6047.38	   3838.99
	        53	   99937.2	5.29812e+06	         0	         0	   6673.45	    2163.6	   6049.55	   3834.12
	        57	    100019	5.6982e+06	         0	         0	   6650.59	   2154.22	   6050.25	   3826.56
	        65	   99902.2	6.49742e+06	         0	         0	   6604.49	   2145.36	    6042.5	   3819.12
	        75	    100051	7.49793e+06	         0	         0	   6553.39	   2146.44	   6025.41	   3819.42
	        85	   99996.8	8.49789e+06	         0	         0	   6526.47	    2156.9	   6022.28	   3827.27
	        95	   99999.4	9.49789e+06	         0	         0	   6505.36	   2174.29	   6019.75	   3840.84
	       105	   99999.7	1.04979e+07	         0	         0	   6491.97	   2196.54	   6020.56	   3858.52
	       115	     99999	1.14979e+07	         0	         0	   6480.58	   2221.81	   6025.68	   3878.96
	       125	    100000	1.24979e+07	         0	         0	   6465.41	   2247.22	   6028.71	    3900.2
	       135	    100003	1.34979e+07	         0	         0	   6452.59	   2271.82	   6031.56	   3921.26
	       145	   99999.9	1.44979e+07	         0	         0	   6439.89	   2296.62	   6032.79	   3942.44
	       155	    100000	1.54979e+07	         0	         0	   6426.65	   2321.62	      6032	   3963.72
	       165	   99994.2	1.64978e+07	         0	         0	    6416.6	   2346.82	   6032.74	   3985.13
	       175	    100003	1.74979e+07	         0	         0	   6410.89	    2372.2	   6036.34	   4006.65
	   182.625	   99975.4	1.82602e+07	         0	         0	   6407.85	   2391.78	   6039.95	   4023.21
	   183.625	   99983.9	1.83602e+07	         0	         0	   6407.37	   2393.46	   6040.41	    4025.3
	   185.625	   99985.6	1.85601e+07	         0	         0	   6406.68	   2399.13	   6041.34	   4030.41
	   189.625	    100005	1.89602e+07	         0	         0	   6405.28	   2409.76	   6043.03	   4039.99
	   197.625	   99982.1	 1.976e+07	         0	         0	   6400.95	   2429.54	   6044.82	   4057.72
	   207.625	   99962.2	2.07596e+07	         0	         0	   6398.25	   2455.95	   6048.87	    4087.7
	   217.625	   99998.2	2.17596e+07	         0	         0	   6398.37	   2481.42	   6054.86	   4114.65
	   227.625	   99999.8	2.27596e+07	         0	         0	   6402.43	   2505.19	   6064.16	   4139.71
	   237.625	   99999.8	2.37596e+07	         0	         0	    6408.6	   2528.37	   6075.11	   4164.05
	   247.625	   99999.9	2.47596e+07	         0	         0	   6415.89	   2555.81	   6086.81	   4192.79
	   257.625	    100001	2.57596e+07	         0	         0	   6423.13	   2581.23	    6098.2	   4219.37
	   267.625	     99988	2.67595e+07	         0	         0	   6429.98	   2604.83	   6108.98	   4244.04
	   277.625	   99999.7	2.77595e+07	         0	         0	   6437.06	   2627.71	    6118.8	   4267.94
	   287.625	   99998.7	2.87595e+07	         0	         0	   6445.96	   2650.26	   6129.82	   4291.51
	   297.625	    100001	2.97595e+07	         0	         0	   6459.29	   2672.65	   6144.93	   4314.93
	   307.625	   99999.8	3.07595e+07	         0	         0	   6475.42	   2695.13	   6162.72	   4338.48
	   317.625	   99977.9	3.17593e+07	         0	         0	   6491.67	   2719.15	   6180.69	   4363.65
	   327.625	   99914.4	3.27584e+07	         0	         0	   6505.05	   2740.04	   6196.03	   4385.58
	   337.625	   99997.4	3.37584e+07	         0	         0	   6517.99	   2762.14	   6210.36	   4408.78
	   347.625	   99989.3	3.47583e+07	         0	         0	    6530.6	   2784.13	   6224.56	    4431.9
	   357.625	   99999.9	3.57583e+07	         0	         0	   6543.15	    2806.4	   6238.57	   4455.33
	    365.25	   99947.6	3.65204e+07	         0	         0	   6552.48	    2822.1	   6249.26	   4471.87
	    366.25	   99997.9	3.66204e+07	         0	         0	   6553.44	   2824.25	   6250.55	   4474.13
	    368.25	   99998.7	3.68204e+07	         0	         0	      6556	   2828.55	   6253.34	   4478.65
	    372.25	     99947	3.72202e+07	         0	         0	   6561.18	   2836.85	   6259.12	    4487.4
	    380.25	   99998.3	3.80201e+07	         0	         0	    6572.6	   2854.25	   6271.21	   4505.73
	    390.25	   99997.8	3.90201e+07	         0	         0	   6586.29	   2876.22	   6286.06	   4528.89
	    400.25	   99951.7	4.00196e+07	         0	         0	   6598.81	    2894.5	   6299.99	   4548.19
	    410.25	    100000	4.10196e+07	         0	         0	   6610.84	   2916.49	    6313.1	   4571.38
	    420.25	   99960.9	4.20193e+07	         0	         0	   6622.89	   2936.24	   6326.41	   4592.23
	    430.25	   99988.6	4.30191e+07	         0	         0	   6634.92	   2957.74	   6339.47	    4614.9
	    440.25	    100000	4.40191e+07	         0	         0	   6646.47	   2978.67	   6352.07	   4636.99
	    450.25	    100000	4.50191e+07	         0	         0	   6659.06	   2999.73	   6365.62	   4659.21
	    460.25	   99957.9	4.60187e+07	         0	         0	   6671.88	   3018.81	   6379.52	   4679.35
	    470.25	   99986.4	4.70186e+07	         0	         0	   6684.53	    3038.6	   6393.02	   4700.22
	    480.25	    100000	4.80186e+07	         0	         0	   6697.41	    3059.6	   6406.73	   4722.37
	    490.25	   99955.1	4.90181e+07	         0	         0	   6710.36	   3078.38	   6420.66	   4742.18
	    500.25	   99951.9	5.00177e+07	         0	         0	   6722.89	   3097.12	   6434.03	   4761.95
	    510.25	    100000	5.10177e+07	         0	         0	    6735.5	    3117.3	   6447.31	   4783.21
	    520.25	   99958.2	5.20172e+07	         0	         0	   6748.06	   3135.56	   6460.74	   4802.46
	    530.25	    100000	5.30172e+07	         0	         0	   6760.85	   3155.76	   6474.15	   4823.81
	    540.25	   99953.6	5.40168e+07	         0	         0	   6773.32	   3173.17	   6487.47	   4842.21
	    550.25	    100000	5.50168e+07	         0	         0	   6786.16	   3193.73	   6500.86	   4863.92
	   550.875	   99952.8	5.50793e+07	         0	         0	   6786.34	   3194.97	   6501.65	   4865.23
	   551.875	     99944	5.51792e+07	         0	         0	   6787.51	   3196.91	    6502.9	   4867.28
	   553.875	   99939.8	5.53791e+07	         0	         0	   6789.97	    3200.8	   6505.46	   4871.39
	   557.875	   99938.4	5.57788e+07	         0	         0	   6795.14	    3208.4	    6510.8	   4879.41
	   565.875	    100004	5.65789e+07	         0	         0	   6806.43	   3224.43	    6522.2	   4896.33
	   575.875	    100000	5.75789e+07	         0	         0	   6820.03	   3244.33	   6536.33	   4917.32
	   585.875	   99945.4	5.85783e+07	         0	         0	   6833.13	   3262.12	   6550.18	   4936.09
	   595.875	    100002	5.95783e+07	         0	         0	   6846.69	   3281.22	   6564.15	   4956.23
	   605.875	    100002	6.05784e+07	         0	         0	   6859.88	   3300.45	   6577.91	    4976.5
	   615.875	   99942.9	6.15778e+07	         0	         0	      6872	   3317.41	   6590.78	    4994.4
	   625.875	    100000	6.25778e+07	         0	         0	   6885.01	    3336.6	   6604.14	   5014.61
	   635.875	    100000	6.35778e+07	         0	         0	   6898.21	   3356.22	   6617.82	   5035.28
	   645.875	   99943.1	6.45772e+07	         0	         0	   6911.05	   3372.43	   6631.32	   5052.36
	   655.875	   99999.5	6.55772e+07	         0	         0	   6924.79	    3391.9	   6645.35	   5072.85
	   665.875	    100000	6.65772e+07	         0	         0	   6938.47	   3410.76	   6659.47	   5092.71
	   675.875	    100001	6.75772e+07	         0	         0	   6951.91	   3429.39	   6673.36	   5112.32
	   685.875	    100002	6.85772e+07	         0	         0	   6965.16	   3447.65	   6687.05	   5131.53
	   695.875	    100000	6.95772e+07	         0	         0	   6978.34	   3465.89	   6700.65	   5150.72
	   705.875	    100000	7.05772e+07	         0	         0	   6992.06	   3484.45	   6714.76	   5170.25
	   715.875	   99998.2	7.15772e+07	         0	         0	   7005.91	   3503.33	   6728.99	    5190.1
	   725.875	     99998	7.25772e+07	         0	         0	   7019.67	   3522.08	   6743.13	   5209.82
	     733.5	   99998.8	7.33397e+07	         0	         0	   7030.01	   3536.03	   6753.86	   5224.48
	     734.5	   99997.3	7.34397e+07	         0	         0	   7031.02	   3537.86	   6755.23	   5226.41
	     736.5	   99999.8	7.36397e+07	         0	         0	   7033.82	   3541.51	   6758.05	   5230.25
	     740.5	    100001	7.40397e+07	         0	         0	   7039.35	   3548.72	   6763.63	   5237.82
	     748.5	   99999.1	7.48397e+07	         0	         0	   7050.36	    3562.8	   6774.74	   5252.63
	     758.5	   99996.9	7.58397e+07	         0	         0	   7064.08	   3581.17	   6788.71	   5271.93
	     768.5	   99996.8	7.68396e+07	         0	         0	   7077.66	   3599.58	   6802.64	   5291.28
	     778.5	   99995.6	7.78396e+07	         0	         0	   7091.12	   3617.53	   6816.44	   5310.13
	     788.5	   99996.8	7.88396e+07	         0	         0	   7104.47	    3635.2	   6830.12	    5328.7
	     798.5	   99996.5	7.98395e+07	         0	         0	   7118.52	   3652.85	   6844.45	   5347.24
	     808.5	   99999.9	8.08395e+07	         0	         0	   7132.21	   3671.33	   6858.44	   5366.64
	     818.5	    100000	8.18395e+07	         0	         0	   7145.85	   3690.74	   6872.39	   5387.02
	     828.5	   99990.4	8.28394e+07	         0	         0	   7159.29	   3709.79	   6886.16	   5407.03
	     838.5	     99986	8.38393e+07	         0	         0	   7172.77	   3727.41	   6899.94	   5425.53
	     848.5	   99987.3	8.48392e+07	         0	         0	   7186.16	    3744.4	   6913.61	   5443.35
	     858.5	   99991.1	8.58391e+07	         0	         0	   7199.44	   3762.41	   6927.17	   5462.26
	     868.5	   99990.6	8.6839e+07	         0	         0	   7212.46	   3780.54	   6940.47	   5481.28
	     878.5	   99990.6	8.78389e+07	         0	         0	   7225.37	   3798.85	   6953.66	   5500.49
	     888.5	   99999.9	8.88389e+07	         0	         0	   7238.54	   3818.81	   6967.06	   5521.42
	     898.5	   99994.1	8.98388e+07	         0	         0	   7251.42	   3838.64	   6980.22	   5542.22
	     908.5	     99995	9.08388e+07	         0	         0	   7264.28	      3857	   6993.34	   5561.46
	   916.125	   99995.8	9.16012e+07	         0	         0	   7274.01	   3871.06	   7003.37	    5576.2
	   917.125	   99997.9	9.17012e+07	         0	         0	   7275.05	   3872.98	   7004.73	   5578.21
	   919.125	     99998	9.19012e+07	         0	         0	   7277.81	   3876.89	   7007.49	    5582.3
	   923.125	     99999	9.23012e+07	         0	         0	   7283.26	   3884.69	   7012.94	   5590.48
	   931.125	    100001	9.31012e+07	         0	         0	   7294.02	   3900.25	   7023.71	   5606.78
	   941.125	    100000	9.41012e+07	         0	         0	   7307.33	   3920.92	   7037.16	   5628.41
	   951.125	    100003	9.51013e+07	         0	         0	   7320.71	   3942.47	   7050.77	   5650.96
	   961.125	    100003	9.61013e+07	         0	         0	   7333.98	   3964.61	   7064.26	   5674.11
	   971.125	   99996.6	9.71013e+07	         0	         0	   7347.06	   3986.36	    7077.6	   5696.84
	   981.125	   99999.9	9.81013e+07	         0	         0	   7360.45	   4008.05	    7091.2	   5719.48
	   991.125	   99997.4	9.91012e+07	         0	         0	   7373.78	   4029.18	   7104.74	    5741.5
	   1001.13	     99996	1.00101e+08	         0	         0	   7387.16	   4047.24	   7118.34	   5760.26
	   1011.13	   99979.2	1.01101e+08	         0	         0	    7400.2	   4064.42	   7131.66	   5778.07
	   1021.13	    100000	1.02101e+08	         0	         0	   7413.91	   4083.65	    7145.5	   5797.96
	   1031.13	   99980.2	1.03101e+08	         0	         0	   7426.62	    4103.6	    7158.5	   5818.55
	   1041.13	   99999.5	1.04101e+08	         0	         0	   7440.11	   4127.14	   7172.12	    5842.8
	   1051.13	    100007	1.05101e+08	         0	         0	   7453.28	   4150.75	   7185.49	   5867.04
	   1061.13	    100006	1.06101e+08	         0	         0	   7466.17	   4169.62	   7198.59	   5886.16
	   1071.13	   99999.7	1.07101e+08	         0	         0	   7478.88	   4192.51	   7211.53	   5909.32
	   1081.13	   99980.4	1.08101e+08	         0	         0	   7490.76	   4216.61	    7223.7	    5933.5
	   1091.13	   99999.2	1.09101e+08	         0	         0	   7502.96	   4245.71	   7236.05	   5962.61
	   1098.75	   99997.3	1.09863e+08	         0	         0	   7511.89	   4268.33	   7245.25	   5985.01
	   1099.75	   99991.3	1.09963e+08	         0	         0	   7512.75	   4271.74	   7246.43	    5988.4
	   1101.75	   99996.4	1.10163e+08	         0	         0	   7515.18	   4278.07	   7248.85	   5994.67
	   1105.75	   99979.2	1.10563e+08	         0	         0	   7519.76	   4290.79	   7253.48	   6007.17
	   1113.75	   99996.7	1.11363e+08	         0	         0	    7529.2	   4317.24	   7262.87	   6032.88
	   1123.75	   99999.5	1.12363e+08	         0	         0	   7540.78	   4350.56	   7274.57	   6064.66
	   1133.75	   99999.6	1.13363e+08	         0	         0	   7552.15	   4378.36	   7286.14	   6089.96
	   1143.75	   99992.4	1.14363e+08	         0	         0	   7563.43	   4390.19	   7297.64	   6097.85
	   1153.75	   99999.9	1.15363e+08	         0	         0	   7575.08	   4414.43	   7309.45	      6118
	   1163.75	   99999.8	1.16363e+08	         0	         0	   7586.68	   4437.48	   7321.25	   6135.97
	   1173.75	   99998.7	1.17363e+08	         0	         0	   7598.17	   4458.24	   7332.94	   6149.79
	   1183.75	   99980.8	1.18363e+08	         0	         0	   7609.06	   4476.15	   7344.08	   6158.15
	   1193.75	     99999	1.19363e+08	         0	         0	   7620.45	   4499.82	    7355.6	    6169.4
	   1203.75	   99998.2	1.20363e+08	         0	         0	   7631.44	   4536.04	    7366.8	   6189.24
	   1213.75	   99970.3	1.21362e+08	         0	         0	   7641.63	   4563.77	   7377.28	   6192.36
	   1223.75	   99998.7	1.22362e+08	         0	         0	   7652.26	   4598.39	   7388.01	   6184.24
	   1233.75	     99973	1.23362e+08	         0	         0	   7661.62	   4640.72	   7397.67	   6172.36
	   1243.75	    100000	1.24362e+08	         0	         0	   7671.07	   4701.12	   7407.25	   6156.88
	   1253.75	   99999.6	1.25362e+08	         0	         0	   7679.57	   4747.06	   7415.97	   6162.92
	   1263.75	   99999.9	1.26362e+08	         0	         0	   7687.23	   4648.33	   7423.87	   6147.09
	   1273.75	    100000	1.27362e+08	         0	         0	   7693.72	   4310.22	   7430.61	   6084.52
	   1283.75	   99999.9	1.28362e+08	         0	         0	   7698.38	   3902.23	   7435.54	   5990.47
	   1293.75	   99999.9	1.29362e+08	         0	         0	   7700.28	   3469.03	   7437.78	   5851.78
	   1303.75	   99999.8	1.30362e+08	         0	         0	   7698.71	    3174.7	   7436.59	    5737.7
	   1313.75	    100000	1.31362e+08	         0	         0	   7693.52	   3022.57	   7431.81	   5665.27
	   1323.75	    100003	1.32362e+08	         0	         0	   7685.15	   2943.03	   7423.84	   5622.73
	   1333.75	    100001	1.33362e+08	         0	         0	   7674.05	   2887.06	   7413.15	   5594.23
	   1343.75	    100001	1.34362e+08	         0	         0	   7660.94	   2827.34	   7400.42	      5569
	   1353.75	   99960.9	1.35362e+08	         0	         0	   7646.36	   2754.77	   7386.19	   5543.38
	   1363.75	    100012	1.36362e+08	         0	         0	   7630.91	   2666.23	    7370.8	   5512.77
	   1373.75	    100002	1.37362e+08	         0	         0	    7613.8	   2571.67	   7353.94	   5479.83
	   1383.75	    100009	1.38362e+08	         0	         0	   7595.72	   2471.83	   7336.04	   5443.49
	   1393.75	    100006	1.39362e+08	         0	         0	   7576.32	   2372.32	   7316.86	   5405.43
	   1403.75	    100007	1.40362e+08	         0	         0	   7555.69	   2275.66	   7296.45	   5366.81
	   1413.75	    100007	1.41362e+08	         0	         0	   7533.81	   2182.49	    7274.8	   5328.28
	   1423.75	    100004	1.42362e+08	         0	         0	   7510.69	   2091.44	   7251.92	   5289.68
	   1433.75	    100002	1.43362e+08	         0	         0	   7486.36	   2002.65	   7227.83	    5251.1
	   1443.75	    100002	1.44362e+08	         0	         0	   7460.93	   1914.39	   7202.64	    5212.1
	   1453.75	    100004	1.45362e+08	         0	         0	    7434.5	   1825.89	   7176.45	   5172.37
	   1463.75	    100003	1.46362e+08	         0	         0	   7406.95	   1736.64	   7149.16	   5131.59
	      1464	    100002	1.46387e+08	         0	         0	   7407.14	    1733.9	   7148.47	   5130.61
	      1465	    100004	1.46487e+08	         0	         0	   7404.35	   1724.78	   7145.76	   5126.46
	      1467	    100000	1.46687e+08	         0	         0	   7398.68	   1706.69	   7140.23	   5118.16
	      1471	    100003	1.47087e+08	         0	         0	   7387.21	   1670.86	   7129.04	   5101.48
	      1479	    100002	1.47887e+08	         0	         0	   7363.55	    1602.8	   7105.96	   5068.52
	      1489	    100003	1.48887e+08	         0	         0	   7333.28	   1521.02	   7076.14	   5027.73
	      1499	    100003	1.49888e+08	         0	         0	   7302.82	   1439.38	   7045.95	   4986.52
	      1509	    100000	1.50888e+08	         0	         0	   7271.49	   1360.26	    7014.9	   4954.21
	      1519	    100002	1.51888e+08	         0	         0	   7239.39	   1261.06	   6983.08	   4912.55
	      1529	    100003	1.52888e+08	         0	         0	   7206.48	   1159.76	   6950.46	    4868.4
	      1539	    100000	1.53888e+08	         0	         0	   7172.76	   1057.43	   6917.05	   4824.39
	      1549	    100001	1.54888e+08	         0	         0	    7138.3	      1000	    6882.9	   4788.24
	      1559	    100001	1.55888e+08	         0	         0	    7103.3	      1000	   6848.21	   4764.54
	      1569	    100001	1.56888e+08	         0	         0	   7067.93	      1000	   6813.16	   4744.59
	      1579	    100001	1.57888e+08	         0	         0	   7032.39	      1000	   6777.94	   4725.79
	      1589	    100001	1.58888e+08	         0	         0	   6996.87	      1000	   6742.73	   4707.32
	      1599	    100001	1.59888e+08	         0	         0	   6961.52	      1000	    6707.7	   4688.98
	      1609	    100001	1.60888e+08	         0	         0	   6926.39	      1000	   6672.89	   4670.69
	      1619	    100000	1.61888e+08	         0	         0	   6892.63	      1000	   6639.41	   4652.46
	      1629	    100001	1.62888e+08	         0	         0	    6858.8	      1000	    6605.9	   4634.42
	      1639	    100000	1.63888e+08	         0	         0	   6825.19	      1000	   6572.62	   4616.43
	      1649	    100000	1.64888e+08	         0	         0	   6791.76	      1000	   6539.53	   4598.51
	      1659	    100000	1.65888e+08	         0	         0	    6760.4	      1000	   6508.43	   4580.73
	      1669	    100001	1.66888e+08	         0	         0	   6728.69	      1000	   6477.06	    4563.1
	      1679	    100001	1.67888e+08	         0	         0	   6696.92	      1000	   6445.62	   4545.64
	      1689	    100001	1.68888e+08	         0	         0	   6665.22	      1000	   6414.26	   4528.33
	      1699	    100001	1.69888e+08	         0	         0	   6633.77	      1000	   6383.14	   4511.26
	      1709	    100002	1.70888e+08	         0	         0	   6602.54	      1000	   6352.25	   4494.37
	      1719	    100002	1.71888e+08	         0	         0	   6571.58	      1000	   6321.63	   4478.34
	      1729	    100002	1.72888e+08	         0	         0	   6540.93	      1000	   6291.32	   4462.01
	      1739	    100002	1.73888e+08	         0	         0	    6510.6	      1000	   6261.33	   4445.68
	      1749	    100002	1.74888e+08	         0	         0	   6480.63	      1000	   6231.69	   4429.46
	      1759	    100001	1.75888e+08	         0	         0	   6450.97	      1000	   6202.37	   4413.44
	      1769	    100002	1.76888e+08	         0	         0	   6423.06	      1000	   6174.76	   4397.64
	      1779	    100002	1.77888e+08	         0	         0	   6394.88	      1000	   6146.92	   4382.06
	      1789	    100002	1.78888e+08	         0	         0	   6366.74	      1000	   6119.13	   4366.67
	      1799	    100003	1.79888e+08	         0	         0	   6338.69	      1000	   6091.42	   4351.45
	      1809	    100002	1.80888e+08	         0	         0	   6310.73	      1000	   6063.81	   4336.75
	      1819	    100004	1.81888e+08	         0	         0	   6283.27	      1000	   6036.67	   4322.02
	      1829	   99998.9	1.82888e+08	         0	         0	   6255.78	      1000	   6009.55	   4307.41
	   1829.25	    100000	1.82913e+08	         0	         0	   6255.82	      1000	   6008.86	   4307.04
	   1830.25	   99999.2	1.83013e+08	         0	         0	   6253.05	      1000	   6006.18	   4305.57
	   1832.25	    100000	1.83213e+08	         0	         0	   6247.52	      1000	    6000.8	   4302.65
	   1836.25	    100002	1.83613e+08	         0	         0	   6236.58	      1000	   5990.14	   4296.84
	   1844.25	   99999.4	1.84413e+08	         0	         0	   6214.71	      1000	   5968.85	   4285.35
	   1854.25	   99998.9	1.85413e+08	         0	         0	    6187.9	      1000	   5942.53	   4271.37
	   1864.25	   99999.5	1.86413e+08	         0	         0	   6161.61	      1000	   5916.58	   4257.45
	   1874.25	   99999.7	1.87413e+08	         0	         0	   6135.64	      1000	   5890.94	   4243.61
	   1884.25	    100000	1.88413e+08	         0	         0	   6109.94	      1000	   5865.58	   4229.44
	   1894.25	    100001	1.89413e+08	         0	         0	   6084.55	      1000	   5840.52	   4215.49
	   1904.25	   99999.8	1.90413e+08	         0	         0	    6059.9	      1000	    5816.2	   4201.42
	   1914.25	    100001	1.91413e+08	         0	         0	   6035.43	      1000	   5792.06	   4187.44
	   1924.25	   99998.8	1.92413e+08	         0	         0	   6011.07	      1000	   5768.05	   4173.54
	   1934.25	    100000	1.93413e+08	         0	         0	   5987.02	      1000	   5744.32	   4159.75
	   1944.25	   99999.6	1.94413e+08	         0	         0	   5963.08	      1000	   5720.72	   4146.27
	   1954.25	   99999.8	1.95413e+08	         0	         0	   5940.36	      1000	   5698.29	   4133.17
	   1964.25	    100000	1.96413e+08	         0	         0	   5917.64	      1000	    5675.9	   4120.27
	   1974.25	    100001	1.97413e+08	         0	         0	   5895.14	      1000	   5653.73	   4107.41
	   1984.25	    100000	1.98413e+08	         0	         0	    5872.8	      1000	   5631.71	    4094.6
	   1994.25	    100000	1.99413e+08	         0	         0	   5850.61	      1000	   5609.84	   4081.88
	   2004.25	    100000	2.00413e+08	         0	         0	   5828.62	      1000	   5588.18	   4069.54
	   2014.25	    100001	2.01413e+08	         0	         0	    5806.9	      1000	   5566.77	   4057.32
	   2024.25	    100000	2.02413e+08	         0	         0	   5785.46	      1000	   5545.64	   4045.69
	   2034.25	    100001	2.03413e+08	         0	         0	   5764.29	      1000	   5524.79	   4033.91
	   2044.25	    100000	2.04413e+08	         0	         0	   5743.43	      1000	   5504.24	   4022.43
	   2054.25	    100000	2.05413e+08	         0	         0	   5722.86	      1000	   5483.98	   4011.01
	   2064.25	   99999.9	2.06413e+08	         0	         0	   5703.01	      1000	   5464.42	   4000.95
	   2074.25	    100000	2.07413e+08	         0	         0	   5683.47	      1000	   5445.18	   3990.78
	   2084.25	    100000	2.08413e+08	         0	         0	   5664.32	      1000	   5426.32	   3981.19
	   2094.25	    100000	2.09413e+08	         0	         0	   5645.34	      1000	   5407.63	   3971.28
	   2104.25	    100000	2.10413e+08	         0	         0	   5626.67	      1000	   5389.26	   3961.51
	   2114.25	   99998.8	2.11413e+08	         0	         0	   5609.33	      1000	   5372.16	   3951.96
	   2124.25	    100000	2.12413e+08	         0	         0	    5592.5	      1000	    5355.6	   3942.66
	   2134.25	    100000	2.13413e+08	         0	         0	   5575.91	      1000	   5339.27	   3933.59
	   2144.25	    100001	2.14413e+08	         0	         0	   5559.63	      1000	   5323.25	      3925
	   2154.25	    100000	2.15413e+08	         0	         0	    5543.6	      1000	   5307.48	   3916.49
	   2164.25	    100001	2.16413e+08	         0	         0	    5528.1	      1000	   5292.22	   3908.09
	   2174.25	    100001	2.17413e+08	         0	         0	   5512.85	      1000	   5277.23	   3899.75
	   2184.25	    100001	2.18413e+08	         0	         0	   5497.74	      1000	   5262.36	   3891.47
	   2194.25	    100001	2.19413e+08	         0	         0	   5483.06	      1000	   5247.92	    3883.3
	    2194.5	   99995.8	2.19438e+08	         0	         0	   5483.01	      1000	   5247.55	   3883.09
	    2195.5	   99997.4	2.19538e+08	         0	         0	   5481.53	      1000	   5246.12	   3882.28
	    2197.5	    100001	2.19738e+08	         0	         0	   5478.61	      1000	   5243.27	   3880.65
	    2201.5	   99999.7	2.20138e+08	         0	         0	    5472.7	      1000	   5237.53	   3877.43
	    2209.5	    100002	2.20938e+08	         0	         0	   5461.03	      1000	   5226.19	   3871.09
	    2219.5	    100000	2.21938e+08	         0	         0	   5446.72	      1000	   5212.19	   3863.27
	    2229.5	    100000	2.22938e+08	         0	         0	   5432.64	      1000	   5198.35	   3855.55
	    2239.5	    100002	2.23938e+08	         0	         0	   5419.05	      1000	   5184.98	   3847.91
	    2249.5	    100002	2.24938e+08	         0	         0	   5405.41	      1000	   5171.58	   3840.38
	    2259.5	    100002	2.25938e+08	         0	         0	   5392.04	      1000	   5158.43	   3832.98
	    2269.5	    100000	2.26938e+08	         0	         0	   5379.21	      1000	   5145.82	   3825.88
	    2279.5	   99999.5	2.27938e+08	         0	         0	    5367.1	      1000	   5133.91	   3818.81
	    2289.5	    100003	2.28938e+08	         0	         0	   5355.22	      1000	   5122.23	   3811.95
	    2299.5	    100003	2.29938e+08	         0	         0	    5343.5	      1000	   5110.71	   3805.31
	    2309.5	    100000	2.30938e+08	         0	         0	    5332.7	      1000	   5100.09	   3798.86
	    2319.5	    100001	2.31938e+08	         0	         0	    5321.5	      1000	    5089.1	   3792.63
	    2329.5	    100000	2.32938e+08	         0	         0	   5310.31	      1000	   5078.12	   3786.56
	    2339.5	    100003	2.33938e+08	         0	         0	   5299.13	      1000	   5067.13	   3780.61
	    2349.5	    100003	2.34938e+08	         0	         0	    5289.5	      1000	   5057.65	   3774.84
	    2359.5	    100000	2.35938e+08	         0	         0	   5278.59	      1000	   5046.97	   3769.17
	    2369.5	    100001	2.36938e+08	         0	         0	   5267.76	      1000	   5036.33	   3763.59
	    2379.5	    100001	2.37938e+08	         0	         0	   5256.95	      1000	   5025.72	   3758.08
	    2389.5	    100003	2.38938e+08	         0	         0	   5246.57	      1000	   5015.53	   3752.69
	    2399.5	    100067	2.39939e+08	         0	         0	   5236.07	      1000	   5005.23	   3747.37
	    2409.5	    100001	2.40939e+08	         0	         0	   5227.42	      1000	    4996.4	   3742.15
	    2419.5	    100003	2.41939e+08	         0	         0	   5217.61	      1000	    4986.5	   3737.01
	    2429.5	    100001	2.42939e+08	         0	         0	   5207.82	      1000	   4976.57	   3731.94
	    2439.5	    100001	2.43939e+08	         0	         0	   5198.13	      1000	   4966.73	   3726.92
	    2449.5	    100001	2.44939e+08	         0	         0	   5188.45	      1000	   4956.91	   3722.07
	    2459.5	    100001	2.45939e+08	         0	         0	    5178.8	      1000	   4947.13	   3717.32
	    2469.5	    100001	2.46939e+08	         0	         0	   5169.21	      1000	    4937.4	    3712.6
	    2479.5	    100001	2.47939e+08	         0	         0	   5159.62	      1000	   4927.68	   3707.88
	    2489.5	    100004	2.48939e+08	         0	         0	   5150.06	      1000	   4917.97	   3703.46
	    2499.5	    100001	2.49939e+08	         0	         0	   5140.56	      1000	   4908.35	    3698.7
	    2509.5	    100000	2.50939e+08	         0	         0	   5131.15	      1000	   4898.81	   3693.97
	    2519.5	   99999.9	2.51939e+08	         0	         0	   5122.21	      1000	   4889.73	   3689.16
	    2529.5	    100000	2.52939e+08	         0	         0	   5113.39	      1000	   4880.79	   3684.38
	    2539.5	    100000	2.53939e+08	         0	         0	   5104.59	      1000	   4871.87	   3679.68
	    2549.5	    100001	2.54939e+08	         0	         0	   5095.82	      1000	      4863	   3675.04
	    2559.5	    100000	2.55939e+08	         0	         0	   5087.13	      1000	   4854.19	   3670.42
	   2559.75	    100001	2.55964e+08	         0	         0	   5087.39	      1000	   4853.96	   3670.31
	   2560.75	     99996	2.56064e+08	         0	         0	   5086.48	      1000	   4853.09	   3669.85
	   2562.75	   99995.4	2.56264e+08	         0	         0	    5084.7	      1000	   4851.34	   3668.94
	   2566.75	    100001	2.56664e+08	         0	         0	   5081.14	      1000	   4847.83	   3667.12
	   2574.75	    100000	2.57464e+08	         0	         0	   5074.05	      1000	   4840.84	   3663.44
	   2584.75	    100000	2.58464e+08	         0	         0	   5065.35	      1000	   4832.14	    3658.8
	   2594.75	    100001	2.59464e+08	         0	         0	   5056.79	      1000	   4823.47	   3654.15
	   2604.75	    100000	2.60464e+08	         0	         0	   5048.26	      1000	   4814.84	   3649.51
	   2614.75	    100000	2.61464e+08	         0	         0	   5039.97	      1000	   4806.45	   3644.97
	   2624.75	   99999.9	2.62464e+08	         0	         0	   5031.73	      1000	   4798.11	   3640.39
	   2634.75	   99999.9	2.63464e+08	         0	         0	    5023.5	      1000	   4789.79	   3635.83
	   2644.75	   99999.8	2.64464e+08	         0	         0	   5015.31	      1000	    4781.5	    3631.3
	   2654.75	   99999.9	2.65464e+08	         0	         0	   5007.16	      1000	   4773.25	   3626.78
	   2664.75	   99999.9	2.66464e+08	         0	         0	   4999.04	      1000	   4765.04	   3622.29
	   2674.75	   99999.8	2.67464e+08	         0	         0	   4990.96	      1000	   4756.87	   3617.82
	   2684.75	    100001	2.68464e+08	         0	         0	   4982.94	      1000	   4748.75	   3613.49
	   2694.75	    100001	2.69464e+08	         0	         0	   4974.95	      1000	   4740.67	   3609.14
	   2704.75	    100001	2.70464e+08	         0	         0	   4966.99	      1000	   4732.63	   3604.81
	   2714.75	    100001	2.71464e+08	         0	         0	   4959.09	      1000	   4724.63	   3600.61
	   2724.75	    100001	2.72464e+08	         0	         0	   4951.21	      1000	   4716.67	   3596.31
	   2734.75	    100001	2.73464e+08	         0	         0	   4943.38	      1000	   4708.74	   3592.02
	   2744.75	    100001	2.74464e+08	         0	         0	   4935.59	      1000	   4700.87	   3587.72
	   2754.75	    100000	2.75464e+08	         0	         0	   4927.89	      1000	   4693.07	   3583.41
	   2764.75	    100000	2.76464e+08	         0	         0	   4920.29	      1000	   4685.39	   3579.08
	   2774.75	    100000	2.77464e+08	         0	         0	   4912.74	      1000	   4677.76	   3574.72
	   2784.75	    100000	2.78464e+08	         0	         0	   4905.35	      1000	   4670.27	   3570.42
	   2794.75	    100000	2.79464e+08	         0	         0	      4898	      1000	   4662.83	   3566.16
	   2804.75	    100000	2.80464e+08	         0	         0	   4890.68	      1000	   4655.43	   3561.98
	   2814.75	    100000	2.81464e+08	         0	         0	    4883.4	      1000	   4648.07	      3558
	   2824.75	   99999.9	2.82464e+08	         0	         0	   4876.19	      1000	   4640.77	   3554.59
	   2834.75	    100000	2.83464e+08	         0	         0	   4869.04	      1000	   4633.54	   3550.76
	   2844.75	    100000	2.84464e+08	         0	         0	   4861.93	      1000	   4626.36	   3546.78
	   2854.75	    100000	2.85464e+08	         0	         0	   4854.86	      1000	    4619.2	    3542.7
	   2864.75	    100000	2.86464e+08	         0	         0	   4847.88	      1000	   4612.14	   3538.61
	   2874.75	    100000	2.87464e+08	         0	         0	   4841.05	      1000	   4605.23	   3534.57
	   2884.75	    100000	2.88464e+08	         0	         0	   4834.29	      1000	   4598.38	   3530.54
	   2894.75	   99999.9	2.89464e+08	         0	         0	   4827.55	      1000	   4591.57	   3526.51
	   2904.75	    100000	2.90464e+08	         0	         0	   4820.93	      1000	   4584.87	   3522.68
	   2914.75	    100000	2.91464e+08	         0	         0	   4814.38	      1000	   4578.24	   3518.75
	   2924.75	    100000	2.92464e+08	         0	         0	   4807.97	      1000	   4571.75	   3514.81
	      2925	    100001	2.92489e+08	         0	         0	   4808.15	      1000	   4571.59	   3514.71
	      2926	    100000	2.92589e+08	         0	         0	   4807.49	      1000	   4570.95	   3514.31
	      2928	    100000	2.92789e+08	         0	         0	   4806.18	      1000	   4569.66	   3513.52
	      2932	   99999.9	2.93189e+08	         0	         0	   4803.59	      1000	   4567.11	   3511.96
	      2940	   99999.7	2.93989e+08	         0	         0	   4798.48	      1000	   4562.08	   3508.85
	      2950	    100000	2.94989e+08	         0	         0	   4792.29	      1000	   4555.88	   3505.02
	      2960	    100000	2.95989e+08	         0	         0	   4786.17	      1000	   4549.69	   3501.23
	      2970	    100000	2.96989e+08	         0	         0	   4780.03	      1000	   4543.49	   3497.48
	      2980	   99999.8	2.97989e+08	         0	         0	   4773.96	      1000	   4537.36	   3493.79
	      2990	   99999.8	2.98989e+08	         0	         0	   4767.92	      1000	   4531.25	   3490.14
	      3000	    100000	2.99989e+08	         0	         0	    4761.9	      1000	   4525.16	   3486.58
	      3010	   99999.9	3.00989e+08	         0	         0	   4755.91	      1000	   4519.11	   3483.06
	      3020	    100001	3.01989e+08	         0	         0	   4749.97	      1000	   4513.11	   3479.59
	      3030	    100002	3.02989e+08	         0	         0	   4744.15	      1000	   4507.22	   3476.14
	      3040	    100000	3.03989e+08	         0	         0	    4738.2	      1000	   4501.22	   3472.65
	      3050	    100000	3.04989e+08	         0	         0	    4732.3	      1000	   4495.26	   3469.18
	      3060	   99999.7	3.05989e+08	         0	         0	   4726.38	      1000	   4489.28	   3465.81
	      3070	    100000	3.06989e+08	         0	         0	   4720.54	      1000	   4483.39	   3462.41
	      3080	    100001	3.07989e+08	         0	         0	   4714.75	      1000	   4477.54	   3459.02
	      3090	    100001	3.08989e+08	         0	         0	   4709.01	      1000	   4471.73	   3455.67
	      3100	    100001	3.09989e+08	         0	         0	   4703.31	      1000	   4465.98	   3452.35
	      3110	    100001	3.10989e+08	         0	         0	   4697.63	      1000	   4460.24	   3449.09
	      3120	    100000	3.11989e+08	         0	         0	   4691.94	      1000	    4454.5	   3445.88
	      3130	   99999.9	3.12989e+08	         0	         0	   4686.26	      1000	   4448.77	   3442.73
	      3140	   99999.9	3.13989e+08	         0	         0	   4680.59	      1000	   4443.05	   3439.66
	      3150	   99999.9	3.14989e+08	         0	         0	   4674.91	      1000	   4437.32	    3436.6
	      3160	   99999.8	3.15989e+08	         0	         0	   4669.25	      1000	   4431.61	   3433.59
	      3170	   99999.9	3.16989e+08	         0	         0	   4663.62	      1000	   4425.93	   3430.63
	      3180	   99999.8	3.17989e+08	         0	         0	   4658.01	      1000	   4420.27	   3427.67
	      3190	   99999.9	3.18989e+08	         0	         0	   4652.43	      1000	   4414.64	   3424.77
	      3200	   99999.9	3.19989e+08	         0	         0	   4646.87	      1000	   4409.03	   3421.85
	      3210	   99999.9	3.20989e+08	         0	         0	   4641.32	      1000	   4403.43	   3419.08
	      3220	   99999.9	3.21989e+08	         0	         0	   4635.78	      1000	   4397.85	   3416.32
	      3230	   99999.9	3.22989e+08	         0	         0	   4630.27	      1000	   4392.29	   3413.55
	      3240	   99999.9	3.23989e+08	         0	         0	   4624.78	      1000	   4386.76	    3410.8
	      3250	   99999.9	3.24989e+08	         0	         0	   4619.33	      1000	   4381.26	   3408.03
	      3260	   99999.9	3.25989e+08	         0	         0	   4613.97	      1000	   4375.85	   3405.25
	      3270	   99999.8	3.26989e+08	         0	         0	    4608.6	      1000	   4370.44	   3402.47
	      3280	   99999.9	3.27989e+08	         0	         0	   4603.26	      1000	   4365.06	   3399.68
	      3290	   99999.9	3.28989e+08	         0	         0	   4597.95	      1000	   4359.71	   3396.92
	   3290.25	    100001	3.29014e+08	         0	         0	   4598.09	      1000	   4359.57	   3396.85
	   3291.25	   99998.7	3.29114e+08	         0	         0	   4597.52	      1000	   4359.03	   3396.57
	   3293.25	   99994.3	3.29314e+08	         0	         0	   4596.41	      1000	   4357.94	   3396.03
	   3297.25	   99999.8	3.29714e+08	         0	         0	   4594.29	      1000	   4355.85	   3394.95
	   3305.25	   99999.8	3.30514e+08	         0	         0	   4590.04	      1000	   4351.68	   3392.82
	   3315.25	   99999.8	3.31514e+08	         0	         0	   4584.86	      1000	   4346.51	   3390.14
	   3325.25	   99999.9	3.32514e+08	         0	         0	   4579.82	      1000	   4341.42	   3387.48
	   3335.25	   99999.8	3.33514e+08	         0	         0	   4574.81	      1000	   4336.37	   3384.84
	   3345.25	   99999.8	3.34514e+08	         0	         0	   4569.82	      1000	   4331.34	    3382.2
	   3355.25	   99999.8	3.35514e+08	         0	         0	   4564.84	      1000	   4326.33	   3379.55
	   3365.25	   99999.9	3.36514e+08	         0	         0	   4559.88	      1000	   4321.34	   3376.92
	   3375.25	   99999.9	3.37514e+08	         0	         0	   4554.98	      1000	    4316.4	   3374.33
	   3385.25	   99999.7	3.38514e+08	         0	         0	   4550.12	      1000	    4311.5	   3371.78
	   3395.25	   99999.8	3.39514e+08	         0	         0	   4545.32	      1000	   4306.66	   3369.23
	   3405.25	   99999.7	3.40514e+08	         0	         0	   4540.56	      1000	   4301.87	   3366.71
	   3415.25	   99999.9	3.41514e+08	         0	         0	   4535.91	      1000	   4297.18	   3364.21
	   3425.25	   99999.7	3.42514e+08	         0	         0	   4531.31	      1000	   4292.55	   3361.74
	   3435.25	   99999.7	3.43514e+08	         0	         0	   4526.74	      1000	   4287.95	   3359.29
	   3445.25	    100000	3.44514e+08	         0	         0	   4522.26	      1000	   4283.43	   3356.89
	   3455.25	   99999.5	3.45514e+08	         0	         0	   4517.82	      1000	   4278.96	   3354.55
	   3465.25	   99999.5	3.46514e+08	         0	         0	   4513.41	      1000	   4274.53	   3352.25
	   3475.25	   99999.6	3.47514e+08	         0	         0	   4509.07	      1000	   4270.15	   3349.98
	   3485.25	   99999.6	3.48514e+08	         0	         0	   4504.78	      1000	   4265.83	   3347.74
	   3495.25	   99999.6	3.49514e+08	         0	         0	   4500.52	      1000	   4261.55	   3345.52
	   3505.25	   99999.5	3.50514e+08	         0	         0	   4496.31	      1000	   4257.31	   3343.33
	   3515.25	    100000	3.51514e+08	         0	         0	   4492.16	      1000	   4253.13	   3341.16
	   3525.25	   99999.6	3.52514e+08	         0	         0	   4488.02	      1000	   4248.97	   3339.01
	   3535.25	   99999.7	3.53514e+08	         0	         0	    4483.9	      1000	   4244.82	   3336.86
	   3545.25	   99999.6	3.54514e+08	         0	         0	   4479.78	      1000	   4240.67	   3334.72
	   3555.25	   99999.5	3.55514e+08	         0	         0	   4475.67	      1000	   4236.54	   3332.57
	   3565.25	   99999.6	3.56514e+08	         0	         0	   4471.57	      1000	   4232.42	   3330.43
	   3575.25	    100000	3.57514e+08	         0	         0	    4467.5	      1000	   4228.32	   3328.09
	   3585.25	    100000	3.58514e+08	         0	         0	   4463.44	      1000	   4224.23	   3325.82
	   3595.25	    100000	3.59514e+08	         0	         0	   4459.38	      1000	   4220.15	    3323.6
	   3605.25	    100000	3.60514e+08	         0	         0	   4455.33	      1000	   4216.08	   3321.41
	   3615.25	   99999.9	3.61514e+08	         0	         0	   4451.28	      1000	   4212.01	   3319.18
	   3625.25	   99999.9	3.62514e+08	         0	         0	   4447.25	      1000	   4207.96	   3316.97
	   3635.25	    100000	3.63514e+08	         0	         0	   4443.28	      1000	   4203.96	   3314.78
	   3645.25	   99999.9	3.64514e+08	         0	         0	   4439.32	      1000	   4199.98	   3312.61
	   3655.25	   99999.8	3.65514e+08	         0	         0	   4435.36	      1000	      4196	   3310.44
	    3655.5	    100001	3.65539e+08	         0	         0	   4435.45	      1000	    4195.9	   3310.39
